2021-10-04 02:00:12:300  INFO restartedMain c.k.b.BlogApiApplication:55 - Starting BlogApiApplication using Java 1.8.0_271 on KyeongjinKim with PID 14264 (C:\java_project\blog-api\target\classes started by KimKyeongJin in C:\java_project\blog-api)
2021-10-04 02:00:12:302 DEBUG restartedMain c.k.b.BlogApiApplication:56 - Running with Spring Boot v2.5.4, Spring v5.3.9
2021-10-04 02:00:12:303  INFO restartedMain c.k.b.BlogApiApplication:659 - No active profile set, falling back to default profiles: default
2021-10-04 02:00:12:336  INFO restartedMain o.s.b.d.e.DevToolsPropertyDefaultsPostProcessor:255 - Devtools property defaults active! Set 'spring.devtools.add-properties' to 'false' to disable
2021-10-04 02:00:12:339  INFO restartedMain o.s.b.d.e.DevToolsPropertyDefaultsPostProcessor:255 - For additional web related logging consider setting the 'logging.level.web' property to 'DEBUG'
2021-10-04 02:00:12:819  INFO restartedMain o.s.d.r.c.RepositoryConfigurationDelegate:132 - Bootstrapping Spring Data JPA repositories in DEFAULT mode.
2021-10-04 02:00:12:868  INFO restartedMain o.s.d.r.c.RepositoryConfigurationDelegate:201 - Finished Spring Data repository scanning in 41 ms. Found 2 JPA repository interfaces.
2021-10-04 02:00:13:273  INFO restartedMain o.s.b.w.e.t.TomcatWebServer:108 - Tomcat initialized with port(s): 8080 (http)
2021-10-04 02:00:13:288  INFO restartedMain o.a.c.c.StandardService:173 - Starting service [Tomcat]
2021-10-04 02:00:13:289  INFO restartedMain o.a.c.c.StandardEngine:173 - Starting Servlet engine: [Apache Tomcat/9.0.52]
2021-10-04 02:00:13:355  INFO restartedMain o.a.c.c.C.[.[.[/]:173 - Initializing Spring embedded WebApplicationContext
2021-10-04 02:00:13:355  INFO restartedMain o.s.b.w.s.c.ServletWebServerApplicationContext:290 - Root WebApplicationContext: initialization completed in 1016 ms
2021-10-04 02:00:13:380  INFO restartedMain c.z.h.HikariDataSource:110 - HikariPool-1 - Starting...
2021-10-04 02:00:13:466  INFO restartedMain c.z.h.HikariDataSource:123 - HikariPool-1 - Start completed.
2021-10-04 02:00:13:471  INFO restartedMain o.s.b.a.h.H2ConsoleAutoConfiguration:68 - H2 console available at '/h2-console'. Database available at 'jdbc:h2:mem:bc6a40c4-8e2d-4c7c-9e2a-da6ee698d357'
2021-10-04 02:00:13:585  INFO restartedMain o.h.j.i.u.LogHelper:31 - HHH000204: Processing PersistenceUnitInfo [name: default]
2021-10-04 02:00:13:698  INFO restartedMain o.h.Version:44 - HHH000412: Hibernate ORM core version 5.4.32.Final
2021-10-04 02:00:13:790  INFO restartedMain o.h.a.c.Version:56 - HCANN000001: Hibernate Commons Annotations {5.1.2.Final}
2021-10-04 02:00:13:874  INFO restartedMain o.h.d.Dialect:175 - HHH000400: Using dialect: org.hibernate.dialect.H2Dialect
2021-10-04 02:00:14:289  INFO restartedMain o.h.e.t.j.p.i.JtaPlatformInitiator:52 - HHH000490: Using JtaPlatform implementation: [org.hibernate.engine.transaction.jta.platform.internal.NoJtaPlatform]
2021-10-04 02:00:14:297  INFO restartedMain o.s.o.j.LocalContainerEntityManagerFactoryBean:437 - Initialized JPA EntityManagerFactory for persistence unit 'default'
2021-10-04 02:00:14:574  WARN restartedMain o.s.b.a.o.j.JpaBaseConfiguration$JpaWebConfiguration:219 - spring.jpa.open-in-view is enabled by default. Therefore, database queries may be performed during view rendering. Explicitly configure spring.jpa.open-in-view to disable this warning
2021-10-04 02:00:14:809  INFO restartedMain o.s.b.d.a.OptionalLiveReloadServer:58 - LiveReload server is running on port 35729
2021-10-04 02:00:14:834  INFO restartedMain o.s.b.w.e.t.TomcatWebServer:220 - Tomcat started on port(s): 8080 (http) with context path ''
2021-10-04 02:00:14:842  INFO restartedMain c.k.b.BlogApiApplication:61 - Started BlogApiApplication in 2.894 seconds (JVM running for 3.714)
2021-10-04 02:00:16:092  INFO RMI TCP Connection(2)-127.0.0.1 o.s.b.a.SpringApplicationAdminMXBeanRegistrar$SpringApplicationAdmin:159 - Application shutdown requested.
2021-10-04 02:00:16:448  INFO RMI TCP Connection(2)-127.0.0.1 o.s.o.j.LocalContainerEntityManagerFactoryBean:651 - Closing JPA EntityManagerFactory for persistence unit 'default'
2021-10-04 02:00:16:449  INFO RMI TCP Connection(2)-127.0.0.1 o.h.t.s.i.SchemaDropperImpl$DelayedDropActionImpl:526 - HHH000477: Starting delayed evictData of schema as part of SessionFactory shut-down'
2021-10-04 02:00:16:668  WARN RMI TCP Connection(2)-127.0.0.1 o.s.b.f.s.DisposableBeanAdapter:209 - Invocation of destroy method failed on bean with name 'inMemoryDatabaseShutdownExecutor': org.h2.jdbc.JdbcSQLNonTransientConnectionException: Database is already closed (to disable automatic closing at VM shutdown, add ";DB_CLOSE_ON_EXIT=FALSE" to the db URL) [90121-200]
2021-10-04 02:00:16:669  INFO RMI TCP Connection(2)-127.0.0.1 c.z.h.HikariDataSource:350 - HikariPool-1 - Shutdown initiated...
2021-10-04 02:00:16:671  INFO RMI TCP Connection(2)-127.0.0.1 c.z.h.HikariDataSource:352 - HikariPool-1 - Shutdown completed.
2021-10-04 02:00:24:804  INFO restartedMain c.k.b.BlogApiApplication:55 - Starting BlogApiApplication using Java 1.8.0_271 on KyeongjinKim with PID 18596 (C:\java_project\blog-api\target\classes started by KimKyeongJin in C:\java_project\blog-api)
2021-10-04 02:00:24:808 DEBUG restartedMain c.k.b.BlogApiApplication:56 - Running with Spring Boot v2.5.4, Spring v5.3.9
2021-10-04 02:00:24:808  INFO restartedMain c.k.b.BlogApiApplication:659 - No active profile set, falling back to default profiles: default
2021-10-04 02:00:24:844  INFO restartedMain o.s.b.d.e.DevToolsPropertyDefaultsPostProcessor:255 - Devtools property defaults active! Set 'spring.devtools.add-properties' to 'false' to disable
2021-10-04 02:00:24:845  INFO restartedMain o.s.b.d.e.DevToolsPropertyDefaultsPostProcessor:255 - For additional web related logging consider setting the 'logging.level.web' property to 'DEBUG'
2021-10-04 02:00:25:317  INFO restartedMain o.s.d.r.c.RepositoryConfigurationDelegate:132 - Bootstrapping Spring Data JPA repositories in DEFAULT mode.
2021-10-04 02:00:25:368  INFO restartedMain o.s.d.r.c.RepositoryConfigurationDelegate:201 - Finished Spring Data repository scanning in 44 ms. Found 2 JPA repository interfaces.
2021-10-04 02:00:25:758  INFO restartedMain o.s.b.w.e.t.TomcatWebServer:108 - Tomcat initialized with port(s): 8080 (http)
2021-10-04 02:00:25:765  INFO restartedMain o.a.c.c.StandardService:173 - Starting service [Tomcat]
2021-10-04 02:00:25:766  INFO restartedMain o.a.c.c.StandardEngine:173 - Starting Servlet engine: [Apache Tomcat/9.0.52]
2021-10-04 02:00:25:841  INFO restartedMain o.a.c.c.C.[.[.[/]:173 - Initializing Spring embedded WebApplicationContext
2021-10-04 02:00:25:842  INFO restartedMain o.s.b.w.s.c.ServletWebServerApplicationContext:290 - Root WebApplicationContext: initialization completed in 996 ms
2021-10-04 02:00:25:866  INFO restartedMain c.z.h.HikariDataSource:110 - HikariPool-1 - Starting...
2021-10-04 02:00:25:951  INFO restartedMain c.z.h.HikariDataSource:123 - HikariPool-1 - Start completed.
2021-10-04 02:00:25:957  INFO restartedMain o.s.b.a.h.H2ConsoleAutoConfiguration:68 - H2 console available at '/h2-console'. Database available at 'jdbc:h2:mem:028e7049-144d-4e5f-a31e-a11819c056a5'
2021-10-04 02:00:26:068  INFO restartedMain o.h.j.i.u.LogHelper:31 - HHH000204: Processing PersistenceUnitInfo [name: default]
2021-10-04 02:00:26:174  INFO restartedMain o.h.Version:44 - HHH000412: Hibernate ORM core version 5.4.32.Final
2021-10-04 02:00:26:263  INFO restartedMain o.h.a.c.Version:56 - HCANN000001: Hibernate Commons Annotations {5.1.2.Final}
2021-10-04 02:00:26:345  INFO restartedMain o.h.d.Dialect:175 - HHH000400: Using dialect: org.hibernate.dialect.H2Dialect
2021-10-04 02:00:26:748  INFO restartedMain o.h.e.t.j.p.i.JtaPlatformInitiator:52 - HHH000490: Using JtaPlatform implementation: [org.hibernate.engine.transaction.jta.platform.internal.NoJtaPlatform]
2021-10-04 02:00:26:756  INFO restartedMain o.s.o.j.LocalContainerEntityManagerFactoryBean:437 - Initialized JPA EntityManagerFactory for persistence unit 'default'
2021-10-04 02:00:27:033  WARN restartedMain o.s.b.a.o.j.JpaBaseConfiguration$JpaWebConfiguration:219 - spring.jpa.open-in-view is enabled by default. Therefore, database queries may be performed during view rendering. Explicitly configure spring.jpa.open-in-view to disable this warning
2021-10-04 02:00:27:267  INFO restartedMain o.s.b.d.a.OptionalLiveReloadServer:58 - LiveReload server is running on port 35729
2021-10-04 02:00:27:291  INFO restartedMain o.s.b.w.e.t.TomcatWebServer:220 - Tomcat started on port(s): 8080 (http) with context path ''
2021-10-04 02:00:27:300  INFO restartedMain c.k.b.BlogApiApplication:61 - Started BlogApiApplication in 2.824 seconds (JVM running for 3.645)
2021-10-04 02:00:28:179  INFO RMI TCP Connection(2)-127.0.0.1 o.s.b.a.SpringApplicationAdminMXBeanRegistrar$SpringApplicationAdmin:159 - Application shutdown requested.
2021-10-04 02:00:28:497  INFO RMI TCP Connection(2)-127.0.0.1 o.s.o.j.LocalContainerEntityManagerFactoryBean:651 - Closing JPA EntityManagerFactory for persistence unit 'default'
2021-10-04 02:00:28:497  INFO RMI TCP Connection(2)-127.0.0.1 o.h.t.s.i.SchemaDropperImpl$DelayedDropActionImpl:526 - HHH000477: Starting delayed evictData of schema as part of SessionFactory shut-down'
2021-10-04 02:00:28:715  WARN RMI TCP Connection(2)-127.0.0.1 o.s.b.f.s.DisposableBeanAdapter:209 - Invocation of destroy method failed on bean with name 'inMemoryDatabaseShutdownExecutor': org.h2.jdbc.JdbcSQLNonTransientConnectionException: Database is already closed (to disable automatic closing at VM shutdown, add ";DB_CLOSE_ON_EXIT=FALSE" to the db URL) [90121-200]
2021-10-04 02:00:28:715  INFO RMI TCP Connection(2)-127.0.0.1 c.z.h.HikariDataSource:350 - HikariPool-1 - Shutdown initiated...
2021-10-04 02:00:28:717  INFO RMI TCP Connection(2)-127.0.0.1 c.z.h.HikariDataSource:352 - HikariPool-1 - Shutdown completed.
2021-10-04 02:00:36:766  INFO restartedMain c.k.b.BlogApiApplication:55 - Starting BlogApiApplication using Java 1.8.0_271 on KyeongjinKim with PID 9068 (C:\java_project\blog-api\target\classes started by KimKyeongJin in C:\java_project\blog-api)
2021-10-04 02:00:36:769 DEBUG restartedMain c.k.b.BlogApiApplication:56 - Running with Spring Boot v2.5.4, Spring v5.3.9
2021-10-04 02:00:36:770  INFO restartedMain c.k.b.BlogApiApplication:659 - No active profile set, falling back to default profiles: default
2021-10-04 02:00:36:807  INFO restartedMain o.s.b.d.e.DevToolsPropertyDefaultsPostProcessor:255 - Devtools property defaults active! Set 'spring.devtools.add-properties' to 'false' to disable
2021-10-04 02:00:36:808  INFO restartedMain o.s.b.d.e.DevToolsPropertyDefaultsPostProcessor:255 - For additional web related logging consider setting the 'logging.level.web' property to 'DEBUG'
2021-10-04 02:00:37:280  INFO restartedMain o.s.d.r.c.RepositoryConfigurationDelegate:132 - Bootstrapping Spring Data JPA repositories in DEFAULT mode.
2021-10-04 02:00:37:327  INFO restartedMain o.s.d.r.c.RepositoryConfigurationDelegate:201 - Finished Spring Data repository scanning in 41 ms. Found 2 JPA repository interfaces.
2021-10-04 02:00:37:721  INFO restartedMain o.s.b.w.e.t.TomcatWebServer:108 - Tomcat initialized with port(s): 9944 (http)
2021-10-04 02:00:37:728  INFO restartedMain o.a.c.c.StandardService:173 - Starting service [Tomcat]
2021-10-04 02:00:37:729  INFO restartedMain o.a.c.c.StandardEngine:173 - Starting Servlet engine: [Apache Tomcat/9.0.52]
2021-10-04 02:00:37:805  INFO restartedMain o.a.c.c.C.[.[.[/]:173 - Initializing Spring embedded WebApplicationContext
2021-10-04 02:00:37:805  INFO restartedMain o.s.b.w.s.c.ServletWebServerApplicationContext:290 - Root WebApplicationContext: initialization completed in 996 ms
2021-10-04 02:00:37:831  INFO restartedMain c.z.h.HikariDataSource:110 - HikariPool-1 - Starting...
2021-10-04 02:00:38:536  INFO restartedMain c.z.h.HikariDataSource:123 - HikariPool-1 - Start completed.
2021-10-04 02:00:38:541  INFO restartedMain o.s.b.a.h.H2ConsoleAutoConfiguration:68 - H2 console available at '/h2-console'. Database available at 'jdbc:mysql://127.0.0.1:3306/krkgj_blog?autoReconnect=true&useUnicode=true&characterEncoding=utf-8&zeroDateTimeBehavior=convertToNull'
2021-10-04 02:00:38:649  INFO restartedMain o.h.j.i.u.LogHelper:31 - HHH000204: Processing PersistenceUnitInfo [name: default]
2021-10-04 02:00:38:686  INFO restartedMain o.h.Version:44 - HHH000412: Hibernate ORM core version 5.4.32.Final
2021-10-04 02:00:38:788  INFO restartedMain o.h.a.c.Version:56 - HCANN000001: Hibernate Commons Annotations {5.1.2.Final}
2021-10-04 02:00:38:865  INFO restartedMain o.h.d.Dialect:175 - HHH000400: Using dialect: org.hibernate.dialect.MySQL5InnoDBDialect
2021-10-04 02:00:39:250  INFO restartedMain o.h.e.t.j.p.i.JtaPlatformInitiator:52 - HHH000490: Using JtaPlatform implementation: [org.hibernate.engine.transaction.jta.platform.internal.NoJtaPlatform]
2021-10-04 02:00:39:258  INFO restartedMain o.s.o.j.LocalContainerEntityManagerFactoryBean:437 - Initialized JPA EntityManagerFactory for persistence unit 'default'
2021-10-04 02:00:39:557  WARN restartedMain o.s.b.a.o.j.JpaBaseConfiguration$JpaWebConfiguration:219 - spring.jpa.open-in-view is enabled by default. Therefore, database queries may be performed during view rendering. Explicitly configure spring.jpa.open-in-view to disable this warning
2021-10-04 02:00:39:811  INFO restartedMain o.s.b.d.a.OptionalLiveReloadServer:58 - LiveReload server is running on port 35729
2021-10-04 02:00:39:838  INFO restartedMain o.s.b.w.e.t.TomcatWebServer:220 - Tomcat started on port(s): 9944 (http) with context path ''
2021-10-04 02:00:39:846  INFO restartedMain c.k.b.BlogApiApplication:61 - Started BlogApiApplication in 3.401 seconds (JVM running for 4.218)
2021-10-04 02:02:07:148  INFO Thread-6 o.s.o.j.LocalContainerEntityManagerFactoryBean:651 - Closing JPA EntityManagerFactory for persistence unit 'default'
2021-10-04 02:02:07:151  INFO Thread-6 c.z.h.HikariDataSource:350 - HikariPool-1 - Shutdown initiated...
2021-10-04 02:02:07:156  INFO Thread-6 c.z.h.HikariDataSource:352 - HikariPool-1 - Shutdown completed.
2021-10-04 02:02:07:330  INFO restartedMain c.k.b.BlogApiApplication:55 - Starting BlogApiApplication using Java 1.8.0_271 on KyeongjinKim with PID 9068 (C:\java_project\blog-api\target\classes started by KimKyeongJin in C:\java_project\blog-api)
2021-10-04 02:02:07:330 DEBUG restartedMain c.k.b.BlogApiApplication:56 - Running with Spring Boot v2.5.4, Spring v5.3.9
2021-10-04 02:02:07:331  INFO restartedMain c.k.b.BlogApiApplication:659 - No active profile set, falling back to default profiles: default
2021-10-04 02:02:07:482  INFO restartedMain o.s.d.r.c.RepositoryConfigurationDelegate:132 - Bootstrapping Spring Data JPA repositories in DEFAULT mode.
2021-10-04 02:02:07:499  INFO restartedMain o.s.d.r.c.RepositoryConfigurationDelegate:201 - Finished Spring Data repository scanning in 16 ms. Found 2 JPA repository interfaces.
2021-10-04 02:02:07:609  INFO restartedMain o.s.b.w.e.t.TomcatWebServer:108 - Tomcat initialized with port(s): 9944 (http)
2021-10-04 02:02:07:610  INFO restartedMain o.a.c.c.StandardService:173 - Starting service [Tomcat]
2021-10-04 02:02:07:610  INFO restartedMain o.a.c.c.StandardEngine:173 - Starting Servlet engine: [Apache Tomcat/9.0.52]
2021-10-04 02:02:07:623  INFO restartedMain o.a.c.c.C.[.[.[/]:173 - Initializing Spring embedded WebApplicationContext
2021-10-04 02:02:07:623  INFO restartedMain o.s.b.w.s.c.ServletWebServerApplicationContext:290 - Root WebApplicationContext: initialization completed in 290 ms
2021-10-04 02:02:07:633  INFO restartedMain c.z.h.HikariDataSource:110 - HikariPool-2 - Starting...
2021-10-04 02:02:07:648  INFO restartedMain c.z.h.HikariDataSource:123 - HikariPool-2 - Start completed.
2021-10-04 02:02:07:648  INFO restartedMain o.s.b.a.h.H2ConsoleAutoConfiguration:68 - H2 console available at '/h2-console'. Database available at 'jdbc:mysql://127.0.0.1:3306/krkgj_blog?autoReconnect=true&useUnicode=true&characterEncoding=utf-8&zeroDateTimeBehavior=convertToNull'
2021-10-04 02:02:07:671  INFO restartedMain o.h.j.i.u.LogHelper:31 - HHH000204: Processing PersistenceUnitInfo [name: default]
2021-10-04 02:02:07:674  INFO restartedMain o.h.d.Dialect:175 - HHH000400: Using dialect: org.hibernate.dialect.MySQL5InnoDBDialect
2021-10-04 02:02:07:699  INFO restartedMain o.h.e.t.j.p.i.JtaPlatformInitiator:52 - HHH000490: Using JtaPlatform implementation: [org.hibernate.engine.transaction.jta.platform.internal.NoJtaPlatform]
2021-10-04 02:02:07:700  INFO restartedMain o.s.o.j.LocalContainerEntityManagerFactoryBean:437 - Initialized JPA EntityManagerFactory for persistence unit 'default'
2021-10-04 02:02:07:765  WARN restartedMain o.s.b.a.o.j.JpaBaseConfiguration$JpaWebConfiguration:219 - spring.jpa.open-in-view is enabled by default. Therefore, database queries may be performed during view rendering. Explicitly configure spring.jpa.open-in-view to disable this warning
2021-10-04 02:02:07:845  INFO restartedMain o.s.b.d.a.OptionalLiveReloadServer:58 - LiveReload server is running on port 35729
2021-10-04 02:02:07:855  INFO restartedMain o.s.b.w.e.t.TomcatWebServer:220 - Tomcat started on port(s): 9944 (http) with context path ''
2021-10-04 02:02:07:858  INFO restartedMain c.k.b.BlogApiApplication:61 - Started BlogApiApplication in 0.578 seconds (JVM running for 92.231)
2021-10-04 02:02:07:860  INFO restartedMain o.s.b.d.a.ConditionEvaluationDeltaLoggingListener:63 - Condition evaluation unchanged
2021-10-04 02:02:08:978  INFO RMI TCP Connection(2)-127.0.0.1 o.s.b.a.SpringApplicationAdminMXBeanRegistrar$SpringApplicationAdmin:159 - Application shutdown requested.
2021-10-04 02:02:09:301  INFO RMI TCP Connection(2)-127.0.0.1 o.s.o.j.LocalContainerEntityManagerFactoryBean:651 - Closing JPA EntityManagerFactory for persistence unit 'default'
2021-10-04 02:02:09:302  INFO RMI TCP Connection(2)-127.0.0.1 c.z.h.HikariDataSource:350 - HikariPool-2 - Shutdown initiated...
2021-10-04 02:02:09:309  INFO RMI TCP Connection(2)-127.0.0.1 c.z.h.HikariDataSource:352 - HikariPool-2 - Shutdown completed.
2021-10-04 02:02:21:043  INFO restartedMain c.k.b.BlogApiApplication:55 - Starting BlogApiApplication using Java 1.8.0_271 on KyeongjinKim with PID 17756 (C:\java_project\blog-api\target\classes started by KimKyeongJin in C:\java_project\blog-api)
2021-10-04 02:02:21:047 DEBUG restartedMain c.k.b.BlogApiApplication:56 - Running with Spring Boot v2.5.4, Spring v5.3.9
2021-10-04 02:02:21:048  INFO restartedMain c.k.b.BlogApiApplication:659 - No active profile set, falling back to default profiles: default
2021-10-04 02:02:21:082  INFO restartedMain o.s.b.d.e.DevToolsPropertyDefaultsPostProcessor:255 - Devtools property defaults active! Set 'spring.devtools.add-properties' to 'false' to disable
2021-10-04 02:02:21:083  INFO restartedMain o.s.b.d.e.DevToolsPropertyDefaultsPostProcessor:255 - For additional web related logging consider setting the 'logging.level.web' property to 'DEBUG'
2021-10-04 02:02:21:566  INFO restartedMain o.s.d.r.c.RepositoryConfigurationDelegate:132 - Bootstrapping Spring Data JPA repositories in DEFAULT mode.
2021-10-04 02:02:21:616  INFO restartedMain o.s.d.r.c.RepositoryConfigurationDelegate:201 - Finished Spring Data repository scanning in 42 ms. Found 2 JPA repository interfaces.
2021-10-04 02:02:22:037  INFO restartedMain o.s.b.w.e.t.TomcatWebServer:108 - Tomcat initialized with port(s): 9944 (http)
2021-10-04 02:02:22:059  INFO restartedMain o.a.c.c.StandardService:173 - Starting service [Tomcat]
2021-10-04 02:02:22:060  INFO restartedMain o.a.c.c.StandardEngine:173 - Starting Servlet engine: [Apache Tomcat/9.0.52]
2021-10-04 02:02:22:138  INFO restartedMain o.a.c.c.C.[.[.[/]:173 - Initializing Spring embedded WebApplicationContext
2021-10-04 02:02:22:138  INFO restartedMain o.s.b.w.s.c.ServletWebServerApplicationContext:290 - Root WebApplicationContext: initialization completed in 1055 ms
2021-10-04 02:02:22:164  INFO restartedMain c.z.h.HikariDataSource:110 - HikariPool-1 - Starting...
2021-10-04 02:02:22:884  INFO restartedMain c.z.h.HikariDataSource:123 - HikariPool-1 - Start completed.
2021-10-04 02:02:22:890  INFO restartedMain o.s.b.a.h.H2ConsoleAutoConfiguration:68 - H2 console available at '/h2-console'. Database available at 'jdbc:mysql://127.0.0.1:3306/krkgj_blog?autoReconnect=true&useUnicode=true&characterEncoding=utf-8&zeroDateTimeBehavior=convertToNull'
2021-10-04 02:02:23:006  INFO restartedMain o.h.j.i.u.LogHelper:31 - HHH000204: Processing PersistenceUnitInfo [name: default]
2021-10-04 02:02:23:052  INFO restartedMain o.h.Version:44 - HHH000412: Hibernate ORM core version 5.4.32.Final
2021-10-04 02:02:23:167  INFO restartedMain o.h.a.c.Version:56 - HCANN000001: Hibernate Commons Annotations {5.1.2.Final}
2021-10-04 02:02:23:245  INFO restartedMain o.h.d.Dialect:175 - HHH000400: Using dialect: org.hibernate.dialect.MySQL5InnoDBDialect
2021-10-04 02:02:23:631  INFO restartedMain o.h.e.t.j.p.i.JtaPlatformInitiator:52 - HHH000490: Using JtaPlatform implementation: [org.hibernate.engine.transaction.jta.platform.internal.NoJtaPlatform]
2021-10-04 02:02:23:639  INFO restartedMain o.s.o.j.LocalContainerEntityManagerFactoryBean:437 - Initialized JPA EntityManagerFactory for persistence unit 'default'
2021-10-04 02:02:23:952  WARN restartedMain o.s.b.a.o.j.JpaBaseConfiguration$JpaWebConfiguration:219 - spring.jpa.open-in-view is enabled by default. Therefore, database queries may be performed during view rendering. Explicitly configure spring.jpa.open-in-view to disable this warning
2021-10-04 02:02:24:213  INFO restartedMain o.s.b.d.a.OptionalLiveReloadServer:58 - LiveReload server is running on port 35729
2021-10-04 02:02:24:240  INFO restartedMain o.s.b.w.e.t.TomcatWebServer:220 - Tomcat started on port(s): 9944 (http) with context path ''
2021-10-04 02:02:24:248  INFO restartedMain c.k.b.BlogApiApplication:61 - Started BlogApiApplication in 3.545 seconds (JVM running for 4.355)
2021-10-04 02:02:28:012  INFO http-nio-9944-exec-2 o.a.c.c.C.[.[.[/]:173 - Initializing Spring DispatcherServlet 'dispatcherServlet'
2021-10-04 02:02:28:013  INFO http-nio-9944-exec-2 o.s.w.s.DispatcherServlet:525 - Initializing Servlet 'dispatcherServlet'
2021-10-04 02:02:28:014  INFO http-nio-9944-exec-2 o.s.w.s.DispatcherServlet:547 - Completed initialization in 1 ms
2021-10-04 02:02:28:039 ERROR http-nio-9944-exec-2 c.k.b.p.c.PostController:52 - NullPointerException Occurred! - sortingValue
2021-10-04 02:03:21:477  INFO Thread-6 o.s.o.j.LocalContainerEntityManagerFactoryBean:651 - Closing JPA EntityManagerFactory for persistence unit 'default'
2021-10-04 02:03:21:479  INFO Thread-6 c.z.h.HikariDataSource:350 - HikariPool-1 - Shutdown initiated...
2021-10-04 02:03:21:484  INFO Thread-6 c.z.h.HikariDataSource:352 - HikariPool-1 - Shutdown completed.
2021-10-04 02:03:21:686  INFO restartedMain c.k.b.BlogApiApplication:55 - Starting BlogApiApplication using Java 1.8.0_271 on KyeongjinKim with PID 17756 (C:\java_project\blog-api\target\classes started by KimKyeongJin in C:\java_project\blog-api)
2021-10-04 02:03:21:687 DEBUG restartedMain c.k.b.BlogApiApplication:56 - Running with Spring Boot v2.5.4, Spring v5.3.9
2021-10-04 02:03:21:687  INFO restartedMain c.k.b.BlogApiApplication:659 - No active profile set, falling back to default profiles: default
2021-10-04 02:03:21:840  INFO restartedMain o.s.d.r.c.RepositoryConfigurationDelegate:132 - Bootstrapping Spring Data JPA repositories in DEFAULT mode.
2021-10-04 02:03:21:857  INFO restartedMain o.s.d.r.c.RepositoryConfigurationDelegate:201 - Finished Spring Data repository scanning in 15 ms. Found 2 JPA repository interfaces.
2021-10-04 02:03:21:953  INFO restartedMain o.s.b.w.e.t.TomcatWebServer:108 - Tomcat initialized with port(s): 9944 (http)
2021-10-04 02:03:21:954  INFO restartedMain o.a.c.c.StandardService:173 - Starting service [Tomcat]
2021-10-04 02:03:21:954  INFO restartedMain o.a.c.c.StandardEngine:173 - Starting Servlet engine: [Apache Tomcat/9.0.52]
2021-10-04 02:03:21:967  INFO restartedMain o.a.c.c.C.[.[.[/]:173 - Initializing Spring embedded WebApplicationContext
2021-10-04 02:03:21:967  INFO restartedMain o.s.b.w.s.c.ServletWebServerApplicationContext:290 - Root WebApplicationContext: initialization completed in 278 ms
2021-10-04 02:03:21:977  INFO restartedMain c.z.h.HikariDataSource:110 - HikariPool-2 - Starting...
2021-10-04 02:03:21:992  INFO restartedMain c.z.h.HikariDataSource:123 - HikariPool-2 - Start completed.
2021-10-04 02:03:21:992  INFO restartedMain o.s.b.a.h.H2ConsoleAutoConfiguration:68 - H2 console available at '/h2-console'. Database available at 'jdbc:mysql://127.0.0.1:3306/krkgj_blog?autoReconnect=true&useUnicode=true&characterEncoding=utf-8&zeroDateTimeBehavior=convertToNull'
2021-10-04 02:03:22:013  INFO restartedMain o.h.j.i.u.LogHelper:31 - HHH000204: Processing PersistenceUnitInfo [name: default]
2021-10-04 02:03:22:017  INFO restartedMain o.h.d.Dialect:175 - HHH000400: Using dialect: org.hibernate.dialect.MySQL5InnoDBDialect
2021-10-04 02:03:22:040  INFO restartedMain o.h.e.t.j.p.i.JtaPlatformInitiator:52 - HHH000490: Using JtaPlatform implementation: [org.hibernate.engine.transaction.jta.platform.internal.NoJtaPlatform]
2021-10-04 02:03:22:041  INFO restartedMain o.s.o.j.LocalContainerEntityManagerFactoryBean:437 - Initialized JPA EntityManagerFactory for persistence unit 'default'
2021-10-04 02:03:22:108  WARN restartedMain o.s.b.a.o.j.JpaBaseConfiguration$JpaWebConfiguration:219 - spring.jpa.open-in-view is enabled by default. Therefore, database queries may be performed during view rendering. Explicitly configure spring.jpa.open-in-view to disable this warning
2021-10-04 02:03:22:195  INFO restartedMain o.s.b.d.a.OptionalLiveReloadServer:58 - LiveReload server is running on port 35729
2021-10-04 02:03:22:204  INFO restartedMain o.s.b.w.e.t.TomcatWebServer:220 - Tomcat started on port(s): 9944 (http) with context path ''
2021-10-04 02:03:22:208  INFO restartedMain c.k.b.BlogApiApplication:61 - Started BlogApiApplication in 0.575 seconds (JVM running for 62.314)
2021-10-04 02:03:22:210  INFO restartedMain o.s.b.d.a.ConditionEvaluationDeltaLoggingListener:63 - Condition evaluation unchanged
2021-10-04 02:03:24:018  INFO http-nio-9944-exec-2 o.a.c.c.C.[.[.[/]:173 - Initializing Spring DispatcherServlet 'dispatcherServlet'
2021-10-04 02:03:24:020  INFO http-nio-9944-exec-2 o.s.w.s.DispatcherServlet:525 - Initializing Servlet 'dispatcherServlet'
2021-10-04 02:03:24:022  INFO http-nio-9944-exec-2 o.s.w.s.DispatcherServlet:547 - Completed initialization in 1 ms
2021-10-04 02:03:24:026  INFO http-nio-9944-exec-2 c.k.b.p.c.PostController:52 - ddassdsdasd
2021-10-04 02:04:56:528  INFO Thread-8 o.s.o.j.LocalContainerEntityManagerFactoryBean:651 - Closing JPA EntityManagerFactory for persistence unit 'default'
2021-10-04 02:04:56:529  INFO Thread-8 c.z.h.HikariDataSource:350 - HikariPool-2 - Shutdown initiated...
2021-10-04 02:04:56:535  INFO Thread-8 c.z.h.HikariDataSource:352 - HikariPool-2 - Shutdown completed.
2021-10-04 02:04:56:715  INFO restartedMain c.k.b.BlogApiApplication:55 - Starting BlogApiApplication using Java 1.8.0_271 on KyeongjinKim with PID 17756 (C:\java_project\blog-api\target\classes started by KimKyeongJin in C:\java_project\blog-api)
2021-10-04 02:04:56:716 DEBUG restartedMain c.k.b.BlogApiApplication:56 - Running with Spring Boot v2.5.4, Spring v5.3.9
2021-10-04 02:04:56:716  INFO restartedMain c.k.b.BlogApiApplication:659 - No active profile set, falling back to default profiles: default
2021-10-04 02:04:56:857  INFO restartedMain o.s.d.r.c.RepositoryConfigurationDelegate:132 - Bootstrapping Spring Data JPA repositories in DEFAULT mode.
2021-10-04 02:04:56:873  INFO restartedMain o.s.d.r.c.RepositoryConfigurationDelegate:201 - Finished Spring Data repository scanning in 15 ms. Found 2 JPA repository interfaces.
2021-10-04 02:04:56:963  INFO restartedMain o.s.b.w.e.t.TomcatWebServer:108 - Tomcat initialized with port(s): 9944 (http)
2021-10-04 02:04:56:964  INFO restartedMain o.a.c.c.StandardService:173 - Starting service [Tomcat]
2021-10-04 02:04:56:964  INFO restartedMain o.a.c.c.StandardEngine:173 - Starting Servlet engine: [Apache Tomcat/9.0.52]
2021-10-04 02:04:56:982  INFO restartedMain o.a.c.c.C.[.[.[/]:173 - Initializing Spring embedded WebApplicationContext
2021-10-04 02:04:56:982  INFO restartedMain o.s.b.w.s.c.ServletWebServerApplicationContext:290 - Root WebApplicationContext: initialization completed in 263 ms
2021-10-04 02:04:56:991  INFO restartedMain c.z.h.HikariDataSource:110 - HikariPool-3 - Starting...
2021-10-04 02:04:57:006  INFO restartedMain c.z.h.HikariDataSource:123 - HikariPool-3 - Start completed.
2021-10-04 02:04:57:006  INFO restartedMain o.s.b.a.h.H2ConsoleAutoConfiguration:68 - H2 console available at '/h2-console'. Database available at 'jdbc:mysql://127.0.0.1:3306/krkgj_blog?autoReconnect=true&useUnicode=true&characterEncoding=utf-8&zeroDateTimeBehavior=convertToNull'
2021-10-04 02:04:57:026  INFO restartedMain o.h.j.i.u.LogHelper:31 - HHH000204: Processing PersistenceUnitInfo [name: default]
2021-10-04 02:04:57:030  INFO restartedMain o.h.d.Dialect:175 - HHH000400: Using dialect: org.hibernate.dialect.MySQL5InnoDBDialect
2021-10-04 02:04:57:051  INFO restartedMain o.h.e.t.j.p.i.JtaPlatformInitiator:52 - HHH000490: Using JtaPlatform implementation: [org.hibernate.engine.transaction.jta.platform.internal.NoJtaPlatform]
2021-10-04 02:04:57:052  INFO restartedMain o.s.o.j.LocalContainerEntityManagerFactoryBean:437 - Initialized JPA EntityManagerFactory for persistence unit 'default'
2021-10-04 02:04:57:112  WARN restartedMain o.s.b.a.o.j.JpaBaseConfiguration$JpaWebConfiguration:219 - spring.jpa.open-in-view is enabled by default. Therefore, database queries may be performed during view rendering. Explicitly configure spring.jpa.open-in-view to disable this warning
2021-10-04 02:04:57:182  INFO restartedMain o.s.b.d.a.OptionalLiveReloadServer:58 - LiveReload server is running on port 35729
2021-10-04 02:04:57:191  INFO restartedMain o.s.b.w.e.t.TomcatWebServer:220 - Tomcat started on port(s): 9944 (http) with context path ''
2021-10-04 02:04:57:195  INFO restartedMain c.k.b.BlogApiApplication:61 - Started BlogApiApplication in 0.525 seconds (JVM running for 157.301)
2021-10-04 02:04:57:196  INFO restartedMain o.s.b.d.a.ConditionEvaluationDeltaLoggingListener:63 - Condition evaluation unchanged
2021-10-04 02:06:23:377  INFO Thread-12 o.s.o.j.LocalContainerEntityManagerFactoryBean:651 - Closing JPA EntityManagerFactory for persistence unit 'default'
2021-10-04 02:06:23:379  INFO Thread-12 c.z.h.HikariDataSource:350 - HikariPool-3 - Shutdown initiated...
2021-10-04 02:06:23:388  INFO Thread-12 c.z.h.HikariDataSource:352 - HikariPool-3 - Shutdown completed.
2021-10-04 02:06:23:568  INFO restartedMain c.k.b.BlogApiApplication:55 - Starting BlogApiApplication using Java 1.8.0_271 on KyeongjinKim with PID 17756 (C:\java_project\blog-api\target\classes started by KimKyeongJin in C:\java_project\blog-api)
2021-10-04 02:06:23:569 DEBUG restartedMain c.k.b.BlogApiApplication:56 - Running with Spring Boot v2.5.4, Spring v5.3.9
2021-10-04 02:06:23:569  INFO restartedMain c.k.b.BlogApiApplication:659 - No active profile set, falling back to default profiles: default
2021-10-04 02:06:23:705  INFO restartedMain o.s.d.r.c.RepositoryConfigurationDelegate:132 - Bootstrapping Spring Data JPA repositories in DEFAULT mode.
2021-10-04 02:06:23:719  INFO restartedMain o.s.d.r.c.RepositoryConfigurationDelegate:201 - Finished Spring Data repository scanning in 13 ms. Found 2 JPA repository interfaces.
2021-10-04 02:06:23:806  INFO restartedMain o.s.b.w.e.t.TomcatWebServer:108 - Tomcat initialized with port(s): 9944 (http)
2021-10-04 02:06:23:807  INFO restartedMain o.a.c.c.StandardService:173 - Starting service [Tomcat]
2021-10-04 02:06:23:807  INFO restartedMain o.a.c.c.StandardEngine:173 - Starting Servlet engine: [Apache Tomcat/9.0.52]
2021-10-04 02:06:23:822  INFO restartedMain o.a.c.c.C.[.[.[/]:173 - Initializing Spring embedded WebApplicationContext
2021-10-04 02:06:23:822  INFO restartedMain o.s.b.w.s.c.ServletWebServerApplicationContext:290 - Root WebApplicationContext: initialization completed in 251 ms
2021-10-04 02:06:23:830  INFO restartedMain c.z.h.HikariDataSource:110 - HikariPool-4 - Starting...
2021-10-04 02:06:23:844  INFO restartedMain c.z.h.HikariDataSource:123 - HikariPool-4 - Start completed.
2021-10-04 02:06:23:844  INFO restartedMain o.s.b.a.h.H2ConsoleAutoConfiguration:68 - H2 console available at '/h2-console'. Database available at 'jdbc:mysql://127.0.0.1:3306/krkgj_blog?autoReconnect=true&useUnicode=true&characterEncoding=utf-8&zeroDateTimeBehavior=convertToNull'
2021-10-04 02:06:23:863  INFO restartedMain o.h.j.i.u.LogHelper:31 - HHH000204: Processing PersistenceUnitInfo [name: default]
2021-10-04 02:06:23:867  INFO restartedMain o.h.d.Dialect:175 - HHH000400: Using dialect: org.hibernate.dialect.MySQL5InnoDBDialect
2021-10-04 02:06:23:888  INFO restartedMain o.h.e.t.j.p.i.JtaPlatformInitiator:52 - HHH000490: Using JtaPlatform implementation: [org.hibernate.engine.transaction.jta.platform.internal.NoJtaPlatform]
2021-10-04 02:06:23:889  INFO restartedMain o.s.o.j.LocalContainerEntityManagerFactoryBean:437 - Initialized JPA EntityManagerFactory for persistence unit 'default'
2021-10-04 02:06:23:945  WARN restartedMain o.s.b.a.o.j.JpaBaseConfiguration$JpaWebConfiguration:219 - spring.jpa.open-in-view is enabled by default. Therefore, database queries may be performed during view rendering. Explicitly configure spring.jpa.open-in-view to disable this warning
2021-10-04 02:06:24:013  INFO restartedMain o.s.b.d.a.OptionalLiveReloadServer:58 - LiveReload server is running on port 35729
2021-10-04 02:06:24:021  INFO restartedMain o.s.b.w.e.t.TomcatWebServer:220 - Tomcat started on port(s): 9944 (http) with context path ''
2021-10-04 02:06:24:024  INFO restartedMain c.k.b.BlogApiApplication:61 - Started BlogApiApplication in 0.498 seconds (JVM running for 244.13)
2021-10-04 02:06:24:025  INFO restartedMain o.s.b.d.a.ConditionEvaluationDeltaLoggingListener:63 - Condition evaluation unchanged
2021-10-04 02:06:30:905  INFO http-nio-9944-exec-2 o.a.c.c.C.[.[.[/]:173 - Initializing Spring DispatcherServlet 'dispatcherServlet'
2021-10-04 02:06:30:907  INFO http-nio-9944-exec-2 o.s.w.s.DispatcherServlet:525 - Initializing Servlet 'dispatcherServlet'
2021-10-04 02:06:30:909  INFO http-nio-9944-exec-2 o.s.w.s.DispatcherServlet:547 - Completed initialization in 0 ms
2021-10-04 02:06:30:912  INFO http-nio-9944-exec-2 c.k.b.p.c.PostController:43 - No value sortingValue - set Default! 
2021-10-04 02:06:31:061 ERROR http-nio-9944-exec-2 o.a.c.c.C.[.[.[.[dispatcherServlet]:175 - Servlet.service() for servlet [dispatcherServlet] in context with path [] threw exception [Request processing failed; nested exception is java.lang.NullPointerException] with root cause
java.lang.NullPointerException: null
	at com.krkgj.blogapi.post.controller.PostController.getAllPostList(PostController.java:48)
	at sun.reflect.NativeMethodAccessorImpl.invoke0(Native Method)
	at sun.reflect.NativeMethodAccessorImpl.invoke(NativeMethodAccessorImpl.java:62)
	at sun.reflect.DelegatingMethodAccessorImpl.invoke(DelegatingMethodAccessorImpl.java:43)
	at java.lang.reflect.Method.invoke(Method.java:498)
	at org.springframework.web.method.support.InvocableHandlerMethod.doInvoke(InvocableHandlerMethod.java:197)
	at org.springframework.web.method.support.InvocableHandlerMethod.invokeForRequest(InvocableHandlerMethod.java:141)
	at org.springframework.web.servlet.mvc.method.annotation.ServletInvocableHandlerMethod.invokeAndHandle(ServletInvocableHandlerMethod.java:106)
	at org.springframework.web.servlet.mvc.method.annotation.RequestMappingHandlerAdapter.invokeHandlerMethod(RequestMappingHandlerAdapter.java:895)
	at org.springframework.web.servlet.mvc.method.annotation.RequestMappingHandlerAdapter.handleInternal(RequestMappingHandlerAdapter.java:808)
	at org.springframework.web.servlet.mvc.method.AbstractHandlerMethodAdapter.handle(AbstractHandlerMethodAdapter.java:87)
	at org.springframework.web.servlet.DispatcherServlet.doDispatch(DispatcherServlet.java:1064)
	at org.springframework.web.servlet.DispatcherServlet.doService(DispatcherServlet.java:963)
	at org.springframework.web.servlet.FrameworkServlet.processRequest(FrameworkServlet.java:1006)
	at org.springframework.web.servlet.FrameworkServlet.doGet(FrameworkServlet.java:898)
	at javax.servlet.http.HttpServlet.service(HttpServlet.java:655)
	at org.springframework.web.servlet.FrameworkServlet.service(FrameworkServlet.java:883)
	at javax.servlet.http.HttpServlet.service(HttpServlet.java:764)
	at org.apache.catalina.core.ApplicationFilterChain.internalDoFilter(ApplicationFilterChain.java:227)
	at org.apache.catalina.core.ApplicationFilterChain.doFilter(ApplicationFilterChain.java:162)
	at org.apache.tomcat.websocket.server.WsFilter.doFilter(WsFilter.java:53)
	at org.apache.catalina.core.ApplicationFilterChain.internalDoFilter(ApplicationFilterChain.java:189)
	at org.apache.catalina.core.ApplicationFilterChain.doFilter(ApplicationFilterChain.java:162)
	at org.springframework.web.filter.RequestContextFilter.doFilterInternal(RequestContextFilter.java:100)
	at org.springframework.web.filter.OncePerRequestFilter.doFilter(OncePerRequestFilter.java:119)
	at org.apache.catalina.core.ApplicationFilterChain.internalDoFilter(ApplicationFilterChain.java:189)
	at org.apache.catalina.core.ApplicationFilterChain.doFilter(ApplicationFilterChain.java:162)
	at org.springframework.web.filter.FormContentFilter.doFilterInternal(FormContentFilter.java:93)
	at org.springframework.web.filter.OncePerRequestFilter.doFilter(OncePerRequestFilter.java:119)
	at org.apache.catalina.core.ApplicationFilterChain.internalDoFilter(ApplicationFilterChain.java:189)
	at org.apache.catalina.core.ApplicationFilterChain.doFilter(ApplicationFilterChain.java:162)
	at org.springframework.web.filter.CharacterEncodingFilter.doFilterInternal(CharacterEncodingFilter.java:201)
	at org.springframework.web.filter.OncePerRequestFilter.doFilter(OncePerRequestFilter.java:119)
	at org.apache.catalina.core.ApplicationFilterChain.internalDoFilter(ApplicationFilterChain.java:189)
	at org.apache.catalina.core.ApplicationFilterChain.doFilter(ApplicationFilterChain.java:162)
	at org.apache.catalina.core.StandardWrapperValve.invoke(StandardWrapperValve.java:197)
	at org.apache.catalina.core.StandardContextValve.invoke(StandardContextValve.java:97)
	at org.apache.catalina.authenticator.AuthenticatorBase.invoke(AuthenticatorBase.java:542)
	at org.apache.catalina.core.StandardHostValve.invoke(StandardHostValve.java:135)
	at org.apache.catalina.valves.ErrorReportValve.invoke(ErrorReportValve.java:92)
	at org.apache.catalina.core.StandardEngineValve.invoke(StandardEngineValve.java:78)
	at org.apache.catalina.connector.CoyoteAdapter.service(CoyoteAdapter.java:357)
	at org.apache.coyote.http11.Http11Processor.service(Http11Processor.java:382)
	at org.apache.coyote.AbstractProcessorLight.process(AbstractProcessorLight.java:65)
	at org.apache.coyote.AbstractProtocol$ConnectionHandler.process(AbstractProtocol.java:893)
	at org.apache.tomcat.util.net.NioEndpoint$SocketProcessor.doRun(NioEndpoint.java:1726)
	at org.apache.tomcat.util.net.SocketProcessorBase.run(SocketProcessorBase.java:49)
	at org.apache.tomcat.util.threads.ThreadPoolExecutor.runWorker(ThreadPoolExecutor.java:1191)
	at org.apache.tomcat.util.threads.ThreadPoolExecutor$Worker.run(ThreadPoolExecutor.java:659)
	at org.apache.tomcat.util.threads.TaskThread$WrappingRunnable.run(TaskThread.java:61)
	at java.lang.Thread.run(Thread.java:748)
2021-10-04 02:07:07:033  INFO Thread-16 o.s.o.j.LocalContainerEntityManagerFactoryBean:651 - Closing JPA EntityManagerFactory for persistence unit 'default'
2021-10-04 02:07:07:034  INFO Thread-16 c.z.h.HikariDataSource:350 - HikariPool-4 - Shutdown initiated...
2021-10-04 02:07:07:039  INFO Thread-16 c.z.h.HikariDataSource:352 - HikariPool-4 - Shutdown completed.
2021-10-04 02:07:07:228  INFO restartedMain c.k.b.BlogApiApplication:55 - Starting BlogApiApplication using Java 1.8.0_271 on KyeongjinKim with PID 17756 (C:\java_project\blog-api\target\classes started by KimKyeongJin in C:\java_project\blog-api)
2021-10-04 02:07:07:228 DEBUG restartedMain c.k.b.BlogApiApplication:56 - Running with Spring Boot v2.5.4, Spring v5.3.9
2021-10-04 02:07:07:229  INFO restartedMain c.k.b.BlogApiApplication:659 - No active profile set, falling back to default profiles: default
2021-10-04 02:07:07:357  INFO restartedMain o.s.d.r.c.RepositoryConfigurationDelegate:132 - Bootstrapping Spring Data JPA repositories in DEFAULT mode.
2021-10-04 02:07:07:371  INFO restartedMain o.s.d.r.c.RepositoryConfigurationDelegate:201 - Finished Spring Data repository scanning in 13 ms. Found 2 JPA repository interfaces.
2021-10-04 02:07:07:459  INFO restartedMain o.s.b.w.e.t.TomcatWebServer:108 - Tomcat initialized with port(s): 9944 (http)
2021-10-04 02:07:07:459  INFO restartedMain o.a.c.c.StandardService:173 - Starting service [Tomcat]
2021-10-04 02:07:07:460  INFO restartedMain o.a.c.c.StandardEngine:173 - Starting Servlet engine: [Apache Tomcat/9.0.52]
2021-10-04 02:07:07:472  INFO restartedMain o.a.c.c.C.[.[.[/]:173 - Initializing Spring embedded WebApplicationContext
2021-10-04 02:07:07:472  INFO restartedMain o.s.b.w.s.c.ServletWebServerApplicationContext:290 - Root WebApplicationContext: initialization completed in 241 ms
2021-10-04 02:07:07:481  INFO restartedMain c.z.h.HikariDataSource:110 - HikariPool-5 - Starting...
2021-10-04 02:07:07:495  INFO restartedMain c.z.h.HikariDataSource:123 - HikariPool-5 - Start completed.
2021-10-04 02:07:07:496  INFO restartedMain o.s.b.a.h.H2ConsoleAutoConfiguration:68 - H2 console available at '/h2-console'. Database available at 'jdbc:mysql://127.0.0.1:3306/krkgj_blog?autoReconnect=true&useUnicode=true&characterEncoding=utf-8&zeroDateTimeBehavior=convertToNull'
2021-10-04 02:07:07:513  INFO restartedMain o.h.j.i.u.LogHelper:31 - HHH000204: Processing PersistenceUnitInfo [name: default]
2021-10-04 02:07:07:516  INFO restartedMain o.h.d.Dialect:175 - HHH000400: Using dialect: org.hibernate.dialect.MySQL5InnoDBDialect
2021-10-04 02:07:07:536  INFO restartedMain o.h.e.t.j.p.i.JtaPlatformInitiator:52 - HHH000490: Using JtaPlatform implementation: [org.hibernate.engine.transaction.jta.platform.internal.NoJtaPlatform]
2021-10-04 02:07:07:536  INFO restartedMain o.s.o.j.LocalContainerEntityManagerFactoryBean:437 - Initialized JPA EntityManagerFactory for persistence unit 'default'
2021-10-04 02:07:07:593  WARN restartedMain o.s.b.a.o.j.JpaBaseConfiguration$JpaWebConfiguration:219 - spring.jpa.open-in-view is enabled by default. Therefore, database queries may be performed during view rendering. Explicitly configure spring.jpa.open-in-view to disable this warning
2021-10-04 02:07:07:654  INFO restartedMain o.s.b.d.a.OptionalLiveReloadServer:58 - LiveReload server is running on port 35729
2021-10-04 02:07:07:661  INFO restartedMain o.s.b.w.e.t.TomcatWebServer:220 - Tomcat started on port(s): 9944 (http) with context path ''
2021-10-04 02:07:07:665  INFO restartedMain c.k.b.BlogApiApplication:61 - Started BlogApiApplication in 0.48 seconds (JVM running for 287.771)
2021-10-04 02:07:07:666  INFO restartedMain o.s.b.d.a.ConditionEvaluationDeltaLoggingListener:63 - Condition evaluation unchanged
2021-10-04 02:07:10:621  INFO http-nio-9944-exec-2 o.a.c.c.C.[.[.[/]:173 - Initializing Spring DispatcherServlet 'dispatcherServlet'
2021-10-04 02:07:10:626  INFO http-nio-9944-exec-2 o.s.w.s.DispatcherServlet:525 - Initializing Servlet 'dispatcherServlet'
2021-10-04 02:07:10:630  INFO http-nio-9944-exec-2 o.s.w.s.DispatcherServlet:547 - Completed initialization in 3 ms
2021-10-04 02:07:10:637  INFO http-nio-9944-exec-2 c.k.b.p.c.PostController:43 - No value sortingValue - set Default! 
2021-10-04 02:11:50:290  INFO Thread-20 o.s.o.j.LocalContainerEntityManagerFactoryBean:651 - Closing JPA EntityManagerFactory for persistence unit 'default'
2021-10-04 02:11:50:292  INFO Thread-20 c.z.h.HikariDataSource:350 - HikariPool-5 - Shutdown initiated...
2021-10-04 02:11:50:298  INFO Thread-20 c.z.h.HikariDataSource:352 - HikariPool-5 - Shutdown completed.
2021-10-04 02:11:50:436  INFO restartedMain c.k.b.BlogApiApplication:55 - Starting BlogApiApplication using Java 1.8.0_271 on KyeongjinKim with PID 17756 (C:\java_project\blog-api\target\classes started by KimKyeongJin in C:\java_project\blog-api)
2021-10-04 02:11:50:437 DEBUG restartedMain c.k.b.BlogApiApplication:56 - Running with Spring Boot v2.5.4, Spring v5.3.9
2021-10-04 02:11:50:437  INFO restartedMain c.k.b.BlogApiApplication:659 - No active profile set, falling back to default profiles: default
2021-10-04 02:11:50:574  INFO restartedMain o.s.d.r.c.RepositoryConfigurationDelegate:132 - Bootstrapping Spring Data JPA repositories in DEFAULT mode.
2021-10-04 02:11:50:587  INFO restartedMain o.s.d.r.c.RepositoryConfigurationDelegate:201 - Finished Spring Data repository scanning in 13 ms. Found 2 JPA repository interfaces.
2021-10-04 02:11:50:672  INFO restartedMain o.s.b.w.e.t.TomcatWebServer:108 - Tomcat initialized with port(s): 9944 (http)
2021-10-04 02:11:50:673  INFO restartedMain o.a.c.c.StandardService:173 - Starting service [Tomcat]
2021-10-04 02:11:50:673  INFO restartedMain o.a.c.c.StandardEngine:173 - Starting Servlet engine: [Apache Tomcat/9.0.52]
2021-10-04 02:11:50:684  INFO restartedMain o.a.c.c.C.[.[.[/]:173 - Initializing Spring embedded WebApplicationContext
2021-10-04 02:11:50:685  INFO restartedMain o.s.b.w.s.c.ServletWebServerApplicationContext:290 - Root WebApplicationContext: initialization completed in 246 ms
2021-10-04 02:11:50:693  INFO restartedMain c.z.h.HikariDataSource:110 - HikariPool-6 - Starting...
2021-10-04 02:11:50:706  INFO restartedMain c.z.h.HikariDataSource:123 - HikariPool-6 - Start completed.
2021-10-04 02:11:50:707  INFO restartedMain o.s.b.a.h.H2ConsoleAutoConfiguration:68 - H2 console available at '/h2-console'. Database available at 'jdbc:mysql://127.0.0.1:3306/krkgj_blog?autoReconnect=true&useUnicode=true&characterEncoding=utf-8&zeroDateTimeBehavior=convertToNull'
2021-10-04 02:11:50:724  INFO restartedMain o.h.j.i.u.LogHelper:31 - HHH000204: Processing PersistenceUnitInfo [name: default]
2021-10-04 02:11:50:728  INFO restartedMain o.h.d.Dialect:175 - HHH000400: Using dialect: org.hibernate.dialect.MySQL5InnoDBDialect
2021-10-04 02:11:50:748  INFO restartedMain o.h.e.t.j.p.i.JtaPlatformInitiator:52 - HHH000490: Using JtaPlatform implementation: [org.hibernate.engine.transaction.jta.platform.internal.NoJtaPlatform]
2021-10-04 02:11:50:748  INFO restartedMain o.s.o.j.LocalContainerEntityManagerFactoryBean:437 - Initialized JPA EntityManagerFactory for persistence unit 'default'
2021-10-04 02:11:50:805  WARN restartedMain o.s.b.a.o.j.JpaBaseConfiguration$JpaWebConfiguration:219 - spring.jpa.open-in-view is enabled by default. Therefore, database queries may be performed during view rendering. Explicitly configure spring.jpa.open-in-view to disable this warning
2021-10-04 02:11:50:892  INFO restartedMain o.s.b.d.a.OptionalLiveReloadServer:58 - LiveReload server is running on port 35729
2021-10-04 02:11:50:905  INFO restartedMain o.s.b.w.e.t.TomcatWebServer:220 - Tomcat started on port(s): 9944 (http) with context path ''
2021-10-04 02:11:50:911  INFO restartedMain c.k.b.BlogApiApplication:61 - Started BlogApiApplication in 0.514 seconds (JVM running for 571.018)
2021-10-04 02:11:50:913  INFO restartedMain o.s.b.d.a.ConditionEvaluationDeltaLoggingListener:63 - Condition evaluation unchanged
2021-10-04 02:11:52:864  INFO http-nio-9944-exec-2 o.a.c.c.C.[.[.[/]:173 - Initializing Spring DispatcherServlet 'dispatcherServlet'
2021-10-04 02:11:52:865  INFO http-nio-9944-exec-2 o.s.w.s.DispatcherServlet:525 - Initializing Servlet 'dispatcherServlet'
2021-10-04 02:11:52:869  INFO http-nio-9944-exec-2 o.s.w.s.DispatcherServlet:547 - Completed initialization in 3 ms
2021-10-04 02:12:31:830  INFO Thread-24 o.s.o.j.LocalContainerEntityManagerFactoryBean:651 - Closing JPA EntityManagerFactory for persistence unit 'default'
2021-10-04 02:12:31:831  INFO Thread-24 c.z.h.HikariDataSource:350 - HikariPool-6 - Shutdown initiated...
2021-10-04 02:12:31:836  INFO Thread-24 c.z.h.HikariDataSource:352 - HikariPool-6 - Shutdown completed.
2021-10-04 02:12:32:031  INFO restartedMain c.k.b.BlogApiApplication:55 - Starting BlogApiApplication using Java 1.8.0_271 on KyeongjinKim with PID 17756 (C:\java_project\blog-api\target\classes started by KimKyeongJin in C:\java_project\blog-api)
2021-10-04 02:12:32:032 DEBUG restartedMain c.k.b.BlogApiApplication:56 - Running with Spring Boot v2.5.4, Spring v5.3.9
2021-10-04 02:12:32:032  INFO restartedMain c.k.b.BlogApiApplication:659 - No active profile set, falling back to default profiles: default
2021-10-04 02:12:32:157  INFO restartedMain o.s.d.r.c.RepositoryConfigurationDelegate:132 - Bootstrapping Spring Data JPA repositories in DEFAULT mode.
2021-10-04 02:12:32:173  INFO restartedMain o.s.d.r.c.RepositoryConfigurationDelegate:201 - Finished Spring Data repository scanning in 15 ms. Found 2 JPA repository interfaces.
2021-10-04 02:12:32:257  INFO restartedMain o.s.b.w.e.t.TomcatWebServer:108 - Tomcat initialized with port(s): 9944 (http)
2021-10-04 02:12:32:258  INFO restartedMain o.a.c.c.StandardService:173 - Starting service [Tomcat]
2021-10-04 02:12:32:258  INFO restartedMain o.a.c.c.StandardEngine:173 - Starting Servlet engine: [Apache Tomcat/9.0.52]
2021-10-04 02:12:32:271  INFO restartedMain o.a.c.c.C.[.[.[/]:173 - Initializing Spring embedded WebApplicationContext
2021-10-04 02:12:32:271  INFO restartedMain o.s.b.w.s.c.ServletWebServerApplicationContext:290 - Root WebApplicationContext: initialization completed in 237 ms
2021-10-04 02:12:32:279  INFO restartedMain c.z.h.HikariDataSource:110 - HikariPool-7 - Starting...
2021-10-04 02:12:32:293  INFO restartedMain c.z.h.HikariDataSource:123 - HikariPool-7 - Start completed.
2021-10-04 02:12:32:293  INFO restartedMain o.s.b.a.h.H2ConsoleAutoConfiguration:68 - H2 console available at '/h2-console'. Database available at 'jdbc:mysql://127.0.0.1:3306/krkgj_blog?autoReconnect=true&useUnicode=true&characterEncoding=utf-8&zeroDateTimeBehavior=convertToNull'
2021-10-04 02:12:32:310  INFO restartedMain o.h.j.i.u.LogHelper:31 - HHH000204: Processing PersistenceUnitInfo [name: default]
2021-10-04 02:12:32:314  INFO restartedMain o.h.d.Dialect:175 - HHH000400: Using dialect: org.hibernate.dialect.MySQL5InnoDBDialect
2021-10-04 02:12:32:333  INFO restartedMain o.h.e.t.j.p.i.JtaPlatformInitiator:52 - HHH000490: Using JtaPlatform implementation: [org.hibernate.engine.transaction.jta.platform.internal.NoJtaPlatform]
2021-10-04 02:12:32:333  INFO restartedMain o.s.o.j.LocalContainerEntityManagerFactoryBean:437 - Initialized JPA EntityManagerFactory for persistence unit 'default'
2021-10-04 02:12:32:388  WARN restartedMain o.s.b.a.o.j.JpaBaseConfiguration$JpaWebConfiguration:219 - spring.jpa.open-in-view is enabled by default. Therefore, database queries may be performed during view rendering. Explicitly configure spring.jpa.open-in-view to disable this warning
2021-10-04 02:12:32:446  INFO restartedMain o.s.b.d.a.OptionalLiveReloadServer:58 - LiveReload server is running on port 35729
2021-10-04 02:12:32:452  INFO restartedMain o.s.b.w.e.t.TomcatWebServer:220 - Tomcat started on port(s): 9944 (http) with context path ''
2021-10-04 02:12:32:456  INFO restartedMain c.k.b.BlogApiApplication:61 - Started BlogApiApplication in 0.481 seconds (JVM running for 612.562)
2021-10-04 02:12:32:457  INFO restartedMain o.s.b.d.a.ConditionEvaluationDeltaLoggingListener:63 - Condition evaluation unchanged
2021-10-04 02:12:35:123  INFO http-nio-9944-exec-2 o.a.c.c.C.[.[.[/]:173 - Initializing Spring DispatcherServlet 'dispatcherServlet'
2021-10-04 02:12:35:125  INFO http-nio-9944-exec-2 o.s.w.s.DispatcherServlet:525 - Initializing Servlet 'dispatcherServlet'
2021-10-04 02:12:35:126  INFO http-nio-9944-exec-2 o.s.w.s.DispatcherServlet:547 - Completed initialization in 1 ms
2021-10-04 02:16:01:918  INFO Thread-28 o.s.o.j.LocalContainerEntityManagerFactoryBean:651 - Closing JPA EntityManagerFactory for persistence unit 'default'
2021-10-04 02:16:01:919  INFO Thread-28 c.z.h.HikariDataSource:350 - HikariPool-7 - Shutdown initiated...
2021-10-04 02:16:01:925  INFO Thread-28 c.z.h.HikariDataSource:352 - HikariPool-7 - Shutdown completed.
2021-10-04 02:16:02:069  INFO restartedMain c.k.b.BlogApiApplication:55 - Starting BlogApiApplication using Java 1.8.0_271 on KyeongjinKim with PID 17756 (C:\java_project\blog-api\target\classes started by KimKyeongJin in C:\java_project\blog-api)
2021-10-04 02:16:02:069 DEBUG restartedMain c.k.b.BlogApiApplication:56 - Running with Spring Boot v2.5.4, Spring v5.3.9
2021-10-04 02:16:02:070  INFO restartedMain c.k.b.BlogApiApplication:659 - No active profile set, falling back to default profiles: default
2021-10-04 02:16:02:284  INFO restartedMain o.s.d.r.c.RepositoryConfigurationDelegate:132 - Bootstrapping Spring Data JPA repositories in DEFAULT mode.
2021-10-04 02:16:02:300  INFO restartedMain o.s.d.r.c.RepositoryConfigurationDelegate:201 - Finished Spring Data repository scanning in 15 ms. Found 2 JPA repository interfaces.
2021-10-04 02:16:02:386  INFO restartedMain o.s.b.w.e.t.TomcatWebServer:108 - Tomcat initialized with port(s): 9944 (http)
2021-10-04 02:16:02:387  INFO restartedMain o.a.c.c.StandardService:173 - Starting service [Tomcat]
2021-10-04 02:16:02:387  INFO restartedMain o.a.c.c.StandardEngine:173 - Starting Servlet engine: [Apache Tomcat/9.0.52]
2021-10-04 02:16:02:398  INFO restartedMain o.a.c.c.C.[.[.[/]:173 - Initializing Spring embedded WebApplicationContext
2021-10-04 02:16:02:398  INFO restartedMain o.s.b.w.s.c.ServletWebServerApplicationContext:290 - Root WebApplicationContext: initialization completed in 327 ms
2021-10-04 02:16:02:406  INFO restartedMain c.z.h.HikariDataSource:110 - HikariPool-8 - Starting...
2021-10-04 02:16:02:420  INFO restartedMain c.z.h.HikariDataSource:123 - HikariPool-8 - Start completed.
2021-10-04 02:16:02:420  INFO restartedMain o.s.b.a.h.H2ConsoleAutoConfiguration:68 - H2 console available at '/h2-console'. Database available at 'jdbc:mysql://127.0.0.1:3306/krkgj_blog?autoReconnect=true&useUnicode=true&characterEncoding=utf-8&zeroDateTimeBehavior=convertToNull'
2021-10-04 02:16:02:438  INFO restartedMain o.h.j.i.u.LogHelper:31 - HHH000204: Processing PersistenceUnitInfo [name: default]
2021-10-04 02:16:02:443  INFO restartedMain o.h.d.Dialect:175 - HHH000400: Using dialect: org.hibernate.dialect.MySQL5InnoDBDialect
2021-10-04 02:16:02:462  INFO restartedMain o.h.e.t.j.p.i.JtaPlatformInitiator:52 - HHH000490: Using JtaPlatform implementation: [org.hibernate.engine.transaction.jta.platform.internal.NoJtaPlatform]
2021-10-04 02:16:02:463  INFO restartedMain o.s.o.j.LocalContainerEntityManagerFactoryBean:437 - Initialized JPA EntityManagerFactory for persistence unit 'default'
2021-10-04 02:16:02:520  WARN restartedMain o.s.b.a.o.j.JpaBaseConfiguration$JpaWebConfiguration:219 - spring.jpa.open-in-view is enabled by default. Therefore, database queries may be performed during view rendering. Explicitly configure spring.jpa.open-in-view to disable this warning
2021-10-04 02:16:02:588  INFO restartedMain o.s.b.d.a.OptionalLiveReloadServer:58 - LiveReload server is running on port 35729
2021-10-04 02:16:02:596  INFO restartedMain o.s.b.w.e.t.TomcatWebServer:220 - Tomcat started on port(s): 9944 (http) with context path ''
2021-10-04 02:16:02:601  INFO restartedMain c.k.b.BlogApiApplication:61 - Started BlogApiApplication in 0.574 seconds (JVM running for 822.707)
2021-10-04 02:16:02:602  INFO restartedMain o.s.b.d.a.ConditionEvaluationDeltaLoggingListener:63 - Condition evaluation unchanged
2021-10-04 02:16:04:872  INFO http-nio-9944-exec-2 o.a.c.c.C.[.[.[/]:173 - Initializing Spring DispatcherServlet 'dispatcherServlet'
2021-10-04 02:16:04:874  INFO http-nio-9944-exec-2 o.s.w.s.DispatcherServlet:525 - Initializing Servlet 'dispatcherServlet'
2021-10-04 02:16:04:875  INFO http-nio-9944-exec-2 o.s.w.s.DispatcherServlet:547 - Completed initialization in 1 ms
2021-10-04 02:16:04:877  INFO http-nio-9944-exec-2 c.k.b.p.c.PostController:40 - sortingDirection => desc
2021-10-04 02:16:04:877  INFO http-nio-9944-exec-2 c.k.b.p.c.PostController:41 - sortBy => null
2021-10-04 02:16:18:692  INFO Thread-32 o.s.o.j.LocalContainerEntityManagerFactoryBean:651 - Closing JPA EntityManagerFactory for persistence unit 'default'
2021-10-04 02:16:18:693  INFO Thread-32 c.z.h.HikariDataSource:350 - HikariPool-8 - Shutdown initiated...
2021-10-04 02:16:18:699  INFO Thread-32 c.z.h.HikariDataSource:352 - HikariPool-8 - Shutdown completed.
2021-10-04 02:16:18:889  INFO restartedMain c.k.b.BlogApiApplication:55 - Starting BlogApiApplication using Java 1.8.0_271 on KyeongjinKim with PID 17756 (C:\java_project\blog-api\target\classes started by KimKyeongJin in C:\java_project\blog-api)
2021-10-04 02:16:18:889 DEBUG restartedMain c.k.b.BlogApiApplication:56 - Running with Spring Boot v2.5.4, Spring v5.3.9
2021-10-04 02:16:18:889  INFO restartedMain c.k.b.BlogApiApplication:659 - No active profile set, falling back to default profiles: default
2021-10-04 02:16:19:009  INFO restartedMain o.s.d.r.c.RepositoryConfigurationDelegate:132 - Bootstrapping Spring Data JPA repositories in DEFAULT mode.
2021-10-04 02:16:19:023  INFO restartedMain o.s.d.r.c.RepositoryConfigurationDelegate:201 - Finished Spring Data repository scanning in 13 ms. Found 2 JPA repository interfaces.
2021-10-04 02:16:19:083  INFO restartedMain o.s.b.w.e.t.TomcatWebServer:108 - Tomcat initialized with port(s): 9944 (http)
2021-10-04 02:16:19:084  INFO restartedMain o.a.c.c.StandardService:173 - Starting service [Tomcat]
2021-10-04 02:16:19:084  INFO restartedMain o.a.c.c.StandardEngine:173 - Starting Servlet engine: [Apache Tomcat/9.0.52]
2021-10-04 02:16:19:095  INFO restartedMain o.a.c.c.C.[.[.[/]:173 - Initializing Spring embedded WebApplicationContext
2021-10-04 02:16:19:096  INFO restartedMain o.s.b.w.s.c.ServletWebServerApplicationContext:290 - Root WebApplicationContext: initialization completed in 205 ms
2021-10-04 02:16:19:104  INFO restartedMain c.z.h.HikariDataSource:110 - HikariPool-9 - Starting...
2021-10-04 02:16:19:117  INFO restartedMain c.z.h.HikariDataSource:123 - HikariPool-9 - Start completed.
2021-10-04 02:16:19:117  INFO restartedMain o.s.b.a.h.H2ConsoleAutoConfiguration:68 - H2 console available at '/h2-console'. Database available at 'jdbc:mysql://127.0.0.1:3306/krkgj_blog?autoReconnect=true&useUnicode=true&characterEncoding=utf-8&zeroDateTimeBehavior=convertToNull'
2021-10-04 02:16:19:135  INFO restartedMain o.h.j.i.u.LogHelper:31 - HHH000204: Processing PersistenceUnitInfo [name: default]
2021-10-04 02:16:19:139  INFO restartedMain o.h.d.Dialect:175 - HHH000400: Using dialect: org.hibernate.dialect.MySQL5InnoDBDialect
2021-10-04 02:16:19:157  INFO restartedMain o.h.e.t.j.p.i.JtaPlatformInitiator:52 - HHH000490: Using JtaPlatform implementation: [org.hibernate.engine.transaction.jta.platform.internal.NoJtaPlatform]
2021-10-04 02:16:19:157  INFO restartedMain o.s.o.j.LocalContainerEntityManagerFactoryBean:437 - Initialized JPA EntityManagerFactory for persistence unit 'default'
2021-10-04 02:16:19:212  WARN restartedMain o.s.b.a.o.j.JpaBaseConfiguration$JpaWebConfiguration:219 - spring.jpa.open-in-view is enabled by default. Therefore, database queries may be performed during view rendering. Explicitly configure spring.jpa.open-in-view to disable this warning
2021-10-04 02:16:19:280  INFO restartedMain o.s.b.d.a.OptionalLiveReloadServer:58 - LiveReload server is running on port 35729
2021-10-04 02:16:19:289  INFO restartedMain o.s.b.w.e.t.TomcatWebServer:220 - Tomcat started on port(s): 9944 (http) with context path ''
2021-10-04 02:16:19:292  INFO restartedMain c.k.b.BlogApiApplication:61 - Started BlogApiApplication in 0.437 seconds (JVM running for 839.398)
2021-10-04 02:16:19:293  INFO restartedMain o.s.b.d.a.ConditionEvaluationDeltaLoggingListener:63 - Condition evaluation unchanged
2021-10-04 02:17:24:743  INFO Thread-36 o.s.o.j.LocalContainerEntityManagerFactoryBean:651 - Closing JPA EntityManagerFactory for persistence unit 'default'
2021-10-04 02:17:24:745  INFO Thread-36 c.z.h.HikariDataSource:350 - HikariPool-9 - Shutdown initiated...
2021-10-04 02:17:24:751  INFO Thread-36 c.z.h.HikariDataSource:352 - HikariPool-9 - Shutdown completed.
2021-10-04 02:17:24:875  INFO restartedMain c.k.b.BlogApiApplication:55 - Starting BlogApiApplication using Java 1.8.0_271 on KyeongjinKim with PID 17756 (C:\java_project\blog-api\target\classes started by KimKyeongJin in C:\java_project\blog-api)
2021-10-04 02:17:24:875 DEBUG restartedMain c.k.b.BlogApiApplication:56 - Running with Spring Boot v2.5.4, Spring v5.3.9
2021-10-04 02:17:24:876  INFO restartedMain c.k.b.BlogApiApplication:659 - No active profile set, falling back to default profiles: default
2021-10-04 02:17:25:005  INFO restartedMain o.s.d.r.c.RepositoryConfigurationDelegate:132 - Bootstrapping Spring Data JPA repositories in DEFAULT mode.
2021-10-04 02:17:25:020  INFO restartedMain o.s.d.r.c.RepositoryConfigurationDelegate:201 - Finished Spring Data repository scanning in 14 ms. Found 2 JPA repository interfaces.
2021-10-04 02:17:25:105  INFO restartedMain o.s.b.w.e.t.TomcatWebServer:108 - Tomcat initialized with port(s): 9944 (http)
2021-10-04 02:17:25:106  INFO restartedMain o.a.c.c.StandardService:173 - Starting service [Tomcat]
2021-10-04 02:17:25:106  INFO restartedMain o.a.c.c.StandardEngine:173 - Starting Servlet engine: [Apache Tomcat/9.0.52]
2021-10-04 02:17:25:118  INFO restartedMain o.a.c.c.C.[.[.[/]:173 - Initializing Spring embedded WebApplicationContext
2021-10-04 02:17:25:118  INFO restartedMain o.s.b.w.s.c.ServletWebServerApplicationContext:290 - Root WebApplicationContext: initialization completed in 241 ms
2021-10-04 02:17:25:128  INFO restartedMain c.z.h.HikariDataSource:110 - HikariPool-10 - Starting...
2021-10-04 02:17:25:140  INFO restartedMain c.z.h.HikariDataSource:123 - HikariPool-10 - Start completed.
2021-10-04 02:17:25:140  INFO restartedMain o.s.b.a.h.H2ConsoleAutoConfiguration:68 - H2 console available at '/h2-console'. Database available at 'jdbc:mysql://127.0.0.1:3306/krkgj_blog?autoReconnect=true&useUnicode=true&characterEncoding=utf-8&zeroDateTimeBehavior=convertToNull'
2021-10-04 02:17:25:158  INFO restartedMain o.h.j.i.u.LogHelper:31 - HHH000204: Processing PersistenceUnitInfo [name: default]
2021-10-04 02:17:25:162  INFO restartedMain o.h.d.Dialect:175 - HHH000400: Using dialect: org.hibernate.dialect.MySQL5InnoDBDialect
2021-10-04 02:17:25:181  INFO restartedMain o.h.e.t.j.p.i.JtaPlatformInitiator:52 - HHH000490: Using JtaPlatform implementation: [org.hibernate.engine.transaction.jta.platform.internal.NoJtaPlatform]
2021-10-04 02:17:25:182  INFO restartedMain o.s.o.j.LocalContainerEntityManagerFactoryBean:437 - Initialized JPA EntityManagerFactory for persistence unit 'default'
2021-10-04 02:17:25:236  WARN restartedMain o.s.b.a.o.j.JpaBaseConfiguration$JpaWebConfiguration:219 - spring.jpa.open-in-view is enabled by default. Therefore, database queries may be performed during view rendering. Explicitly configure spring.jpa.open-in-view to disable this warning
2021-10-04 02:17:25:303  INFO restartedMain o.s.b.d.a.OptionalLiveReloadServer:58 - LiveReload server is running on port 35729
2021-10-04 02:17:25:310  INFO restartedMain o.s.b.w.e.t.TomcatWebServer:220 - Tomcat started on port(s): 9944 (http) with context path ''
2021-10-04 02:17:25:313  INFO restartedMain c.k.b.BlogApiApplication:61 - Started BlogApiApplication in 0.474 seconds (JVM running for 905.419)
2021-10-04 02:17:25:314  INFO restartedMain o.s.b.d.a.ConditionEvaluationDeltaLoggingListener:63 - Condition evaluation unchanged
2021-10-04 02:17:44:543  INFO Thread-40 o.s.o.j.LocalContainerEntityManagerFactoryBean:651 - Closing JPA EntityManagerFactory for persistence unit 'default'
2021-10-04 02:17:44:544  INFO Thread-40 c.z.h.HikariDataSource:350 - HikariPool-10 - Shutdown initiated...
2021-10-04 02:17:44:549  INFO Thread-40 c.z.h.HikariDataSource:352 - HikariPool-10 - Shutdown completed.
2021-10-04 02:17:44:677  INFO restartedMain c.k.b.BlogApiApplication:55 - Starting BlogApiApplication using Java 1.8.0_271 on KyeongjinKim with PID 17756 (C:\java_project\blog-api\target\classes started by KimKyeongJin in C:\java_project\blog-api)
2021-10-04 02:17:44:677 DEBUG restartedMain c.k.b.BlogApiApplication:56 - Running with Spring Boot v2.5.4, Spring v5.3.9
2021-10-04 02:17:44:677  INFO restartedMain c.k.b.BlogApiApplication:659 - No active profile set, falling back to default profiles: default
2021-10-04 02:17:44:799  INFO restartedMain o.s.d.r.c.RepositoryConfigurationDelegate:132 - Bootstrapping Spring Data JPA repositories in DEFAULT mode.
2021-10-04 02:17:44:813  INFO restartedMain o.s.d.r.c.RepositoryConfigurationDelegate:201 - Finished Spring Data repository scanning in 13 ms. Found 2 JPA repository interfaces.
2021-10-04 02:17:44:866  INFO restartedMain o.s.b.w.e.t.TomcatWebServer:108 - Tomcat initialized with port(s): 9944 (http)
2021-10-04 02:17:44:866  INFO restartedMain o.a.c.c.StandardService:173 - Starting service [Tomcat]
2021-10-04 02:17:44:867  INFO restartedMain o.a.c.c.StandardEngine:173 - Starting Servlet engine: [Apache Tomcat/9.0.52]
2021-10-04 02:17:44:881  INFO restartedMain o.a.c.c.C.[.[.[/]:173 - Initializing Spring embedded WebApplicationContext
2021-10-04 02:17:44:881  INFO restartedMain o.s.b.w.s.c.ServletWebServerApplicationContext:290 - Root WebApplicationContext: initialization completed in 202 ms
2021-10-04 02:17:44:890  INFO restartedMain c.z.h.HikariDataSource:110 - HikariPool-11 - Starting...
2021-10-04 02:17:44:901  INFO restartedMain c.z.h.HikariDataSource:123 - HikariPool-11 - Start completed.
2021-10-04 02:17:44:901  INFO restartedMain o.s.b.a.h.H2ConsoleAutoConfiguration:68 - H2 console available at '/h2-console'. Database available at 'jdbc:mysql://127.0.0.1:3306/krkgj_blog?autoReconnect=true&useUnicode=true&characterEncoding=utf-8&zeroDateTimeBehavior=convertToNull'
2021-10-04 02:17:44:921  INFO restartedMain o.h.j.i.u.LogHelper:31 - HHH000204: Processing PersistenceUnitInfo [name: default]
2021-10-04 02:17:44:926  INFO restartedMain o.h.d.Dialect:175 - HHH000400: Using dialect: org.hibernate.dialect.MySQL5InnoDBDialect
2021-10-04 02:17:44:943  INFO restartedMain o.h.e.t.j.p.i.JtaPlatformInitiator:52 - HHH000490: Using JtaPlatform implementation: [org.hibernate.engine.transaction.jta.platform.internal.NoJtaPlatform]
2021-10-04 02:17:44:943  INFO restartedMain o.s.o.j.LocalContainerEntityManagerFactoryBean:437 - Initialized JPA EntityManagerFactory for persistence unit 'default'
2021-10-04 02:17:44:999  WARN restartedMain o.s.b.a.o.j.JpaBaseConfiguration$JpaWebConfiguration:219 - spring.jpa.open-in-view is enabled by default. Therefore, database queries may be performed during view rendering. Explicitly configure spring.jpa.open-in-view to disable this warning
2021-10-04 02:17:45:065  INFO restartedMain o.s.b.d.a.OptionalLiveReloadServer:58 - LiveReload server is running on port 35729
2021-10-04 02:17:45:071  INFO restartedMain o.s.b.w.e.t.TomcatWebServer:220 - Tomcat started on port(s): 9944 (http) with context path ''
2021-10-04 02:17:45:074  INFO restartedMain c.k.b.BlogApiApplication:61 - Started BlogApiApplication in 0.437 seconds (JVM running for 925.181)
2021-10-04 02:17:45:076  INFO restartedMain o.s.b.d.a.ConditionEvaluationDeltaLoggingListener:63 - Condition evaluation unchanged
2021-10-04 02:17:53:940  INFO Thread-44 o.s.o.j.LocalContainerEntityManagerFactoryBean:651 - Closing JPA EntityManagerFactory for persistence unit 'default'
2021-10-04 02:17:53:941  INFO Thread-44 c.z.h.HikariDataSource:350 - HikariPool-11 - Shutdown initiated...
2021-10-04 02:17:53:947  INFO Thread-44 c.z.h.HikariDataSource:352 - HikariPool-11 - Shutdown completed.
2021-10-04 02:17:54:045  INFO restartedMain c.k.b.BlogApiApplication:55 - Starting BlogApiApplication using Java 1.8.0_271 on KyeongjinKim with PID 17756 (C:\java_project\blog-api\target\classes started by KimKyeongJin in C:\java_project\blog-api)
2021-10-04 02:17:54:045 DEBUG restartedMain c.k.b.BlogApiApplication:56 - Running with Spring Boot v2.5.4, Spring v5.3.9
2021-10-04 02:17:54:045  INFO restartedMain c.k.b.BlogApiApplication:659 - No active profile set, falling back to default profiles: default
2021-10-04 02:17:54:177  INFO restartedMain o.s.d.r.c.RepositoryConfigurationDelegate:132 - Bootstrapping Spring Data JPA repositories in DEFAULT mode.
2021-10-04 02:17:54:191  INFO restartedMain o.s.d.r.c.RepositoryConfigurationDelegate:201 - Finished Spring Data repository scanning in 13 ms. Found 2 JPA repository interfaces.
2021-10-04 02:17:54:248  INFO restartedMain o.s.b.w.e.t.TomcatWebServer:108 - Tomcat initialized with port(s): 9944 (http)
2021-10-04 02:17:54:249  INFO restartedMain o.a.c.c.StandardService:173 - Starting service [Tomcat]
2021-10-04 02:17:54:249  INFO restartedMain o.a.c.c.StandardEngine:173 - Starting Servlet engine: [Apache Tomcat/9.0.52]
2021-10-04 02:17:54:263  INFO restartedMain o.a.c.c.C.[.[.[/]:173 - Initializing Spring embedded WebApplicationContext
2021-10-04 02:17:54:264  INFO restartedMain o.s.b.w.s.c.ServletWebServerApplicationContext:290 - Root WebApplicationContext: initialization completed in 217 ms
2021-10-04 02:17:54:272  INFO restartedMain c.z.h.HikariDataSource:110 - HikariPool-12 - Starting...
2021-10-04 02:17:54:285  INFO restartedMain c.z.h.HikariDataSource:123 - HikariPool-12 - Start completed.
2021-10-04 02:17:54:286  INFO restartedMain o.s.b.a.h.H2ConsoleAutoConfiguration:68 - H2 console available at '/h2-console'. Database available at 'jdbc:mysql://127.0.0.1:3306/krkgj_blog?autoReconnect=true&useUnicode=true&characterEncoding=utf-8&zeroDateTimeBehavior=convertToNull'
2021-10-04 02:17:54:303  INFO restartedMain o.h.j.i.u.LogHelper:31 - HHH000204: Processing PersistenceUnitInfo [name: default]
2021-10-04 02:17:54:306  INFO restartedMain o.h.d.Dialect:175 - HHH000400: Using dialect: org.hibernate.dialect.MySQL5InnoDBDialect
2021-10-04 02:17:54:322  INFO restartedMain o.h.e.t.j.p.i.JtaPlatformInitiator:52 - HHH000490: Using JtaPlatform implementation: [org.hibernate.engine.transaction.jta.platform.internal.NoJtaPlatform]
2021-10-04 02:17:54:323  INFO restartedMain o.s.o.j.LocalContainerEntityManagerFactoryBean:437 - Initialized JPA EntityManagerFactory for persistence unit 'default'
2021-10-04 02:17:54:374  WARN restartedMain o.s.b.a.o.j.JpaBaseConfiguration$JpaWebConfiguration:219 - spring.jpa.open-in-view is enabled by default. Therefore, database queries may be performed during view rendering. Explicitly configure spring.jpa.open-in-view to disable this warning
2021-10-04 02:17:54:433  INFO restartedMain o.s.b.d.a.OptionalLiveReloadServer:58 - LiveReload server is running on port 35729
2021-10-04 02:17:54:440  INFO restartedMain o.s.b.w.e.t.TomcatWebServer:220 - Tomcat started on port(s): 9944 (http) with context path ''
2021-10-04 02:17:54:443  INFO restartedMain c.k.b.BlogApiApplication:61 - Started BlogApiApplication in 0.436 seconds (JVM running for 934.55)
2021-10-04 02:17:54:445  INFO restartedMain o.s.b.d.a.ConditionEvaluationDeltaLoggingListener:63 - Condition evaluation unchanged
2021-10-04 02:18:27:875  INFO http-nio-9944-exec-2 o.a.c.c.C.[.[.[/]:173 - Initializing Spring DispatcherServlet 'dispatcherServlet'
2021-10-04 02:18:27:875  INFO http-nio-9944-exec-2 o.s.w.s.DispatcherServlet:525 - Initializing Servlet 'dispatcherServlet'
2021-10-04 02:18:27:876  INFO http-nio-9944-exec-2 o.s.w.s.DispatcherServlet:547 - Completed initialization in 1 ms
2021-10-04 02:18:27:879  INFO http-nio-9944-exec-2 c.k.b.p.c.PostController:40 - sortingDirection => desc
2021-10-04 02:18:27:880  INFO http-nio-9944-exec-2 c.k.b.p.c.PostController:41 - sortBy => createtime
2021-10-04 02:19:23:697  INFO Thread-48 o.s.o.j.LocalContainerEntityManagerFactoryBean:651 - Closing JPA EntityManagerFactory for persistence unit 'default'
2021-10-04 02:19:23:698  INFO Thread-48 c.z.h.HikariDataSource:350 - HikariPool-12 - Shutdown initiated...
2021-10-04 02:19:23:705  INFO Thread-48 c.z.h.HikariDataSource:352 - HikariPool-12 - Shutdown completed.
2021-10-04 02:19:23:844  INFO restartedMain c.k.b.BlogApiApplication:55 - Starting BlogApiApplication using Java 1.8.0_271 on KyeongjinKim with PID 17756 (C:\java_project\blog-api\target\classes started by KimKyeongJin in C:\java_project\blog-api)
2021-10-04 02:19:23:845 DEBUG restartedMain c.k.b.BlogApiApplication:56 - Running with Spring Boot v2.5.4, Spring v5.3.9
2021-10-04 02:19:23:845  INFO restartedMain c.k.b.BlogApiApplication:659 - No active profile set, falling back to default profiles: default
2021-10-04 02:19:23:982  INFO restartedMain o.s.d.r.c.RepositoryConfigurationDelegate:132 - Bootstrapping Spring Data JPA repositories in DEFAULT mode.
2021-10-04 02:19:23:996  INFO restartedMain o.s.d.r.c.RepositoryConfigurationDelegate:201 - Finished Spring Data repository scanning in 13 ms. Found 2 JPA repository interfaces.
2021-10-04 02:19:24:079  INFO restartedMain o.s.b.w.e.t.TomcatWebServer:108 - Tomcat initialized with port(s): 9944 (http)
2021-10-04 02:19:24:079  INFO restartedMain o.a.c.c.StandardService:173 - Starting service [Tomcat]
2021-10-04 02:19:24:080  INFO restartedMain o.a.c.c.StandardEngine:173 - Starting Servlet engine: [Apache Tomcat/9.0.52]
2021-10-04 02:19:24:093  INFO restartedMain o.a.c.c.C.[.[.[/]:173 - Initializing Spring embedded WebApplicationContext
2021-10-04 02:19:24:094  INFO restartedMain o.s.b.w.s.c.ServletWebServerApplicationContext:290 - Root WebApplicationContext: initialization completed in 246 ms
2021-10-04 02:19:24:102  INFO restartedMain c.z.h.HikariDataSource:110 - HikariPool-13 - Starting...
2021-10-04 02:19:24:114  INFO restartedMain c.z.h.HikariDataSource:123 - HikariPool-13 - Start completed.
2021-10-04 02:19:24:114  INFO restartedMain o.s.b.a.h.H2ConsoleAutoConfiguration:68 - H2 console available at '/h2-console'. Database available at 'jdbc:mysql://127.0.0.1:3306/krkgj_blog?autoReconnect=true&useUnicode=true&characterEncoding=utf-8&zeroDateTimeBehavior=convertToNull'
2021-10-04 02:19:24:131  INFO restartedMain o.h.j.i.u.LogHelper:31 - HHH000204: Processing PersistenceUnitInfo [name: default]
2021-10-04 02:19:24:134  INFO restartedMain o.h.d.Dialect:175 - HHH000400: Using dialect: org.hibernate.dialect.MySQL5InnoDBDialect
2021-10-04 02:19:24:151  INFO restartedMain o.h.e.t.j.p.i.JtaPlatformInitiator:52 - HHH000490: Using JtaPlatform implementation: [org.hibernate.engine.transaction.jta.platform.internal.NoJtaPlatform]
2021-10-04 02:19:24:151  INFO restartedMain o.s.o.j.LocalContainerEntityManagerFactoryBean:437 - Initialized JPA EntityManagerFactory for persistence unit 'default'
2021-10-04 02:19:24:207  WARN restartedMain o.s.b.a.o.j.JpaBaseConfiguration$JpaWebConfiguration:219 - spring.jpa.open-in-view is enabled by default. Therefore, database queries may be performed during view rendering. Explicitly configure spring.jpa.open-in-view to disable this warning
2021-10-04 02:19:24:266  INFO restartedMain o.s.b.d.a.OptionalLiveReloadServer:58 - LiveReload server is running on port 35729
2021-10-04 02:19:24:274  INFO restartedMain o.s.b.w.e.t.TomcatWebServer:220 - Tomcat started on port(s): 9944 (http) with context path ''
2021-10-04 02:19:24:278  INFO restartedMain c.k.b.BlogApiApplication:61 - Started BlogApiApplication in 0.473 seconds (JVM running for 1024.384)
2021-10-04 02:19:24:279  INFO restartedMain o.s.b.d.a.ConditionEvaluationDeltaLoggingListener:63 - Condition evaluation unchanged
2021-10-04 02:19:26:373  INFO http-nio-9944-exec-2 o.a.c.c.C.[.[.[/]:173 - Initializing Spring DispatcherServlet 'dispatcherServlet'
2021-10-04 02:19:26:375  INFO http-nio-9944-exec-2 o.s.w.s.DispatcherServlet:525 - Initializing Servlet 'dispatcherServlet'
2021-10-04 02:19:26:377  INFO http-nio-9944-exec-2 o.s.w.s.DispatcherServlet:547 - Completed initialization in 1 ms
2021-10-04 02:19:26:380  INFO http-nio-9944-exec-2 c.k.b.p.c.PostController:40 - sortingDirection => desc
2021-10-04 02:19:26:380  INFO http-nio-9944-exec-2 c.k.b.p.c.PostController:41 - sortBy => createtime
2021-10-04 02:19:48:667  INFO Thread-52 o.s.o.j.LocalContainerEntityManagerFactoryBean:651 - Closing JPA EntityManagerFactory for persistence unit 'default'
2021-10-04 02:19:48:668  INFO Thread-52 c.z.h.HikariDataSource:350 - HikariPool-13 - Shutdown initiated...
2021-10-04 02:19:48:674  INFO Thread-52 c.z.h.HikariDataSource:352 - HikariPool-13 - Shutdown completed.
2021-10-04 02:19:48:859  INFO restartedMain c.k.b.BlogApiApplication:55 - Starting BlogApiApplication using Java 1.8.0_271 on KyeongjinKim with PID 17756 (C:\java_project\blog-api\target\classes started by KimKyeongJin in C:\java_project\blog-api)
2021-10-04 02:19:48:861 DEBUG restartedMain c.k.b.BlogApiApplication:56 - Running with Spring Boot v2.5.4, Spring v5.3.9
2021-10-04 02:19:48:861  INFO restartedMain c.k.b.BlogApiApplication:659 - No active profile set, falling back to default profiles: default
2021-10-04 02:19:49:095  INFO restartedMain o.s.d.r.c.RepositoryConfigurationDelegate:132 - Bootstrapping Spring Data JPA repositories in DEFAULT mode.
2021-10-04 02:19:49:111  INFO restartedMain o.s.d.r.c.RepositoryConfigurationDelegate:201 - Finished Spring Data repository scanning in 15 ms. Found 2 JPA repository interfaces.
2021-10-04 02:19:49:178  INFO restartedMain o.s.b.w.e.t.TomcatWebServer:108 - Tomcat initialized with port(s): 9944 (http)
2021-10-04 02:19:49:178  INFO restartedMain o.a.c.c.StandardService:173 - Starting service [Tomcat]
2021-10-04 02:19:49:179  INFO restartedMain o.a.c.c.StandardEngine:173 - Starting Servlet engine: [Apache Tomcat/9.0.52]
2021-10-04 02:19:49:193  INFO restartedMain o.a.c.c.C.[.[.[/]:173 - Initializing Spring embedded WebApplicationContext
2021-10-04 02:19:49:193  INFO restartedMain o.s.b.w.s.c.ServletWebServerApplicationContext:290 - Root WebApplicationContext: initialization completed in 328 ms
2021-10-04 02:19:49:205  INFO restartedMain c.z.h.HikariDataSource:110 - HikariPool-14 - Starting...
2021-10-04 02:19:49:219  INFO restartedMain c.z.h.HikariDataSource:123 - HikariPool-14 - Start completed.
2021-10-04 02:19:49:219  INFO restartedMain o.s.b.a.h.H2ConsoleAutoConfiguration:68 - H2 console available at '/h2-console'. Database available at 'jdbc:mysql://127.0.0.1:3306/krkgj_blog?autoReconnect=true&useUnicode=true&characterEncoding=utf-8&zeroDateTimeBehavior=convertToNull'
2021-10-04 02:19:49:237  INFO restartedMain o.h.j.i.u.LogHelper:31 - HHH000204: Processing PersistenceUnitInfo [name: default]
2021-10-04 02:19:49:240  INFO restartedMain o.h.d.Dialect:175 - HHH000400: Using dialect: org.hibernate.dialect.MySQL5InnoDBDialect
2021-10-04 02:19:49:257  INFO restartedMain o.h.e.t.j.p.i.JtaPlatformInitiator:52 - HHH000490: Using JtaPlatform implementation: [org.hibernate.engine.transaction.jta.platform.internal.NoJtaPlatform]
2021-10-04 02:19:49:257  INFO restartedMain o.s.o.j.LocalContainerEntityManagerFactoryBean:437 - Initialized JPA EntityManagerFactory for persistence unit 'default'
2021-10-04 02:19:49:317  WARN restartedMain o.s.b.a.o.j.JpaBaseConfiguration$JpaWebConfiguration:219 - spring.jpa.open-in-view is enabled by default. Therefore, database queries may be performed during view rendering. Explicitly configure spring.jpa.open-in-view to disable this warning
2021-10-04 02:19:49:388  INFO restartedMain o.s.b.d.a.OptionalLiveReloadServer:58 - LiveReload server is running on port 35729
2021-10-04 02:19:49:396  INFO restartedMain o.s.b.w.e.t.TomcatWebServer:220 - Tomcat started on port(s): 9944 (http) with context path ''
2021-10-04 02:19:49:400  INFO restartedMain c.k.b.BlogApiApplication:61 - Started BlogApiApplication in 0.618 seconds (JVM running for 1049.507)
2021-10-04 02:19:49:403  INFO restartedMain o.s.b.d.a.ConditionEvaluationDeltaLoggingListener:63 - Condition evaluation unchanged
2021-10-04 02:21:05:973  INFO RMI TCP Connection(2)-127.0.0.1 o.s.b.a.SpringApplicationAdminMXBeanRegistrar$SpringApplicationAdmin:159 - Application shutdown requested.
2021-10-04 02:21:06:282  INFO RMI TCP Connection(2)-127.0.0.1 o.s.o.j.LocalContainerEntityManagerFactoryBean:651 - Closing JPA EntityManagerFactory for persistence unit 'default'
2021-10-04 02:21:06:283  INFO RMI TCP Connection(2)-127.0.0.1 c.z.h.HikariDataSource:350 - HikariPool-14 - Shutdown initiated...
2021-10-04 02:21:06:286  INFO RMI TCP Connection(2)-127.0.0.1 c.z.h.HikariDataSource:352 - HikariPool-14 - Shutdown completed.
