2021-10-04 02:00:12.300  INFO 14264 --- [restartedMain] com.krkgj.blogapi.BlogApiApplication     : Starting BlogApiApplication using Java 1.8.0_271 on KyeongjinKim with PID 14264 (C:\java_project\blog-api\target\classes started by KimKyeongJin in C:\java_project\blog-api)
2021-10-04 02:00:12.302 DEBUG 14264 --- [restartedMain] com.krkgj.blogapi.BlogApiApplication     : Running with Spring Boot v2.5.4, Spring v5.3.9
2021-10-04 02:00:12.303  INFO 14264 --- [restartedMain] com.krkgj.blogapi.BlogApiApplication     : No active profile set, falling back to default profiles: default
2021-10-04 02:00:12.336  INFO 14264 --- [restartedMain] .e.DevToolsPropertyDefaultsPostProcessor : Devtools property defaults active! Set 'spring.devtools.add-properties' to 'false' to disable
2021-10-04 02:00:12.339  INFO 14264 --- [restartedMain] .e.DevToolsPropertyDefaultsPostProcessor : For additional web related logging consider setting the 'logging.level.web' property to 'DEBUG'
2021-10-04 02:00:12.819  INFO 14264 --- [restartedMain] .s.d.r.c.RepositoryConfigurationDelegate : Bootstrapping Spring Data JPA repositories in DEFAULT mode.
2021-10-04 02:00:12.868  INFO 14264 --- [restartedMain] .s.d.r.c.RepositoryConfigurationDelegate : Finished Spring Data repository scanning in 41 ms. Found 2 JPA repository interfaces.
2021-10-04 02:00:13.273  INFO 14264 --- [restartedMain] o.s.b.w.embedded.tomcat.TomcatWebServer  : Tomcat initialized with port(s): 8080 (http)
2021-10-04 02:00:13.288  INFO 14264 --- [restartedMain] o.apache.catalina.core.StandardService   : Starting service [Tomcat]
2021-10-04 02:00:13.289  INFO 14264 --- [restartedMain] org.apache.catalina.core.StandardEngine  : Starting Servlet engine: [Apache Tomcat/9.0.52]
2021-10-04 02:00:13.355  INFO 14264 --- [restartedMain] o.a.c.c.C.[Tomcat].[localhost].[/]       : Initializing Spring embedded WebApplicationContext
2021-10-04 02:00:13.355  INFO 14264 --- [restartedMain] w.s.c.ServletWebServerApplicationContext : Root WebApplicationContext: initialization completed in 1016 ms
2021-10-04 02:00:13.380  INFO 14264 --- [restartedMain] com.zaxxer.hikari.HikariDataSource       : HikariPool-1 - Starting...
2021-10-04 02:00:13.466  INFO 14264 --- [restartedMain] com.zaxxer.hikari.HikariDataSource       : HikariPool-1 - Start completed.
2021-10-04 02:00:13.471  INFO 14264 --- [restartedMain] o.s.b.a.h2.H2ConsoleAutoConfiguration    : H2 console available at '/h2-console'. Database available at 'jdbc:h2:mem:bc6a40c4-8e2d-4c7c-9e2a-da6ee698d357'
2021-10-04 02:00:13.585  INFO 14264 --- [restartedMain] o.hibernate.jpa.internal.util.LogHelper  : HHH000204: Processing PersistenceUnitInfo [name: default]
2021-10-04 02:00:13.698  INFO 14264 --- [restartedMain] org.hibernate.Version                    : HHH000412: Hibernate ORM core version 5.4.32.Final
2021-10-04 02:00:13.790  INFO 14264 --- [restartedMain] o.hibernate.annotations.common.Version   : HCANN000001: Hibernate Commons Annotations {5.1.2.Final}
2021-10-04 02:00:13.874  INFO 14264 --- [restartedMain] org.hibernate.dialect.Dialect            : HHH000400: Using dialect: org.hibernate.dialect.H2Dialect
2021-10-04 02:00:14.289  INFO 14264 --- [restartedMain] o.h.e.t.j.p.i.JtaPlatformInitiator       : HHH000490: Using JtaPlatform implementation: [org.hibernate.engine.transaction.jta.platform.internal.NoJtaPlatform]
2021-10-04 02:00:14.297  INFO 14264 --- [restartedMain] j.LocalContainerEntityManagerFactoryBean : Initialized JPA EntityManagerFactory for persistence unit 'default'
2021-10-04 02:00:14.574  WARN 14264 --- [restartedMain] JpaBaseConfiguration$JpaWebConfiguration : spring.jpa.open-in-view is enabled by default. Therefore, database queries may be performed during view rendering. Explicitly configure spring.jpa.open-in-view to disable this warning
2021-10-04 02:00:14.809  INFO 14264 --- [restartedMain] o.s.b.d.a.OptionalLiveReloadServer       : LiveReload server is running on port 35729
2021-10-04 02:00:14.834  INFO 14264 --- [restartedMain] o.s.b.w.embedded.tomcat.TomcatWebServer  : Tomcat started on port(s): 8080 (http) with context path ''
2021-10-04 02:00:14.842  INFO 14264 --- [restartedMain] com.krkgj.blogapi.BlogApiApplication     : Started BlogApiApplication in 2.894 seconds (JVM running for 3.714)
2021-10-04 02:00:16.092  INFO 14264 --- [RMI TCP Connection(2)-127.0.0.1] inMXBeanRegistrar$SpringApplicationAdmin : Application shutdown requested.
2021-10-04 02:00:16.448  INFO 14264 --- [RMI TCP Connection(2)-127.0.0.1] j.LocalContainerEntityManagerFactoryBean : Closing JPA EntityManagerFactory for persistence unit 'default'
2021-10-04 02:00:16.449  INFO 14264 --- [RMI TCP Connection(2)-127.0.0.1] .SchemaDropperImpl$DelayedDropActionImpl : HHH000477: Starting delayed evictData of schema as part of SessionFactory shut-down'
2021-10-04 02:00:16.668  WARN 14264 --- [RMI TCP Connection(2)-127.0.0.1] o.s.b.f.support.DisposableBeanAdapter    : Invocation of destroy method failed on bean with name 'inMemoryDatabaseShutdownExecutor': org.h2.jdbc.JdbcSQLNonTransientConnectionException: Database is already closed (to disable automatic closing at VM shutdown, add ";DB_CLOSE_ON_EXIT=FALSE" to the db URL) [90121-200]
2021-10-04 02:00:16.669  INFO 14264 --- [RMI TCP Connection(2)-127.0.0.1] com.zaxxer.hikari.HikariDataSource       : HikariPool-1 - Shutdown initiated...
2021-10-04 02:00:16.671  INFO 14264 --- [RMI TCP Connection(2)-127.0.0.1] com.zaxxer.hikari.HikariDataSource       : HikariPool-1 - Shutdown completed.
2021-10-04 02:00:24.804  INFO 18596 --- [restartedMain] com.krkgj.blogapi.BlogApiApplication     : Starting BlogApiApplication using Java 1.8.0_271 on KyeongjinKim with PID 18596 (C:\java_project\blog-api\target\classes started by KimKyeongJin in C:\java_project\blog-api)
2021-10-04 02:00:24.808 DEBUG 18596 --- [restartedMain] com.krkgj.blogapi.BlogApiApplication     : Running with Spring Boot v2.5.4, Spring v5.3.9
2021-10-04 02:00:24.808  INFO 18596 --- [restartedMain] com.krkgj.blogapi.BlogApiApplication     : No active profile set, falling back to default profiles: default
2021-10-04 02:00:24.844  INFO 18596 --- [restartedMain] .e.DevToolsPropertyDefaultsPostProcessor : Devtools property defaults active! Set 'spring.devtools.add-properties' to 'false' to disable
2021-10-04 02:00:24.845  INFO 18596 --- [restartedMain] .e.DevToolsPropertyDefaultsPostProcessor : For additional web related logging consider setting the 'logging.level.web' property to 'DEBUG'
2021-10-04 02:00:25.317  INFO 18596 --- [restartedMain] .s.d.r.c.RepositoryConfigurationDelegate : Bootstrapping Spring Data JPA repositories in DEFAULT mode.
2021-10-04 02:00:25.368  INFO 18596 --- [restartedMain] .s.d.r.c.RepositoryConfigurationDelegate : Finished Spring Data repository scanning in 44 ms. Found 2 JPA repository interfaces.
2021-10-04 02:00:25.758  INFO 18596 --- [restartedMain] o.s.b.w.embedded.tomcat.TomcatWebServer  : Tomcat initialized with port(s): 8080 (http)
2021-10-04 02:00:25.765  INFO 18596 --- [restartedMain] o.apache.catalina.core.StandardService   : Starting service [Tomcat]
2021-10-04 02:00:25.766  INFO 18596 --- [restartedMain] org.apache.catalina.core.StandardEngine  : Starting Servlet engine: [Apache Tomcat/9.0.52]
2021-10-04 02:00:25.841  INFO 18596 --- [restartedMain] o.a.c.c.C.[Tomcat].[localhost].[/]       : Initializing Spring embedded WebApplicationContext
2021-10-04 02:00:25.842  INFO 18596 --- [restartedMain] w.s.c.ServletWebServerApplicationContext : Root WebApplicationContext: initialization completed in 996 ms
2021-10-04 02:00:25.866  INFO 18596 --- [restartedMain] com.zaxxer.hikari.HikariDataSource       : HikariPool-1 - Starting...
2021-10-04 02:00:25.951  INFO 18596 --- [restartedMain] com.zaxxer.hikari.HikariDataSource       : HikariPool-1 - Start completed.
2021-10-04 02:00:25.957  INFO 18596 --- [restartedMain] o.s.b.a.h2.H2ConsoleAutoConfiguration    : H2 console available at '/h2-console'. Database available at 'jdbc:h2:mem:028e7049-144d-4e5f-a31e-a11819c056a5'
2021-10-04 02:00:26.068  INFO 18596 --- [restartedMain] o.hibernate.jpa.internal.util.LogHelper  : HHH000204: Processing PersistenceUnitInfo [name: default]
2021-10-04 02:00:26.174  INFO 18596 --- [restartedMain] org.hibernate.Version                    : HHH000412: Hibernate ORM core version 5.4.32.Final
2021-10-04 02:00:26.263  INFO 18596 --- [restartedMain] o.hibernate.annotations.common.Version   : HCANN000001: Hibernate Commons Annotations {5.1.2.Final}
2021-10-04 02:00:26.345  INFO 18596 --- [restartedMain] org.hibernate.dialect.Dialect            : HHH000400: Using dialect: org.hibernate.dialect.H2Dialect
2021-10-04 02:00:26.748  INFO 18596 --- [restartedMain] o.h.e.t.j.p.i.JtaPlatformInitiator       : HHH000490: Using JtaPlatform implementation: [org.hibernate.engine.transaction.jta.platform.internal.NoJtaPlatform]
2021-10-04 02:00:26.756  INFO 18596 --- [restartedMain] j.LocalContainerEntityManagerFactoryBean : Initialized JPA EntityManagerFactory for persistence unit 'default'
2021-10-04 02:00:27.033  WARN 18596 --- [restartedMain] JpaBaseConfiguration$JpaWebConfiguration : spring.jpa.open-in-view is enabled by default. Therefore, database queries may be performed during view rendering. Explicitly configure spring.jpa.open-in-view to disable this warning
2021-10-04 02:00:27.267  INFO 18596 --- [restartedMain] o.s.b.d.a.OptionalLiveReloadServer       : LiveReload server is running on port 35729
2021-10-04 02:00:27.291  INFO 18596 --- [restartedMain] o.s.b.w.embedded.tomcat.TomcatWebServer  : Tomcat started on port(s): 8080 (http) with context path ''
2021-10-04 02:00:27.300  INFO 18596 --- [restartedMain] com.krkgj.blogapi.BlogApiApplication     : Started BlogApiApplication in 2.824 seconds (JVM running for 3.645)
2021-10-04 02:00:28.179  INFO 18596 --- [RMI TCP Connection(2)-127.0.0.1] inMXBeanRegistrar$SpringApplicationAdmin : Application shutdown requested.
2021-10-04 02:00:28.497  INFO 18596 --- [RMI TCP Connection(2)-127.0.0.1] j.LocalContainerEntityManagerFactoryBean : Closing JPA EntityManagerFactory for persistence unit 'default'
2021-10-04 02:00:28.497  INFO 18596 --- [RMI TCP Connection(2)-127.0.0.1] .SchemaDropperImpl$DelayedDropActionImpl : HHH000477: Starting delayed evictData of schema as part of SessionFactory shut-down'
2021-10-04 02:00:28.715  WARN 18596 --- [RMI TCP Connection(2)-127.0.0.1] o.s.b.f.support.DisposableBeanAdapter    : Invocation of destroy method failed on bean with name 'inMemoryDatabaseShutdownExecutor': org.h2.jdbc.JdbcSQLNonTransientConnectionException: Database is already closed (to disable automatic closing at VM shutdown, add ";DB_CLOSE_ON_EXIT=FALSE" to the db URL) [90121-200]
2021-10-04 02:00:28.715  INFO 18596 --- [RMI TCP Connection(2)-127.0.0.1] com.zaxxer.hikari.HikariDataSource       : HikariPool-1 - Shutdown initiated...
2021-10-04 02:00:28.717  INFO 18596 --- [RMI TCP Connection(2)-127.0.0.1] com.zaxxer.hikari.HikariDataSource       : HikariPool-1 - Shutdown completed.
2021-10-04 02:00:36.766  INFO 9068 --- [restartedMain] com.krkgj.blogapi.BlogApiApplication     : Starting BlogApiApplication using Java 1.8.0_271 on KyeongjinKim with PID 9068 (C:\java_project\blog-api\target\classes started by KimKyeongJin in C:\java_project\blog-api)
2021-10-04 02:00:36.769 DEBUG 9068 --- [restartedMain] com.krkgj.blogapi.BlogApiApplication     : Running with Spring Boot v2.5.4, Spring v5.3.9
2021-10-04 02:00:36.770  INFO 9068 --- [restartedMain] com.krkgj.blogapi.BlogApiApplication     : No active profile set, falling back to default profiles: default
2021-10-04 02:00:36.807  INFO 9068 --- [restartedMain] .e.DevToolsPropertyDefaultsPostProcessor : Devtools property defaults active! Set 'spring.devtools.add-properties' to 'false' to disable
2021-10-04 02:00:36.808  INFO 9068 --- [restartedMain] .e.DevToolsPropertyDefaultsPostProcessor : For additional web related logging consider setting the 'logging.level.web' property to 'DEBUG'
2021-10-04 02:00:37.280  INFO 9068 --- [restartedMain] .s.d.r.c.RepositoryConfigurationDelegate : Bootstrapping Spring Data JPA repositories in DEFAULT mode.
2021-10-04 02:00:37.327  INFO 9068 --- [restartedMain] .s.d.r.c.RepositoryConfigurationDelegate : Finished Spring Data repository scanning in 41 ms. Found 2 JPA repository interfaces.
2021-10-04 02:00:37.721  INFO 9068 --- [restartedMain] o.s.b.w.embedded.tomcat.TomcatWebServer  : Tomcat initialized with port(s): 9944 (http)
2021-10-04 02:00:37.728  INFO 9068 --- [restartedMain] o.apache.catalina.core.StandardService   : Starting service [Tomcat]
2021-10-04 02:00:37.729  INFO 9068 --- [restartedMain] org.apache.catalina.core.StandardEngine  : Starting Servlet engine: [Apache Tomcat/9.0.52]
2021-10-04 02:00:37.805  INFO 9068 --- [restartedMain] o.a.c.c.C.[Tomcat].[localhost].[/]       : Initializing Spring embedded WebApplicationContext
2021-10-04 02:00:37.805  INFO 9068 --- [restartedMain] w.s.c.ServletWebServerApplicationContext : Root WebApplicationContext: initialization completed in 996 ms
2021-10-04 02:00:37.831  INFO 9068 --- [restartedMain] com.zaxxer.hikari.HikariDataSource       : HikariPool-1 - Starting...
2021-10-04 02:00:38.536  INFO 9068 --- [restartedMain] com.zaxxer.hikari.HikariDataSource       : HikariPool-1 - Start completed.
2021-10-04 02:00:38.541  INFO 9068 --- [restartedMain] o.s.b.a.h2.H2ConsoleAutoConfiguration    : H2 console available at '/h2-console'. Database available at 'jdbc:mysql://127.0.0.1:3306/krkgj_blog?autoReconnect=true&useUnicode=true&characterEncoding=utf-8&zeroDateTimeBehavior=convertToNull'
2021-10-04 02:00:38.649  INFO 9068 --- [restartedMain] o.hibernate.jpa.internal.util.LogHelper  : HHH000204: Processing PersistenceUnitInfo [name: default]
2021-10-04 02:00:38.686  INFO 9068 --- [restartedMain] org.hibernate.Version                    : HHH000412: Hibernate ORM core version 5.4.32.Final
2021-10-04 02:00:38.788  INFO 9068 --- [restartedMain] o.hibernate.annotations.common.Version   : HCANN000001: Hibernate Commons Annotations {5.1.2.Final}
2021-10-04 02:00:38.865  INFO 9068 --- [restartedMain] org.hibernate.dialect.Dialect            : HHH000400: Using dialect: org.hibernate.dialect.MySQL5InnoDBDialect
2021-10-04 02:00:39.250  INFO 9068 --- [restartedMain] o.h.e.t.j.p.i.JtaPlatformInitiator       : HHH000490: Using JtaPlatform implementation: [org.hibernate.engine.transaction.jta.platform.internal.NoJtaPlatform]
2021-10-04 02:00:39.258  INFO 9068 --- [restartedMain] j.LocalContainerEntityManagerFactoryBean : Initialized JPA EntityManagerFactory for persistence unit 'default'
2021-10-04 02:00:39.557  WARN 9068 --- [restartedMain] JpaBaseConfiguration$JpaWebConfiguration : spring.jpa.open-in-view is enabled by default. Therefore, database queries may be performed during view rendering. Explicitly configure spring.jpa.open-in-view to disable this warning
2021-10-04 02:00:39.811  INFO 9068 --- [restartedMain] o.s.b.d.a.OptionalLiveReloadServer       : LiveReload server is running on port 35729
2021-10-04 02:00:39.838  INFO 9068 --- [restartedMain] o.s.b.w.embedded.tomcat.TomcatWebServer  : Tomcat started on port(s): 9944 (http) with context path ''
2021-10-04 02:00:39.846  INFO 9068 --- [restartedMain] com.krkgj.blogapi.BlogApiApplication     : Started BlogApiApplication in 3.401 seconds (JVM running for 4.218)
2021-10-04 02:02:07.148  INFO 9068 --- [Thread-6] j.LocalContainerEntityManagerFactoryBean : Closing JPA EntityManagerFactory for persistence unit 'default'
2021-10-04 02:02:07.151  INFO 9068 --- [Thread-6] com.zaxxer.hikari.HikariDataSource       : HikariPool-1 - Shutdown initiated...
2021-10-04 02:02:07.156  INFO 9068 --- [Thread-6] com.zaxxer.hikari.HikariDataSource       : HikariPool-1 - Shutdown completed.
2021-10-04 02:02:07.330  INFO 9068 --- [restartedMain] com.krkgj.blogapi.BlogApiApplication     : Starting BlogApiApplication using Java 1.8.0_271 on KyeongjinKim with PID 9068 (C:\java_project\blog-api\target\classes started by KimKyeongJin in C:\java_project\blog-api)
2021-10-04 02:02:07.330 DEBUG 9068 --- [restartedMain] com.krkgj.blogapi.BlogApiApplication     : Running with Spring Boot v2.5.4, Spring v5.3.9
2021-10-04 02:02:07.331  INFO 9068 --- [restartedMain] com.krkgj.blogapi.BlogApiApplication     : No active profile set, falling back to default profiles: default
2021-10-04 02:02:07.482  INFO 9068 --- [restartedMain] .s.d.r.c.RepositoryConfigurationDelegate : Bootstrapping Spring Data JPA repositories in DEFAULT mode.
2021-10-04 02:02:07.499  INFO 9068 --- [restartedMain] .s.d.r.c.RepositoryConfigurationDelegate : Finished Spring Data repository scanning in 16 ms. Found 2 JPA repository interfaces.
2021-10-04 02:02:07.609  INFO 9068 --- [restartedMain] o.s.b.w.embedded.tomcat.TomcatWebServer  : Tomcat initialized with port(s): 9944 (http)
2021-10-04 02:02:07.610  INFO 9068 --- [restartedMain] o.apache.catalina.core.StandardService   : Starting service [Tomcat]
2021-10-04 02:02:07.610  INFO 9068 --- [restartedMain] org.apache.catalina.core.StandardEngine  : Starting Servlet engine: [Apache Tomcat/9.0.52]
2021-10-04 02:02:07.623  INFO 9068 --- [restartedMain] o.a.c.c.C.[Tomcat].[localhost].[/]       : Initializing Spring embedded WebApplicationContext
2021-10-04 02:02:07.623  INFO 9068 --- [restartedMain] w.s.c.ServletWebServerApplicationContext : Root WebApplicationContext: initialization completed in 290 ms
2021-10-04 02:02:07.633  INFO 9068 --- [restartedMain] com.zaxxer.hikari.HikariDataSource       : HikariPool-2 - Starting...
2021-10-04 02:02:07.648  INFO 9068 --- [restartedMain] com.zaxxer.hikari.HikariDataSource       : HikariPool-2 - Start completed.
2021-10-04 02:02:07.648  INFO 9068 --- [restartedMain] o.s.b.a.h2.H2ConsoleAutoConfiguration    : H2 console available at '/h2-console'. Database available at 'jdbc:mysql://127.0.0.1:3306/krkgj_blog?autoReconnect=true&useUnicode=true&characterEncoding=utf-8&zeroDateTimeBehavior=convertToNull'
2021-10-04 02:02:07.671  INFO 9068 --- [restartedMain] o.hibernate.jpa.internal.util.LogHelper  : HHH000204: Processing PersistenceUnitInfo [name: default]
2021-10-04 02:02:07.674  INFO 9068 --- [restartedMain] org.hibernate.dialect.Dialect            : HHH000400: Using dialect: org.hibernate.dialect.MySQL5InnoDBDialect
2021-10-04 02:02:07.699  INFO 9068 --- [restartedMain] o.h.e.t.j.p.i.JtaPlatformInitiator       : HHH000490: Using JtaPlatform implementation: [org.hibernate.engine.transaction.jta.platform.internal.NoJtaPlatform]
2021-10-04 02:02:07.700  INFO 9068 --- [restartedMain] j.LocalContainerEntityManagerFactoryBean : Initialized JPA EntityManagerFactory for persistence unit 'default'
2021-10-04 02:02:07.765  WARN 9068 --- [restartedMain] JpaBaseConfiguration$JpaWebConfiguration : spring.jpa.open-in-view is enabled by default. Therefore, database queries may be performed during view rendering. Explicitly configure spring.jpa.open-in-view to disable this warning
2021-10-04 02:02:07.845  INFO 9068 --- [restartedMain] o.s.b.d.a.OptionalLiveReloadServer       : LiveReload server is running on port 35729
2021-10-04 02:02:07.855  INFO 9068 --- [restartedMain] o.s.b.w.embedded.tomcat.TomcatWebServer  : Tomcat started on port(s): 9944 (http) with context path ''
2021-10-04 02:02:07.858  INFO 9068 --- [restartedMain] com.krkgj.blogapi.BlogApiApplication     : Started BlogApiApplication in 0.578 seconds (JVM running for 92.231)
2021-10-04 02:02:07.860  INFO 9068 --- [restartedMain] .ConditionEvaluationDeltaLoggingListener : Condition evaluation unchanged
2021-10-04 02:02:08.978  INFO 9068 --- [RMI TCP Connection(2)-127.0.0.1] inMXBeanRegistrar$SpringApplicationAdmin : Application shutdown requested.
2021-10-04 02:02:09.301  INFO 9068 --- [RMI TCP Connection(2)-127.0.0.1] j.LocalContainerEntityManagerFactoryBean : Closing JPA EntityManagerFactory for persistence unit 'default'
2021-10-04 02:02:09.302  INFO 9068 --- [RMI TCP Connection(2)-127.0.0.1] com.zaxxer.hikari.HikariDataSource       : HikariPool-2 - Shutdown initiated...
2021-10-04 02:02:09.309  INFO 9068 --- [RMI TCP Connection(2)-127.0.0.1] com.zaxxer.hikari.HikariDataSource       : HikariPool-2 - Shutdown completed.
2021-10-04 02:02:21.043  INFO 17756 --- [restartedMain] com.krkgj.blogapi.BlogApiApplication     : Starting BlogApiApplication using Java 1.8.0_271 on KyeongjinKim with PID 17756 (C:\java_project\blog-api\target\classes started by KimKyeongJin in C:\java_project\blog-api)
2021-10-04 02:02:21.047 DEBUG 17756 --- [restartedMain] com.krkgj.blogapi.BlogApiApplication     : Running with Spring Boot v2.5.4, Spring v5.3.9
2021-10-04 02:02:21.048  INFO 17756 --- [restartedMain] com.krkgj.blogapi.BlogApiApplication     : No active profile set, falling back to default profiles: default
2021-10-04 02:02:21.082  INFO 17756 --- [restartedMain] .e.DevToolsPropertyDefaultsPostProcessor : Devtools property defaults active! Set 'spring.devtools.add-properties' to 'false' to disable
2021-10-04 02:02:21.083  INFO 17756 --- [restartedMain] .e.DevToolsPropertyDefaultsPostProcessor : For additional web related logging consider setting the 'logging.level.web' property to 'DEBUG'
2021-10-04 02:02:21.566  INFO 17756 --- [restartedMain] .s.d.r.c.RepositoryConfigurationDelegate : Bootstrapping Spring Data JPA repositories in DEFAULT mode.
2021-10-04 02:02:21.616  INFO 17756 --- [restartedMain] .s.d.r.c.RepositoryConfigurationDelegate : Finished Spring Data repository scanning in 42 ms. Found 2 JPA repository interfaces.
2021-10-04 02:02:22.037  INFO 17756 --- [restartedMain] o.s.b.w.embedded.tomcat.TomcatWebServer  : Tomcat initialized with port(s): 9944 (http)
2021-10-04 02:02:22.059  INFO 17756 --- [restartedMain] o.apache.catalina.core.StandardService   : Starting service [Tomcat]
2021-10-04 02:02:22.060  INFO 17756 --- [restartedMain] org.apache.catalina.core.StandardEngine  : Starting Servlet engine: [Apache Tomcat/9.0.52]
2021-10-04 02:02:22.138  INFO 17756 --- [restartedMain] o.a.c.c.C.[Tomcat].[localhost].[/]       : Initializing Spring embedded WebApplicationContext
2021-10-04 02:02:22.138  INFO 17756 --- [restartedMain] w.s.c.ServletWebServerApplicationContext : Root WebApplicationContext: initialization completed in 1055 ms
2021-10-04 02:02:22.164  INFO 17756 --- [restartedMain] com.zaxxer.hikari.HikariDataSource       : HikariPool-1 - Starting...
2021-10-04 02:02:22.884  INFO 17756 --- [restartedMain] com.zaxxer.hikari.HikariDataSource       : HikariPool-1 - Start completed.
2021-10-04 02:02:22.890  INFO 17756 --- [restartedMain] o.s.b.a.h2.H2ConsoleAutoConfiguration    : H2 console available at '/h2-console'. Database available at 'jdbc:mysql://127.0.0.1:3306/krkgj_blog?autoReconnect=true&useUnicode=true&characterEncoding=utf-8&zeroDateTimeBehavior=convertToNull'
2021-10-04 02:02:23.006  INFO 17756 --- [restartedMain] o.hibernate.jpa.internal.util.LogHelper  : HHH000204: Processing PersistenceUnitInfo [name: default]
2021-10-04 02:02:23.052  INFO 17756 --- [restartedMain] org.hibernate.Version                    : HHH000412: Hibernate ORM core version 5.4.32.Final
2021-10-04 02:02:23.167  INFO 17756 --- [restartedMain] o.hibernate.annotations.common.Version   : HCANN000001: Hibernate Commons Annotations {5.1.2.Final}
2021-10-04 02:02:23.245  INFO 17756 --- [restartedMain] org.hibernate.dialect.Dialect            : HHH000400: Using dialect: org.hibernate.dialect.MySQL5InnoDBDialect
2021-10-04 02:02:23.631  INFO 17756 --- [restartedMain] o.h.e.t.j.p.i.JtaPlatformInitiator       : HHH000490: Using JtaPlatform implementation: [org.hibernate.engine.transaction.jta.platform.internal.NoJtaPlatform]
2021-10-04 02:02:23.639  INFO 17756 --- [restartedMain] j.LocalContainerEntityManagerFactoryBean : Initialized JPA EntityManagerFactory for persistence unit 'default'
2021-10-04 02:02:23.952  WARN 17756 --- [restartedMain] JpaBaseConfiguration$JpaWebConfiguration : spring.jpa.open-in-view is enabled by default. Therefore, database queries may be performed during view rendering. Explicitly configure spring.jpa.open-in-view to disable this warning
2021-10-04 02:02:24.213  INFO 17756 --- [restartedMain] o.s.b.d.a.OptionalLiveReloadServer       : LiveReload server is running on port 35729
2021-10-04 02:02:24.240  INFO 17756 --- [restartedMain] o.s.b.w.embedded.tomcat.TomcatWebServer  : Tomcat started on port(s): 9944 (http) with context path ''
2021-10-04 02:02:24.248  INFO 17756 --- [restartedMain] com.krkgj.blogapi.BlogApiApplication     : Started BlogApiApplication in 3.545 seconds (JVM running for 4.355)
2021-10-04 02:02:28.012  INFO 17756 --- [http-nio-9944-exec-2] o.a.c.c.C.[Tomcat].[localhost].[/]       : Initializing Spring DispatcherServlet 'dispatcherServlet'
2021-10-04 02:02:28.013  INFO 17756 --- [http-nio-9944-exec-2] o.s.web.servlet.DispatcherServlet        : Initializing Servlet 'dispatcherServlet'
2021-10-04 02:02:28.014  INFO 17756 --- [http-nio-9944-exec-2] o.s.web.servlet.DispatcherServlet        : Completed initialization in 1 ms
2021-10-04 02:02:28.039 ERROR 17756 --- [http-nio-9944-exec-2] c.k.b.post.controller.PostController     : NullPointerException Occurred! - sortingValue
2021-10-04 02:03:21.477  INFO 17756 --- [Thread-6] j.LocalContainerEntityManagerFactoryBean : Closing JPA EntityManagerFactory for persistence unit 'default'
2021-10-04 02:03:21.479  INFO 17756 --- [Thread-6] com.zaxxer.hikari.HikariDataSource       : HikariPool-1 - Shutdown initiated...
2021-10-04 02:03:21.484  INFO 17756 --- [Thread-6] com.zaxxer.hikari.HikariDataSource       : HikariPool-1 - Shutdown completed.
2021-10-04 02:03:21.686  INFO 17756 --- [restartedMain] com.krkgj.blogapi.BlogApiApplication     : Starting BlogApiApplication using Java 1.8.0_271 on KyeongjinKim with PID 17756 (C:\java_project\blog-api\target\classes started by KimKyeongJin in C:\java_project\blog-api)
2021-10-04 02:03:21.687 DEBUG 17756 --- [restartedMain] com.krkgj.blogapi.BlogApiApplication     : Running with Spring Boot v2.5.4, Spring v5.3.9
2021-10-04 02:03:21.687  INFO 17756 --- [restartedMain] com.krkgj.blogapi.BlogApiApplication     : No active profile set, falling back to default profiles: default
2021-10-04 02:03:21.840  INFO 17756 --- [restartedMain] .s.d.r.c.RepositoryConfigurationDelegate : Bootstrapping Spring Data JPA repositories in DEFAULT mode.
2021-10-04 02:03:21.857  INFO 17756 --- [restartedMain] .s.d.r.c.RepositoryConfigurationDelegate : Finished Spring Data repository scanning in 15 ms. Found 2 JPA repository interfaces.
2021-10-04 02:03:21.953  INFO 17756 --- [restartedMain] o.s.b.w.embedded.tomcat.TomcatWebServer  : Tomcat initialized with port(s): 9944 (http)
2021-10-04 02:03:21.954  INFO 17756 --- [restartedMain] o.apache.catalina.core.StandardService   : Starting service [Tomcat]
2021-10-04 02:03:21.954  INFO 17756 --- [restartedMain] org.apache.catalina.core.StandardEngine  : Starting Servlet engine: [Apache Tomcat/9.0.52]
2021-10-04 02:03:21.967  INFO 17756 --- [restartedMain] o.a.c.c.C.[Tomcat].[localhost].[/]       : Initializing Spring embedded WebApplicationContext
2021-10-04 02:03:21.967  INFO 17756 --- [restartedMain] w.s.c.ServletWebServerApplicationContext : Root WebApplicationContext: initialization completed in 278 ms
2021-10-04 02:03:21.977  INFO 17756 --- [restartedMain] com.zaxxer.hikari.HikariDataSource       : HikariPool-2 - Starting...
2021-10-04 02:03:21.992  INFO 17756 --- [restartedMain] com.zaxxer.hikari.HikariDataSource       : HikariPool-2 - Start completed.
2021-10-04 02:03:21.992  INFO 17756 --- [restartedMain] o.s.b.a.h2.H2ConsoleAutoConfiguration    : H2 console available at '/h2-console'. Database available at 'jdbc:mysql://127.0.0.1:3306/krkgj_blog?autoReconnect=true&useUnicode=true&characterEncoding=utf-8&zeroDateTimeBehavior=convertToNull'
2021-10-04 02:03:22.013  INFO 17756 --- [restartedMain] o.hibernate.jpa.internal.util.LogHelper  : HHH000204: Processing PersistenceUnitInfo [name: default]
2021-10-04 02:03:22.017  INFO 17756 --- [restartedMain] org.hibernate.dialect.Dialect            : HHH000400: Using dialect: org.hibernate.dialect.MySQL5InnoDBDialect
2021-10-04 02:03:22.040  INFO 17756 --- [restartedMain] o.h.e.t.j.p.i.JtaPlatformInitiator       : HHH000490: Using JtaPlatform implementation: [org.hibernate.engine.transaction.jta.platform.internal.NoJtaPlatform]
2021-10-04 02:03:22.041  INFO 17756 --- [restartedMain] j.LocalContainerEntityManagerFactoryBean : Initialized JPA EntityManagerFactory for persistence unit 'default'
2021-10-04 02:03:22.108  WARN 17756 --- [restartedMain] JpaBaseConfiguration$JpaWebConfiguration : spring.jpa.open-in-view is enabled by default. Therefore, database queries may be performed during view rendering. Explicitly configure spring.jpa.open-in-view to disable this warning
2021-10-04 02:03:22.195  INFO 17756 --- [restartedMain] o.s.b.d.a.OptionalLiveReloadServer       : LiveReload server is running on port 35729
2021-10-04 02:03:22.204  INFO 17756 --- [restartedMain] o.s.b.w.embedded.tomcat.TomcatWebServer  : Tomcat started on port(s): 9944 (http) with context path ''
2021-10-04 02:03:22.208  INFO 17756 --- [restartedMain] com.krkgj.blogapi.BlogApiApplication     : Started BlogApiApplication in 0.575 seconds (JVM running for 62.314)
2021-10-04 02:03:22.210  INFO 17756 --- [restartedMain] .ConditionEvaluationDeltaLoggingListener : Condition evaluation unchanged
2021-10-04 02:03:24.018  INFO 17756 --- [http-nio-9944-exec-2] o.a.c.c.C.[Tomcat].[localhost].[/]       : Initializing Spring DispatcherServlet 'dispatcherServlet'
2021-10-04 02:03:24.020  INFO 17756 --- [http-nio-9944-exec-2] o.s.web.servlet.DispatcherServlet        : Initializing Servlet 'dispatcherServlet'
2021-10-04 02:03:24.022  INFO 17756 --- [http-nio-9944-exec-2] o.s.web.servlet.DispatcherServlet        : Completed initialization in 1 ms
2021-10-04 02:03:24.026  INFO 17756 --- [http-nio-9944-exec-2] c.k.b.post.controller.PostController     : ddassdsdasd
2021-10-04 02:04:56.528  INFO 17756 --- [Thread-8] j.LocalContainerEntityManagerFactoryBean : Closing JPA EntityManagerFactory for persistence unit 'default'
2021-10-04 02:04:56.529  INFO 17756 --- [Thread-8] com.zaxxer.hikari.HikariDataSource       : HikariPool-2 - Shutdown initiated...
2021-10-04 02:04:56.535  INFO 17756 --- [Thread-8] com.zaxxer.hikari.HikariDataSource       : HikariPool-2 - Shutdown completed.
2021-10-04 02:04:56.715  INFO 17756 --- [restartedMain] com.krkgj.blogapi.BlogApiApplication     : Starting BlogApiApplication using Java 1.8.0_271 on KyeongjinKim with PID 17756 (C:\java_project\blog-api\target\classes started by KimKyeongJin in C:\java_project\blog-api)
2021-10-04 02:04:56.716 DEBUG 17756 --- [restartedMain] com.krkgj.blogapi.BlogApiApplication     : Running with Spring Boot v2.5.4, Spring v5.3.9
2021-10-04 02:04:56.716  INFO 17756 --- [restartedMain] com.krkgj.blogapi.BlogApiApplication     : No active profile set, falling back to default profiles: default
2021-10-04 02:04:56.857  INFO 17756 --- [restartedMain] .s.d.r.c.RepositoryConfigurationDelegate : Bootstrapping Spring Data JPA repositories in DEFAULT mode.
2021-10-04 02:04:56.873  INFO 17756 --- [restartedMain] .s.d.r.c.RepositoryConfigurationDelegate : Finished Spring Data repository scanning in 15 ms. Found 2 JPA repository interfaces.
2021-10-04 02:04:56.963  INFO 17756 --- [restartedMain] o.s.b.w.embedded.tomcat.TomcatWebServer  : Tomcat initialized with port(s): 9944 (http)
2021-10-04 02:04:56.964  INFO 17756 --- [restartedMain] o.apache.catalina.core.StandardService   : Starting service [Tomcat]
2021-10-04 02:04:56.964  INFO 17756 --- [restartedMain] org.apache.catalina.core.StandardEngine  : Starting Servlet engine: [Apache Tomcat/9.0.52]
2021-10-04 02:04:56.982  INFO 17756 --- [restartedMain] o.a.c.c.C.[Tomcat].[localhost].[/]       : Initializing Spring embedded WebApplicationContext
2021-10-04 02:04:56.982  INFO 17756 --- [restartedMain] w.s.c.ServletWebServerApplicationContext : Root WebApplicationContext: initialization completed in 263 ms
2021-10-04 02:04:56.991  INFO 17756 --- [restartedMain] com.zaxxer.hikari.HikariDataSource       : HikariPool-3 - Starting...
2021-10-04 02:04:57.006  INFO 17756 --- [restartedMain] com.zaxxer.hikari.HikariDataSource       : HikariPool-3 - Start completed.
2021-10-04 02:04:57.006  INFO 17756 --- [restartedMain] o.s.b.a.h2.H2ConsoleAutoConfiguration    : H2 console available at '/h2-console'. Database available at 'jdbc:mysql://127.0.0.1:3306/krkgj_blog?autoReconnect=true&useUnicode=true&characterEncoding=utf-8&zeroDateTimeBehavior=convertToNull'
2021-10-04 02:04:57.026  INFO 17756 --- [restartedMain] o.hibernate.jpa.internal.util.LogHelper  : HHH000204: Processing PersistenceUnitInfo [name: default]
2021-10-04 02:04:57.030  INFO 17756 --- [restartedMain] org.hibernate.dialect.Dialect            : HHH000400: Using dialect: org.hibernate.dialect.MySQL5InnoDBDialect
2021-10-04 02:04:57.051  INFO 17756 --- [restartedMain] o.h.e.t.j.p.i.JtaPlatformInitiator       : HHH000490: Using JtaPlatform implementation: [org.hibernate.engine.transaction.jta.platform.internal.NoJtaPlatform]
2021-10-04 02:04:57.052  INFO 17756 --- [restartedMain] j.LocalContainerEntityManagerFactoryBean : Initialized JPA EntityManagerFactory for persistence unit 'default'
2021-10-04 02:04:57.112  WARN 17756 --- [restartedMain] JpaBaseConfiguration$JpaWebConfiguration : spring.jpa.open-in-view is enabled by default. Therefore, database queries may be performed during view rendering. Explicitly configure spring.jpa.open-in-view to disable this warning
2021-10-04 02:04:57.182  INFO 17756 --- [restartedMain] o.s.b.d.a.OptionalLiveReloadServer       : LiveReload server is running on port 35729
2021-10-04 02:04:57.191  INFO 17756 --- [restartedMain] o.s.b.w.embedded.tomcat.TomcatWebServer  : Tomcat started on port(s): 9944 (http) with context path ''
2021-10-04 02:04:57.195  INFO 17756 --- [restartedMain] com.krkgj.blogapi.BlogApiApplication     : Started BlogApiApplication in 0.525 seconds (JVM running for 157.301)
2021-10-04 02:04:57.196  INFO 17756 --- [restartedMain] .ConditionEvaluationDeltaLoggingListener : Condition evaluation unchanged
2021-10-04 02:06:23.377  INFO 17756 --- [Thread-12] j.LocalContainerEntityManagerFactoryBean : Closing JPA EntityManagerFactory for persistence unit 'default'
2021-10-04 02:06:23.379  INFO 17756 --- [Thread-12] com.zaxxer.hikari.HikariDataSource       : HikariPool-3 - Shutdown initiated...
2021-10-04 02:06:23.388  INFO 17756 --- [Thread-12] com.zaxxer.hikari.HikariDataSource       : HikariPool-3 - Shutdown completed.
2021-10-04 02:06:23.568  INFO 17756 --- [restartedMain] com.krkgj.blogapi.BlogApiApplication     : Starting BlogApiApplication using Java 1.8.0_271 on KyeongjinKim with PID 17756 (C:\java_project\blog-api\target\classes started by KimKyeongJin in C:\java_project\blog-api)
2021-10-04 02:06:23.569 DEBUG 17756 --- [restartedMain] com.krkgj.blogapi.BlogApiApplication     : Running with Spring Boot v2.5.4, Spring v5.3.9
2021-10-04 02:06:23.569  INFO 17756 --- [restartedMain] com.krkgj.blogapi.BlogApiApplication     : No active profile set, falling back to default profiles: default
2021-10-04 02:06:23.705  INFO 17756 --- [restartedMain] .s.d.r.c.RepositoryConfigurationDelegate : Bootstrapping Spring Data JPA repositories in DEFAULT mode.
2021-10-04 02:06:23.719  INFO 17756 --- [restartedMain] .s.d.r.c.RepositoryConfigurationDelegate : Finished Spring Data repository scanning in 13 ms. Found 2 JPA repository interfaces.
2021-10-04 02:06:23.806  INFO 17756 --- [restartedMain] o.s.b.w.embedded.tomcat.TomcatWebServer  : Tomcat initialized with port(s): 9944 (http)
2021-10-04 02:06:23.807  INFO 17756 --- [restartedMain] o.apache.catalina.core.StandardService   : Starting service [Tomcat]
2021-10-04 02:06:23.807  INFO 17756 --- [restartedMain] org.apache.catalina.core.StandardEngine  : Starting Servlet engine: [Apache Tomcat/9.0.52]
2021-10-04 02:06:23.822  INFO 17756 --- [restartedMain] o.a.c.c.C.[Tomcat].[localhost].[/]       : Initializing Spring embedded WebApplicationContext
2021-10-04 02:06:23.822  INFO 17756 --- [restartedMain] w.s.c.ServletWebServerApplicationContext : Root WebApplicationContext: initialization completed in 251 ms
2021-10-04 02:06:23.830  INFO 17756 --- [restartedMain] com.zaxxer.hikari.HikariDataSource       : HikariPool-4 - Starting...
2021-10-04 02:06:23.844  INFO 17756 --- [restartedMain] com.zaxxer.hikari.HikariDataSource       : HikariPool-4 - Start completed.
2021-10-04 02:06:23.844  INFO 17756 --- [restartedMain] o.s.b.a.h2.H2ConsoleAutoConfiguration    : H2 console available at '/h2-console'. Database available at 'jdbc:mysql://127.0.0.1:3306/krkgj_blog?autoReconnect=true&useUnicode=true&characterEncoding=utf-8&zeroDateTimeBehavior=convertToNull'
2021-10-04 02:06:23.863  INFO 17756 --- [restartedMain] o.hibernate.jpa.internal.util.LogHelper  : HHH000204: Processing PersistenceUnitInfo [name: default]
2021-10-04 02:06:23.867  INFO 17756 --- [restartedMain] org.hibernate.dialect.Dialect            : HHH000400: Using dialect: org.hibernate.dialect.MySQL5InnoDBDialect
2021-10-04 02:06:23.888  INFO 17756 --- [restartedMain] o.h.e.t.j.p.i.JtaPlatformInitiator       : HHH000490: Using JtaPlatform implementation: [org.hibernate.engine.transaction.jta.platform.internal.NoJtaPlatform]
2021-10-04 02:06:23.889  INFO 17756 --- [restartedMain] j.LocalContainerEntityManagerFactoryBean : Initialized JPA EntityManagerFactory for persistence unit 'default'
2021-10-04 02:06:23.945  WARN 17756 --- [restartedMain] JpaBaseConfiguration$JpaWebConfiguration : spring.jpa.open-in-view is enabled by default. Therefore, database queries may be performed during view rendering. Explicitly configure spring.jpa.open-in-view to disable this warning
2021-10-04 02:06:24.013  INFO 17756 --- [restartedMain] o.s.b.d.a.OptionalLiveReloadServer       : LiveReload server is running on port 35729
2021-10-04 02:06:24.021  INFO 17756 --- [restartedMain] o.s.b.w.embedded.tomcat.TomcatWebServer  : Tomcat started on port(s): 9944 (http) with context path ''
2021-10-04 02:06:24.024  INFO 17756 --- [restartedMain] com.krkgj.blogapi.BlogApiApplication     : Started BlogApiApplication in 0.498 seconds (JVM running for 244.13)
2021-10-04 02:06:24.025  INFO 17756 --- [restartedMain] .ConditionEvaluationDeltaLoggingListener : Condition evaluation unchanged
2021-10-04 02:06:30.905  INFO 17756 --- [http-nio-9944-exec-2] o.a.c.c.C.[Tomcat].[localhost].[/]       : Initializing Spring DispatcherServlet 'dispatcherServlet'
2021-10-04 02:06:30.907  INFO 17756 --- [http-nio-9944-exec-2] o.s.web.servlet.DispatcherServlet        : Initializing Servlet 'dispatcherServlet'
2021-10-04 02:06:30.909  INFO 17756 --- [http-nio-9944-exec-2] o.s.web.servlet.DispatcherServlet        : Completed initialization in 0 ms
2021-10-04 02:06:30.912  INFO 17756 --- [http-nio-9944-exec-2] c.k.b.post.controller.PostController     : No value sortingValue - set Default! 
2021-10-04 02:06:31.061 ERROR 17756 --- [http-nio-9944-exec-2] o.a.c.c.C.[.[.[/].[dispatcherServlet]    : Servlet.service() for servlet [dispatcherServlet] in context with path [] threw exception [Request processing failed; nested exception is java.lang.NullPointerException] with root cause

java.lang.NullPointerException: null
	at com.krkgj.blogapi.post.controller.PostController.getAllPostList(PostController.java:48)
	at sun.reflect.NativeMethodAccessorImpl.invoke0(Native Method)
	at sun.reflect.NativeMethodAccessorImpl.invoke(NativeMethodAccessorImpl.java:62)
	at sun.reflect.DelegatingMethodAccessorImpl.invoke(DelegatingMethodAccessorImpl.java:43)
	at java.lang.reflect.Method.invoke(Method.java:498)
	at org.springframework.web.method.support.InvocableHandlerMethod.doInvoke(InvocableHandlerMethod.java:197)
	at org.springframework.web.method.support.InvocableHandlerMethod.invokeForRequest(InvocableHandlerMethod.java:141)
	at org.springframework.web.servlet.mvc.method.annotation.ServletInvocableHandlerMethod.invokeAndHandle(ServletInvocableHandlerMethod.java:106)
	at org.springframework.web.servlet.mvc.method.annotation.RequestMappingHandlerAdapter.invokeHandlerMethod(RequestMappingHandlerAdapter.java:895)
	at org.springframework.web.servlet.mvc.method.annotation.RequestMappingHandlerAdapter.handleInternal(RequestMappingHandlerAdapter.java:808)
	at org.springframework.web.servlet.mvc.method.AbstractHandlerMethodAdapter.handle(AbstractHandlerMethodAdapter.java:87)
	at org.springframework.web.servlet.DispatcherServlet.doDispatch(DispatcherServlet.java:1064)
	at org.springframework.web.servlet.DispatcherServlet.doService(DispatcherServlet.java:963)
	at org.springframework.web.servlet.FrameworkServlet.processRequest(FrameworkServlet.java:1006)
	at org.springframework.web.servlet.FrameworkServlet.doGet(FrameworkServlet.java:898)
	at javax.servlet.http.HttpServlet.service(HttpServlet.java:655)
	at org.springframework.web.servlet.FrameworkServlet.service(FrameworkServlet.java:883)
	at javax.servlet.http.HttpServlet.service(HttpServlet.java:764)
	at org.apache.catalina.core.ApplicationFilterChain.internalDoFilter(ApplicationFilterChain.java:227)
	at org.apache.catalina.core.ApplicationFilterChain.doFilter(ApplicationFilterChain.java:162)
	at org.apache.tomcat.websocket.server.WsFilter.doFilter(WsFilter.java:53)
	at org.apache.catalina.core.ApplicationFilterChain.internalDoFilter(ApplicationFilterChain.java:189)
	at org.apache.catalina.core.ApplicationFilterChain.doFilter(ApplicationFilterChain.java:162)
	at org.springframework.web.filter.RequestContextFilter.doFilterInternal(RequestContextFilter.java:100)
	at org.springframework.web.filter.OncePerRequestFilter.doFilter(OncePerRequestFilter.java:119)
	at org.apache.catalina.core.ApplicationFilterChain.internalDoFilter(ApplicationFilterChain.java:189)
	at org.apache.catalina.core.ApplicationFilterChain.doFilter(ApplicationFilterChain.java:162)
	at org.springframework.web.filter.FormContentFilter.doFilterInternal(FormContentFilter.java:93)
	at org.springframework.web.filter.OncePerRequestFilter.doFilter(OncePerRequestFilter.java:119)
	at org.apache.catalina.core.ApplicationFilterChain.internalDoFilter(ApplicationFilterChain.java:189)
	at org.apache.catalina.core.ApplicationFilterChain.doFilter(ApplicationFilterChain.java:162)
	at org.springframework.web.filter.CharacterEncodingFilter.doFilterInternal(CharacterEncodingFilter.java:201)
	at org.springframework.web.filter.OncePerRequestFilter.doFilter(OncePerRequestFilter.java:119)
	at org.apache.catalina.core.ApplicationFilterChain.internalDoFilter(ApplicationFilterChain.java:189)
	at org.apache.catalina.core.ApplicationFilterChain.doFilter(ApplicationFilterChain.java:162)
	at org.apache.catalina.core.StandardWrapperValve.invoke(StandardWrapperValve.java:197)
	at org.apache.catalina.core.StandardContextValve.invoke(StandardContextValve.java:97)
	at org.apache.catalina.authenticator.AuthenticatorBase.invoke(AuthenticatorBase.java:542)
	at org.apache.catalina.core.StandardHostValve.invoke(StandardHostValve.java:135)
	at org.apache.catalina.valves.ErrorReportValve.invoke(ErrorReportValve.java:92)
	at org.apache.catalina.core.StandardEngineValve.invoke(StandardEngineValve.java:78)
	at org.apache.catalina.connector.CoyoteAdapter.service(CoyoteAdapter.java:357)
	at org.apache.coyote.http11.Http11Processor.service(Http11Processor.java:382)
	at org.apache.coyote.AbstractProcessorLight.process(AbstractProcessorLight.java:65)
	at org.apache.coyote.AbstractProtocol$ConnectionHandler.process(AbstractProtocol.java:893)
	at org.apache.tomcat.util.net.NioEndpoint$SocketProcessor.doRun(NioEndpoint.java:1726)
	at org.apache.tomcat.util.net.SocketProcessorBase.run(SocketProcessorBase.java:49)
	at org.apache.tomcat.util.threads.ThreadPoolExecutor.runWorker(ThreadPoolExecutor.java:1191)
	at org.apache.tomcat.util.threads.ThreadPoolExecutor$Worker.run(ThreadPoolExecutor.java:659)
	at org.apache.tomcat.util.threads.TaskThread$WrappingRunnable.run(TaskThread.java:61)
	at java.lang.Thread.run(Thread.java:748)

2021-10-04 02:07:07.033  INFO 17756 --- [Thread-16] j.LocalContainerEntityManagerFactoryBean : Closing JPA EntityManagerFactory for persistence unit 'default'
2021-10-04 02:07:07.034  INFO 17756 --- [Thread-16] com.zaxxer.hikari.HikariDataSource       : HikariPool-4 - Shutdown initiated...
2021-10-04 02:07:07.039  INFO 17756 --- [Thread-16] com.zaxxer.hikari.HikariDataSource       : HikariPool-4 - Shutdown completed.
2021-10-04 02:07:07.228  INFO 17756 --- [restartedMain] com.krkgj.blogapi.BlogApiApplication     : Starting BlogApiApplication using Java 1.8.0_271 on KyeongjinKim with PID 17756 (C:\java_project\blog-api\target\classes started by KimKyeongJin in C:\java_project\blog-api)
2021-10-04 02:07:07.228 DEBUG 17756 --- [restartedMain] com.krkgj.blogapi.BlogApiApplication     : Running with Spring Boot v2.5.4, Spring v5.3.9
2021-10-04 02:07:07.229  INFO 17756 --- [restartedMain] com.krkgj.blogapi.BlogApiApplication     : No active profile set, falling back to default profiles: default
2021-10-04 02:07:07.357  INFO 17756 --- [restartedMain] .s.d.r.c.RepositoryConfigurationDelegate : Bootstrapping Spring Data JPA repositories in DEFAULT mode.
2021-10-04 02:07:07.371  INFO 17756 --- [restartedMain] .s.d.r.c.RepositoryConfigurationDelegate : Finished Spring Data repository scanning in 13 ms. Found 2 JPA repository interfaces.
2021-10-04 02:07:07.459  INFO 17756 --- [restartedMain] o.s.b.w.embedded.tomcat.TomcatWebServer  : Tomcat initialized with port(s): 9944 (http)
2021-10-04 02:07:07.459  INFO 17756 --- [restartedMain] o.apache.catalina.core.StandardService   : Starting service [Tomcat]
2021-10-04 02:07:07.460  INFO 17756 --- [restartedMain] org.apache.catalina.core.StandardEngine  : Starting Servlet engine: [Apache Tomcat/9.0.52]
2021-10-04 02:07:07.472  INFO 17756 --- [restartedMain] o.a.c.c.C.[Tomcat].[localhost].[/]       : Initializing Spring embedded WebApplicationContext
2021-10-04 02:07:07.472  INFO 17756 --- [restartedMain] w.s.c.ServletWebServerApplicationContext : Root WebApplicationContext: initialization completed in 241 ms
2021-10-04 02:07:07.481  INFO 17756 --- [restartedMain] com.zaxxer.hikari.HikariDataSource       : HikariPool-5 - Starting...
2021-10-04 02:07:07.495  INFO 17756 --- [restartedMain] com.zaxxer.hikari.HikariDataSource       : HikariPool-5 - Start completed.
2021-10-04 02:07:07.496  INFO 17756 --- [restartedMain] o.s.b.a.h2.H2ConsoleAutoConfiguration    : H2 console available at '/h2-console'. Database available at 'jdbc:mysql://127.0.0.1:3306/krkgj_blog?autoReconnect=true&useUnicode=true&characterEncoding=utf-8&zeroDateTimeBehavior=convertToNull'
2021-10-04 02:07:07.513  INFO 17756 --- [restartedMain] o.hibernate.jpa.internal.util.LogHelper  : HHH000204: Processing PersistenceUnitInfo [name: default]
2021-10-04 02:07:07.516  INFO 17756 --- [restartedMain] org.hibernate.dialect.Dialect            : HHH000400: Using dialect: org.hibernate.dialect.MySQL5InnoDBDialect
2021-10-04 02:07:07.536  INFO 17756 --- [restartedMain] o.h.e.t.j.p.i.JtaPlatformInitiator       : HHH000490: Using JtaPlatform implementation: [org.hibernate.engine.transaction.jta.platform.internal.NoJtaPlatform]
2021-10-04 02:07:07.536  INFO 17756 --- [restartedMain] j.LocalContainerEntityManagerFactoryBean : Initialized JPA EntityManagerFactory for persistence unit 'default'
2021-10-04 02:07:07.593  WARN 17756 --- [restartedMain] JpaBaseConfiguration$JpaWebConfiguration : spring.jpa.open-in-view is enabled by default. Therefore, database queries may be performed during view rendering. Explicitly configure spring.jpa.open-in-view to disable this warning
2021-10-04 02:07:07.654  INFO 17756 --- [restartedMain] o.s.b.d.a.OptionalLiveReloadServer       : LiveReload server is running on port 35729
2021-10-04 02:07:07.661  INFO 17756 --- [restartedMain] o.s.b.w.embedded.tomcat.TomcatWebServer  : Tomcat started on port(s): 9944 (http) with context path ''
2021-10-04 02:07:07.665  INFO 17756 --- [restartedMain] com.krkgj.blogapi.BlogApiApplication     : Started BlogApiApplication in 0.48 seconds (JVM running for 287.771)
2021-10-04 02:07:07.666  INFO 17756 --- [restartedMain] .ConditionEvaluationDeltaLoggingListener : Condition evaluation unchanged
2021-10-04 02:07:10.621  INFO 17756 --- [http-nio-9944-exec-2] o.a.c.c.C.[Tomcat].[localhost].[/]       : Initializing Spring DispatcherServlet 'dispatcherServlet'
2021-10-04 02:07:10.626  INFO 17756 --- [http-nio-9944-exec-2] o.s.web.servlet.DispatcherServlet        : Initializing Servlet 'dispatcherServlet'
2021-10-04 02:07:10.630  INFO 17756 --- [http-nio-9944-exec-2] o.s.web.servlet.DispatcherServlet        : Completed initialization in 3 ms
2021-10-04 02:07:10.637  INFO 17756 --- [http-nio-9944-exec-2] c.k.b.post.controller.PostController     : No value sortingValue - set Default! 
2021-10-04 02:11:50.290  INFO 17756 --- [Thread-20] j.LocalContainerEntityManagerFactoryBean : Closing JPA EntityManagerFactory for persistence unit 'default'
2021-10-04 02:11:50.292  INFO 17756 --- [Thread-20] com.zaxxer.hikari.HikariDataSource       : HikariPool-5 - Shutdown initiated...
2021-10-04 02:11:50.298  INFO 17756 --- [Thread-20] com.zaxxer.hikari.HikariDataSource       : HikariPool-5 - Shutdown completed.
2021-10-04 02:11:50.436  INFO 17756 --- [restartedMain] com.krkgj.blogapi.BlogApiApplication     : Starting BlogApiApplication using Java 1.8.0_271 on KyeongjinKim with PID 17756 (C:\java_project\blog-api\target\classes started by KimKyeongJin in C:\java_project\blog-api)
2021-10-04 02:11:50.437 DEBUG 17756 --- [restartedMain] com.krkgj.blogapi.BlogApiApplication     : Running with Spring Boot v2.5.4, Spring v5.3.9
2021-10-04 02:11:50.437  INFO 17756 --- [restartedMain] com.krkgj.blogapi.BlogApiApplication     : No active profile set, falling back to default profiles: default
2021-10-04 02:11:50.574  INFO 17756 --- [restartedMain] .s.d.r.c.RepositoryConfigurationDelegate : Bootstrapping Spring Data JPA repositories in DEFAULT mode.
2021-10-04 02:11:50.587  INFO 17756 --- [restartedMain] .s.d.r.c.RepositoryConfigurationDelegate : Finished Spring Data repository scanning in 13 ms. Found 2 JPA repository interfaces.
2021-10-04 02:11:50.672  INFO 17756 --- [restartedMain] o.s.b.w.embedded.tomcat.TomcatWebServer  : Tomcat initialized with port(s): 9944 (http)
2021-10-04 02:11:50.673  INFO 17756 --- [restartedMain] o.apache.catalina.core.StandardService   : Starting service [Tomcat]
2021-10-04 02:11:50.673  INFO 17756 --- [restartedMain] org.apache.catalina.core.StandardEngine  : Starting Servlet engine: [Apache Tomcat/9.0.52]
2021-10-04 02:11:50.684  INFO 17756 --- [restartedMain] o.a.c.c.C.[Tomcat].[localhost].[/]       : Initializing Spring embedded WebApplicationContext
2021-10-04 02:11:50.685  INFO 17756 --- [restartedMain] w.s.c.ServletWebServerApplicationContext : Root WebApplicationContext: initialization completed in 246 ms
2021-10-04 02:11:50.693  INFO 17756 --- [restartedMain] com.zaxxer.hikari.HikariDataSource       : HikariPool-6 - Starting...
2021-10-04 02:11:50.706  INFO 17756 --- [restartedMain] com.zaxxer.hikari.HikariDataSource       : HikariPool-6 - Start completed.
2021-10-04 02:11:50.707  INFO 17756 --- [restartedMain] o.s.b.a.h2.H2ConsoleAutoConfiguration    : H2 console available at '/h2-console'. Database available at 'jdbc:mysql://127.0.0.1:3306/krkgj_blog?autoReconnect=true&useUnicode=true&characterEncoding=utf-8&zeroDateTimeBehavior=convertToNull'
2021-10-04 02:11:50.724  INFO 17756 --- [restartedMain] o.hibernate.jpa.internal.util.LogHelper  : HHH000204: Processing PersistenceUnitInfo [name: default]
2021-10-04 02:11:50.728  INFO 17756 --- [restartedMain] org.hibernate.dialect.Dialect            : HHH000400: Using dialect: org.hibernate.dialect.MySQL5InnoDBDialect
2021-10-04 02:11:50.748  INFO 17756 --- [restartedMain] o.h.e.t.j.p.i.JtaPlatformInitiator       : HHH000490: Using JtaPlatform implementation: [org.hibernate.engine.transaction.jta.platform.internal.NoJtaPlatform]
2021-10-04 02:11:50.748  INFO 17756 --- [restartedMain] j.LocalContainerEntityManagerFactoryBean : Initialized JPA EntityManagerFactory for persistence unit 'default'
2021-10-04 02:11:50.805  WARN 17756 --- [restartedMain] JpaBaseConfiguration$JpaWebConfiguration : spring.jpa.open-in-view is enabled by default. Therefore, database queries may be performed during view rendering. Explicitly configure spring.jpa.open-in-view to disable this warning
2021-10-04 02:11:50.892  INFO 17756 --- [restartedMain] o.s.b.d.a.OptionalLiveReloadServer       : LiveReload server is running on port 35729
2021-10-04 02:11:50.905  INFO 17756 --- [restartedMain] o.s.b.w.embedded.tomcat.TomcatWebServer  : Tomcat started on port(s): 9944 (http) with context path ''
2021-10-04 02:11:50.911  INFO 17756 --- [restartedMain] com.krkgj.blogapi.BlogApiApplication     : Started BlogApiApplication in 0.514 seconds (JVM running for 571.018)
2021-10-04 02:11:50.913  INFO 17756 --- [restartedMain] .ConditionEvaluationDeltaLoggingListener : Condition evaluation unchanged
2021-10-04 02:11:52.864  INFO 17756 --- [http-nio-9944-exec-2] o.a.c.c.C.[Tomcat].[localhost].[/]       : Initializing Spring DispatcherServlet 'dispatcherServlet'
2021-10-04 02:11:52.865  INFO 17756 --- [http-nio-9944-exec-2] o.s.web.servlet.DispatcherServlet        : Initializing Servlet 'dispatcherServlet'
2021-10-04 02:11:52.869  INFO 17756 --- [http-nio-9944-exec-2] o.s.web.servlet.DispatcherServlet        : Completed initialization in 3 ms
2021-10-04 02:12:31.830  INFO 17756 --- [Thread-24] j.LocalContainerEntityManagerFactoryBean : Closing JPA EntityManagerFactory for persistence unit 'default'
2021-10-04 02:12:31.831  INFO 17756 --- [Thread-24] com.zaxxer.hikari.HikariDataSource       : HikariPool-6 - Shutdown initiated...
2021-10-04 02:12:31.836  INFO 17756 --- [Thread-24] com.zaxxer.hikari.HikariDataSource       : HikariPool-6 - Shutdown completed.
2021-10-04 02:12:32.031  INFO 17756 --- [restartedMain] com.krkgj.blogapi.BlogApiApplication     : Starting BlogApiApplication using Java 1.8.0_271 on KyeongjinKim with PID 17756 (C:\java_project\blog-api\target\classes started by KimKyeongJin in C:\java_project\blog-api)
2021-10-04 02:12:32.032 DEBUG 17756 --- [restartedMain] com.krkgj.blogapi.BlogApiApplication     : Running with Spring Boot v2.5.4, Spring v5.3.9
2021-10-04 02:12:32.032  INFO 17756 --- [restartedMain] com.krkgj.blogapi.BlogApiApplication     : No active profile set, falling back to default profiles: default
2021-10-04 02:12:32.157  INFO 17756 --- [restartedMain] .s.d.r.c.RepositoryConfigurationDelegate : Bootstrapping Spring Data JPA repositories in DEFAULT mode.
2021-10-04 02:12:32.173  INFO 17756 --- [restartedMain] .s.d.r.c.RepositoryConfigurationDelegate : Finished Spring Data repository scanning in 15 ms. Found 2 JPA repository interfaces.
2021-10-04 02:12:32.257  INFO 17756 --- [restartedMain] o.s.b.w.embedded.tomcat.TomcatWebServer  : Tomcat initialized with port(s): 9944 (http)
2021-10-04 02:12:32.258  INFO 17756 --- [restartedMain] o.apache.catalina.core.StandardService   : Starting service [Tomcat]
2021-10-04 02:12:32.258  INFO 17756 --- [restartedMain] org.apache.catalina.core.StandardEngine  : Starting Servlet engine: [Apache Tomcat/9.0.52]
2021-10-04 02:12:32.271  INFO 17756 --- [restartedMain] o.a.c.c.C.[Tomcat].[localhost].[/]       : Initializing Spring embedded WebApplicationContext
2021-10-04 02:12:32.271  INFO 17756 --- [restartedMain] w.s.c.ServletWebServerApplicationContext : Root WebApplicationContext: initialization completed in 237 ms
2021-10-04 02:12:32.279  INFO 17756 --- [restartedMain] com.zaxxer.hikari.HikariDataSource       : HikariPool-7 - Starting...
2021-10-04 02:12:32.293  INFO 17756 --- [restartedMain] com.zaxxer.hikari.HikariDataSource       : HikariPool-7 - Start completed.
2021-10-04 02:12:32.293  INFO 17756 --- [restartedMain] o.s.b.a.h2.H2ConsoleAutoConfiguration    : H2 console available at '/h2-console'. Database available at 'jdbc:mysql://127.0.0.1:3306/krkgj_blog?autoReconnect=true&useUnicode=true&characterEncoding=utf-8&zeroDateTimeBehavior=convertToNull'
2021-10-04 02:12:32.310  INFO 17756 --- [restartedMain] o.hibernate.jpa.internal.util.LogHelper  : HHH000204: Processing PersistenceUnitInfo [name: default]
2021-10-04 02:12:32.314  INFO 17756 --- [restartedMain] org.hibernate.dialect.Dialect            : HHH000400: Using dialect: org.hibernate.dialect.MySQL5InnoDBDialect
2021-10-04 02:12:32.333  INFO 17756 --- [restartedMain] o.h.e.t.j.p.i.JtaPlatformInitiator       : HHH000490: Using JtaPlatform implementation: [org.hibernate.engine.transaction.jta.platform.internal.NoJtaPlatform]
2021-10-04 02:12:32.333  INFO 17756 --- [restartedMain] j.LocalContainerEntityManagerFactoryBean : Initialized JPA EntityManagerFactory for persistence unit 'default'
2021-10-04 02:12:32.388  WARN 17756 --- [restartedMain] JpaBaseConfiguration$JpaWebConfiguration : spring.jpa.open-in-view is enabled by default. Therefore, database queries may be performed during view rendering. Explicitly configure spring.jpa.open-in-view to disable this warning
2021-10-04 02:12:32.446  INFO 17756 --- [restartedMain] o.s.b.d.a.OptionalLiveReloadServer       : LiveReload server is running on port 35729
2021-10-04 02:12:32.452  INFO 17756 --- [restartedMain] o.s.b.w.embedded.tomcat.TomcatWebServer  : Tomcat started on port(s): 9944 (http) with context path ''
2021-10-04 02:12:32.456  INFO 17756 --- [restartedMain] com.krkgj.blogapi.BlogApiApplication     : Started BlogApiApplication in 0.481 seconds (JVM running for 612.562)
2021-10-04 02:12:32.457  INFO 17756 --- [restartedMain] .ConditionEvaluationDeltaLoggingListener : Condition evaluation unchanged
2021-10-04 02:12:35.123  INFO 17756 --- [http-nio-9944-exec-2] o.a.c.c.C.[Tomcat].[localhost].[/]       : Initializing Spring DispatcherServlet 'dispatcherServlet'
2021-10-04 02:12:35.125  INFO 17756 --- [http-nio-9944-exec-2] o.s.web.servlet.DispatcherServlet        : Initializing Servlet 'dispatcherServlet'
2021-10-04 02:12:35.126  INFO 17756 --- [http-nio-9944-exec-2] o.s.web.servlet.DispatcherServlet        : Completed initialization in 1 ms
2021-10-04 02:16:01.918  INFO 17756 --- [Thread-28] j.LocalContainerEntityManagerFactoryBean : Closing JPA EntityManagerFactory for persistence unit 'default'
2021-10-04 02:16:01.919  INFO 17756 --- [Thread-28] com.zaxxer.hikari.HikariDataSource       : HikariPool-7 - Shutdown initiated...
2021-10-04 02:16:01.925  INFO 17756 --- [Thread-28] com.zaxxer.hikari.HikariDataSource       : HikariPool-7 - Shutdown completed.
2021-10-04 02:16:02.069  INFO 17756 --- [restartedMain] com.krkgj.blogapi.BlogApiApplication     : Starting BlogApiApplication using Java 1.8.0_271 on KyeongjinKim with PID 17756 (C:\java_project\blog-api\target\classes started by KimKyeongJin in C:\java_project\blog-api)
2021-10-04 02:16:02.069 DEBUG 17756 --- [restartedMain] com.krkgj.blogapi.BlogApiApplication     : Running with Spring Boot v2.5.4, Spring v5.3.9
2021-10-04 02:16:02.070  INFO 17756 --- [restartedMain] com.krkgj.blogapi.BlogApiApplication     : No active profile set, falling back to default profiles: default
2021-10-04 02:16:02.284  INFO 17756 --- [restartedMain] .s.d.r.c.RepositoryConfigurationDelegate : Bootstrapping Spring Data JPA repositories in DEFAULT mode.
2021-10-04 02:16:02.300  INFO 17756 --- [restartedMain] .s.d.r.c.RepositoryConfigurationDelegate : Finished Spring Data repository scanning in 15 ms. Found 2 JPA repository interfaces.
2021-10-04 02:16:02.386  INFO 17756 --- [restartedMain] o.s.b.w.embedded.tomcat.TomcatWebServer  : Tomcat initialized with port(s): 9944 (http)
2021-10-04 02:16:02.387  INFO 17756 --- [restartedMain] o.apache.catalina.core.StandardService   : Starting service [Tomcat]
2021-10-04 02:16:02.387  INFO 17756 --- [restartedMain] org.apache.catalina.core.StandardEngine  : Starting Servlet engine: [Apache Tomcat/9.0.52]
2021-10-04 02:16:02.398  INFO 17756 --- [restartedMain] o.a.c.c.C.[Tomcat].[localhost].[/]       : Initializing Spring embedded WebApplicationContext
2021-10-04 02:16:02.398  INFO 17756 --- [restartedMain] w.s.c.ServletWebServerApplicationContext : Root WebApplicationContext: initialization completed in 327 ms
2021-10-04 02:16:02.406  INFO 17756 --- [restartedMain] com.zaxxer.hikari.HikariDataSource       : HikariPool-8 - Starting...
2021-10-04 02:16:02.420  INFO 17756 --- [restartedMain] com.zaxxer.hikari.HikariDataSource       : HikariPool-8 - Start completed.
2021-10-04 02:16:02.420  INFO 17756 --- [restartedMain] o.s.b.a.h2.H2ConsoleAutoConfiguration    : H2 console available at '/h2-console'. Database available at 'jdbc:mysql://127.0.0.1:3306/krkgj_blog?autoReconnect=true&useUnicode=true&characterEncoding=utf-8&zeroDateTimeBehavior=convertToNull'
2021-10-04 02:16:02.438  INFO 17756 --- [restartedMain] o.hibernate.jpa.internal.util.LogHelper  : HHH000204: Processing PersistenceUnitInfo [name: default]
2021-10-04 02:16:02.443  INFO 17756 --- [restartedMain] org.hibernate.dialect.Dialect            : HHH000400: Using dialect: org.hibernate.dialect.MySQL5InnoDBDialect
2021-10-04 02:16:02.462  INFO 17756 --- [restartedMain] o.h.e.t.j.p.i.JtaPlatformInitiator       : HHH000490: Using JtaPlatform implementation: [org.hibernate.engine.transaction.jta.platform.internal.NoJtaPlatform]
2021-10-04 02:16:02.463  INFO 17756 --- [restartedMain] j.LocalContainerEntityManagerFactoryBean : Initialized JPA EntityManagerFactory for persistence unit 'default'
2021-10-04 02:16:02.520  WARN 17756 --- [restartedMain] JpaBaseConfiguration$JpaWebConfiguration : spring.jpa.open-in-view is enabled by default. Therefore, database queries may be performed during view rendering. Explicitly configure spring.jpa.open-in-view to disable this warning
2021-10-04 02:16:02.588  INFO 17756 --- [restartedMain] o.s.b.d.a.OptionalLiveReloadServer       : LiveReload server is running on port 35729
2021-10-04 02:16:02.596  INFO 17756 --- [restartedMain] o.s.b.w.embedded.tomcat.TomcatWebServer  : Tomcat started on port(s): 9944 (http) with context path ''
2021-10-04 02:16:02.601  INFO 17756 --- [restartedMain] com.krkgj.blogapi.BlogApiApplication     : Started BlogApiApplication in 0.574 seconds (JVM running for 822.707)
2021-10-04 02:16:02.602  INFO 17756 --- [restartedMain] .ConditionEvaluationDeltaLoggingListener : Condition evaluation unchanged
2021-10-04 02:16:04.872  INFO 17756 --- [http-nio-9944-exec-2] o.a.c.c.C.[Tomcat].[localhost].[/]       : Initializing Spring DispatcherServlet 'dispatcherServlet'
2021-10-04 02:16:04.874  INFO 17756 --- [http-nio-9944-exec-2] o.s.web.servlet.DispatcherServlet        : Initializing Servlet 'dispatcherServlet'
2021-10-04 02:16:04.875  INFO 17756 --- [http-nio-9944-exec-2] o.s.web.servlet.DispatcherServlet        : Completed initialization in 1 ms
2021-10-04 02:16:04.877  INFO 17756 --- [http-nio-9944-exec-2] c.k.b.post.controller.PostController     : sortingDirection => desc
2021-10-04 02:16:04.877  INFO 17756 --- [http-nio-9944-exec-2] c.k.b.post.controller.PostController     : sortBy => null
2021-10-04 02:16:18.692  INFO 17756 --- [Thread-32] j.LocalContainerEntityManagerFactoryBean : Closing JPA EntityManagerFactory for persistence unit 'default'
2021-10-04 02:16:18.693  INFO 17756 --- [Thread-32] com.zaxxer.hikari.HikariDataSource       : HikariPool-8 - Shutdown initiated...
2021-10-04 02:16:18.699  INFO 17756 --- [Thread-32] com.zaxxer.hikari.HikariDataSource       : HikariPool-8 - Shutdown completed.
2021-10-04 02:16:18.889  INFO 17756 --- [restartedMain] com.krkgj.blogapi.BlogApiApplication     : Starting BlogApiApplication using Java 1.8.0_271 on KyeongjinKim with PID 17756 (C:\java_project\blog-api\target\classes started by KimKyeongJin in C:\java_project\blog-api)
2021-10-04 02:16:18.889 DEBUG 17756 --- [restartedMain] com.krkgj.blogapi.BlogApiApplication     : Running with Spring Boot v2.5.4, Spring v5.3.9
2021-10-04 02:16:18.889  INFO 17756 --- [restartedMain] com.krkgj.blogapi.BlogApiApplication     : No active profile set, falling back to default profiles: default
2021-10-04 02:16:19.009  INFO 17756 --- [restartedMain] .s.d.r.c.RepositoryConfigurationDelegate : Bootstrapping Spring Data JPA repositories in DEFAULT mode.
2021-10-04 02:16:19.023  INFO 17756 --- [restartedMain] .s.d.r.c.RepositoryConfigurationDelegate : Finished Spring Data repository scanning in 13 ms. Found 2 JPA repository interfaces.
2021-10-04 02:16:19.083  INFO 17756 --- [restartedMain] o.s.b.w.embedded.tomcat.TomcatWebServer  : Tomcat initialized with port(s): 9944 (http)
2021-10-04 02:16:19.084  INFO 17756 --- [restartedMain] o.apache.catalina.core.StandardService   : Starting service [Tomcat]
2021-10-04 02:16:19.084  INFO 17756 --- [restartedMain] org.apache.catalina.core.StandardEngine  : Starting Servlet engine: [Apache Tomcat/9.0.52]
2021-10-04 02:16:19.095  INFO 17756 --- [restartedMain] o.a.c.c.C.[Tomcat].[localhost].[/]       : Initializing Spring embedded WebApplicationContext
2021-10-04 02:16:19.096  INFO 17756 --- [restartedMain] w.s.c.ServletWebServerApplicationContext : Root WebApplicationContext: initialization completed in 205 ms
2021-10-04 02:16:19.104  INFO 17756 --- [restartedMain] com.zaxxer.hikari.HikariDataSource       : HikariPool-9 - Starting...
2021-10-04 02:16:19.117  INFO 17756 --- [restartedMain] com.zaxxer.hikari.HikariDataSource       : HikariPool-9 - Start completed.
2021-10-04 02:16:19.117  INFO 17756 --- [restartedMain] o.s.b.a.h2.H2ConsoleAutoConfiguration    : H2 console available at '/h2-console'. Database available at 'jdbc:mysql://127.0.0.1:3306/krkgj_blog?autoReconnect=true&useUnicode=true&characterEncoding=utf-8&zeroDateTimeBehavior=convertToNull'
2021-10-04 02:16:19.135  INFO 17756 --- [restartedMain] o.hibernate.jpa.internal.util.LogHelper  : HHH000204: Processing PersistenceUnitInfo [name: default]
2021-10-04 02:16:19.139  INFO 17756 --- [restartedMain] org.hibernate.dialect.Dialect            : HHH000400: Using dialect: org.hibernate.dialect.MySQL5InnoDBDialect
2021-10-04 02:16:19.157  INFO 17756 --- [restartedMain] o.h.e.t.j.p.i.JtaPlatformInitiator       : HHH000490: Using JtaPlatform implementation: [org.hibernate.engine.transaction.jta.platform.internal.NoJtaPlatform]
2021-10-04 02:16:19.157  INFO 17756 --- [restartedMain] j.LocalContainerEntityManagerFactoryBean : Initialized JPA EntityManagerFactory for persistence unit 'default'
2021-10-04 02:16:19.212  WARN 17756 --- [restartedMain] JpaBaseConfiguration$JpaWebConfiguration : spring.jpa.open-in-view is enabled by default. Therefore, database queries may be performed during view rendering. Explicitly configure spring.jpa.open-in-view to disable this warning
2021-10-04 02:16:19.280  INFO 17756 --- [restartedMain] o.s.b.d.a.OptionalLiveReloadServer       : LiveReload server is running on port 35729
2021-10-04 02:16:19.289  INFO 17756 --- [restartedMain] o.s.b.w.embedded.tomcat.TomcatWebServer  : Tomcat started on port(s): 9944 (http) with context path ''
2021-10-04 02:16:19.292  INFO 17756 --- [restartedMain] com.krkgj.blogapi.BlogApiApplication     : Started BlogApiApplication in 0.437 seconds (JVM running for 839.398)
2021-10-04 02:16:19.293  INFO 17756 --- [restartedMain] .ConditionEvaluationDeltaLoggingListener : Condition evaluation unchanged
2021-10-04 02:17:24.743  INFO 17756 --- [Thread-36] j.LocalContainerEntityManagerFactoryBean : Closing JPA EntityManagerFactory for persistence unit 'default'
2021-10-04 02:17:24.745  INFO 17756 --- [Thread-36] com.zaxxer.hikari.HikariDataSource       : HikariPool-9 - Shutdown initiated...
2021-10-04 02:17:24.751  INFO 17756 --- [Thread-36] com.zaxxer.hikari.HikariDataSource       : HikariPool-9 - Shutdown completed.
2021-10-04 02:17:24.875  INFO 17756 --- [restartedMain] com.krkgj.blogapi.BlogApiApplication     : Starting BlogApiApplication using Java 1.8.0_271 on KyeongjinKim with PID 17756 (C:\java_project\blog-api\target\classes started by KimKyeongJin in C:\java_project\blog-api)
2021-10-04 02:17:24.875 DEBUG 17756 --- [restartedMain] com.krkgj.blogapi.BlogApiApplication     : Running with Spring Boot v2.5.4, Spring v5.3.9
2021-10-04 02:17:24.876  INFO 17756 --- [restartedMain] com.krkgj.blogapi.BlogApiApplication     : No active profile set, falling back to default profiles: default
2021-10-04 02:17:25.005  INFO 17756 --- [restartedMain] .s.d.r.c.RepositoryConfigurationDelegate : Bootstrapping Spring Data JPA repositories in DEFAULT mode.
2021-10-04 02:17:25.020  INFO 17756 --- [restartedMain] .s.d.r.c.RepositoryConfigurationDelegate : Finished Spring Data repository scanning in 14 ms. Found 2 JPA repository interfaces.
2021-10-04 02:17:25.105  INFO 17756 --- [restartedMain] o.s.b.w.embedded.tomcat.TomcatWebServer  : Tomcat initialized with port(s): 9944 (http)
2021-10-04 02:17:25.106  INFO 17756 --- [restartedMain] o.apache.catalina.core.StandardService   : Starting service [Tomcat]
2021-10-04 02:17:25.106  INFO 17756 --- [restartedMain] org.apache.catalina.core.StandardEngine  : Starting Servlet engine: [Apache Tomcat/9.0.52]
2021-10-04 02:17:25.118  INFO 17756 --- [restartedMain] o.a.c.c.C.[Tomcat].[localhost].[/]       : Initializing Spring embedded WebApplicationContext
2021-10-04 02:17:25.118  INFO 17756 --- [restartedMain] w.s.c.ServletWebServerApplicationContext : Root WebApplicationContext: initialization completed in 241 ms
2021-10-04 02:17:25.128  INFO 17756 --- [restartedMain] com.zaxxer.hikari.HikariDataSource       : HikariPool-10 - Starting...
2021-10-04 02:17:25.140  INFO 17756 --- [restartedMain] com.zaxxer.hikari.HikariDataSource       : HikariPool-10 - Start completed.
2021-10-04 02:17:25.140  INFO 17756 --- [restartedMain] o.s.b.a.h2.H2ConsoleAutoConfiguration    : H2 console available at '/h2-console'. Database available at 'jdbc:mysql://127.0.0.1:3306/krkgj_blog?autoReconnect=true&useUnicode=true&characterEncoding=utf-8&zeroDateTimeBehavior=convertToNull'
2021-10-04 02:17:25.158  INFO 17756 --- [restartedMain] o.hibernate.jpa.internal.util.LogHelper  : HHH000204: Processing PersistenceUnitInfo [name: default]
2021-10-04 02:17:25.162  INFO 17756 --- [restartedMain] org.hibernate.dialect.Dialect            : HHH000400: Using dialect: org.hibernate.dialect.MySQL5InnoDBDialect
2021-10-04 02:17:25.181  INFO 17756 --- [restartedMain] o.h.e.t.j.p.i.JtaPlatformInitiator       : HHH000490: Using JtaPlatform implementation: [org.hibernate.engine.transaction.jta.platform.internal.NoJtaPlatform]
2021-10-04 02:17:25.182  INFO 17756 --- [restartedMain] j.LocalContainerEntityManagerFactoryBean : Initialized JPA EntityManagerFactory for persistence unit 'default'
2021-10-04 02:17:25.236  WARN 17756 --- [restartedMain] JpaBaseConfiguration$JpaWebConfiguration : spring.jpa.open-in-view is enabled by default. Therefore, database queries may be performed during view rendering. Explicitly configure spring.jpa.open-in-view to disable this warning
2021-10-04 02:17:25.303  INFO 17756 --- [restartedMain] o.s.b.d.a.OptionalLiveReloadServer       : LiveReload server is running on port 35729
2021-10-04 02:17:25.310  INFO 17756 --- [restartedMain] o.s.b.w.embedded.tomcat.TomcatWebServer  : Tomcat started on port(s): 9944 (http) with context path ''
2021-10-04 02:17:25.313  INFO 17756 --- [restartedMain] com.krkgj.blogapi.BlogApiApplication     : Started BlogApiApplication in 0.474 seconds (JVM running for 905.419)
2021-10-04 02:17:25.314  INFO 17756 --- [restartedMain] .ConditionEvaluationDeltaLoggingListener : Condition evaluation unchanged
2021-10-04 02:17:44.543  INFO 17756 --- [Thread-40] j.LocalContainerEntityManagerFactoryBean : Closing JPA EntityManagerFactory for persistence unit 'default'
2021-10-04 02:17:44.544  INFO 17756 --- [Thread-40] com.zaxxer.hikari.HikariDataSource       : HikariPool-10 - Shutdown initiated...
2021-10-04 02:17:44.549  INFO 17756 --- [Thread-40] com.zaxxer.hikari.HikariDataSource       : HikariPool-10 - Shutdown completed.
2021-10-04 02:17:44.677  INFO 17756 --- [restartedMain] com.krkgj.blogapi.BlogApiApplication     : Starting BlogApiApplication using Java 1.8.0_271 on KyeongjinKim with PID 17756 (C:\java_project\blog-api\target\classes started by KimKyeongJin in C:\java_project\blog-api)
2021-10-04 02:17:44.677 DEBUG 17756 --- [restartedMain] com.krkgj.blogapi.BlogApiApplication     : Running with Spring Boot v2.5.4, Spring v5.3.9
2021-10-04 02:17:44.677  INFO 17756 --- [restartedMain] com.krkgj.blogapi.BlogApiApplication     : No active profile set, falling back to default profiles: default
2021-10-04 02:17:44.799  INFO 17756 --- [restartedMain] .s.d.r.c.RepositoryConfigurationDelegate : Bootstrapping Spring Data JPA repositories in DEFAULT mode.
2021-10-04 02:17:44.813  INFO 17756 --- [restartedMain] .s.d.r.c.RepositoryConfigurationDelegate : Finished Spring Data repository scanning in 13 ms. Found 2 JPA repository interfaces.
2021-10-04 02:17:44.866  INFO 17756 --- [restartedMain] o.s.b.w.embedded.tomcat.TomcatWebServer  : Tomcat initialized with port(s): 9944 (http)
2021-10-04 02:17:44.866  INFO 17756 --- [restartedMain] o.apache.catalina.core.StandardService   : Starting service [Tomcat]
2021-10-04 02:17:44.867  INFO 17756 --- [restartedMain] org.apache.catalina.core.StandardEngine  : Starting Servlet engine: [Apache Tomcat/9.0.52]
2021-10-04 02:17:44.881  INFO 17756 --- [restartedMain] o.a.c.c.C.[Tomcat].[localhost].[/]       : Initializing Spring embedded WebApplicationContext
2021-10-04 02:17:44.881  INFO 17756 --- [restartedMain] w.s.c.ServletWebServerApplicationContext : Root WebApplicationContext: initialization completed in 202 ms
2021-10-04 02:17:44.890  INFO 17756 --- [restartedMain] com.zaxxer.hikari.HikariDataSource       : HikariPool-11 - Starting...
2021-10-04 02:17:44.901  INFO 17756 --- [restartedMain] com.zaxxer.hikari.HikariDataSource       : HikariPool-11 - Start completed.
2021-10-04 02:17:44.901  INFO 17756 --- [restartedMain] o.s.b.a.h2.H2ConsoleAutoConfiguration    : H2 console available at '/h2-console'. Database available at 'jdbc:mysql://127.0.0.1:3306/krkgj_blog?autoReconnect=true&useUnicode=true&characterEncoding=utf-8&zeroDateTimeBehavior=convertToNull'
2021-10-04 02:17:44.921  INFO 17756 --- [restartedMain] o.hibernate.jpa.internal.util.LogHelper  : HHH000204: Processing PersistenceUnitInfo [name: default]
2021-10-04 02:17:44.926  INFO 17756 --- [restartedMain] org.hibernate.dialect.Dialect            : HHH000400: Using dialect: org.hibernate.dialect.MySQL5InnoDBDialect
2021-10-04 02:17:44.943  INFO 17756 --- [restartedMain] o.h.e.t.j.p.i.JtaPlatformInitiator       : HHH000490: Using JtaPlatform implementation: [org.hibernate.engine.transaction.jta.platform.internal.NoJtaPlatform]
2021-10-04 02:17:44.943  INFO 17756 --- [restartedMain] j.LocalContainerEntityManagerFactoryBean : Initialized JPA EntityManagerFactory for persistence unit 'default'
2021-10-04 02:17:44.999  WARN 17756 --- [restartedMain] JpaBaseConfiguration$JpaWebConfiguration : spring.jpa.open-in-view is enabled by default. Therefore, database queries may be performed during view rendering. Explicitly configure spring.jpa.open-in-view to disable this warning
2021-10-04 02:17:45.065  INFO 17756 --- [restartedMain] o.s.b.d.a.OptionalLiveReloadServer       : LiveReload server is running on port 35729
2021-10-04 02:17:45.071  INFO 17756 --- [restartedMain] o.s.b.w.embedded.tomcat.TomcatWebServer  : Tomcat started on port(s): 9944 (http) with context path ''
2021-10-04 02:17:45.074  INFO 17756 --- [restartedMain] com.krkgj.blogapi.BlogApiApplication     : Started BlogApiApplication in 0.437 seconds (JVM running for 925.181)
2021-10-04 02:17:45.076  INFO 17756 --- [restartedMain] .ConditionEvaluationDeltaLoggingListener : Condition evaluation unchanged
2021-10-04 02:17:53.940  INFO 17756 --- [Thread-44] j.LocalContainerEntityManagerFactoryBean : Closing JPA EntityManagerFactory for persistence unit 'default'
2021-10-04 02:17:53.941  INFO 17756 --- [Thread-44] com.zaxxer.hikari.HikariDataSource       : HikariPool-11 - Shutdown initiated...
2021-10-04 02:17:53.947  INFO 17756 --- [Thread-44] com.zaxxer.hikari.HikariDataSource       : HikariPool-11 - Shutdown completed.
2021-10-04 02:17:54.045  INFO 17756 --- [restartedMain] com.krkgj.blogapi.BlogApiApplication     : Starting BlogApiApplication using Java 1.8.0_271 on KyeongjinKim with PID 17756 (C:\java_project\blog-api\target\classes started by KimKyeongJin in C:\java_project\blog-api)
2021-10-04 02:17:54.045 DEBUG 17756 --- [restartedMain] com.krkgj.blogapi.BlogApiApplication     : Running with Spring Boot v2.5.4, Spring v5.3.9
2021-10-04 02:17:54.045  INFO 17756 --- [restartedMain] com.krkgj.blogapi.BlogApiApplication     : No active profile set, falling back to default profiles: default
2021-10-04 02:17:54.177  INFO 17756 --- [restartedMain] .s.d.r.c.RepositoryConfigurationDelegate : Bootstrapping Spring Data JPA repositories in DEFAULT mode.
2021-10-04 02:17:54.191  INFO 17756 --- [restartedMain] .s.d.r.c.RepositoryConfigurationDelegate : Finished Spring Data repository scanning in 13 ms. Found 2 JPA repository interfaces.
2021-10-04 02:17:54.248  INFO 17756 --- [restartedMain] o.s.b.w.embedded.tomcat.TomcatWebServer  : Tomcat initialized with port(s): 9944 (http)
2021-10-04 02:17:54.249  INFO 17756 --- [restartedMain] o.apache.catalina.core.StandardService   : Starting service [Tomcat]
2021-10-04 02:17:54.249  INFO 17756 --- [restartedMain] org.apache.catalina.core.StandardEngine  : Starting Servlet engine: [Apache Tomcat/9.0.52]
2021-10-04 02:17:54.263  INFO 17756 --- [restartedMain] o.a.c.c.C.[Tomcat].[localhost].[/]       : Initializing Spring embedded WebApplicationContext
2021-10-04 02:17:54.264  INFO 17756 --- [restartedMain] w.s.c.ServletWebServerApplicationContext : Root WebApplicationContext: initialization completed in 217 ms
2021-10-04 02:17:54.272  INFO 17756 --- [restartedMain] com.zaxxer.hikari.HikariDataSource       : HikariPool-12 - Starting...
2021-10-04 02:17:54.285  INFO 17756 --- [restartedMain] com.zaxxer.hikari.HikariDataSource       : HikariPool-12 - Start completed.
2021-10-04 02:17:54.286  INFO 17756 --- [restartedMain] o.s.b.a.h2.H2ConsoleAutoConfiguration    : H2 console available at '/h2-console'. Database available at 'jdbc:mysql://127.0.0.1:3306/krkgj_blog?autoReconnect=true&useUnicode=true&characterEncoding=utf-8&zeroDateTimeBehavior=convertToNull'
2021-10-04 02:17:54.303  INFO 17756 --- [restartedMain] o.hibernate.jpa.internal.util.LogHelper  : HHH000204: Processing PersistenceUnitInfo [name: default]
2021-10-04 02:17:54.306  INFO 17756 --- [restartedMain] org.hibernate.dialect.Dialect            : HHH000400: Using dialect: org.hibernate.dialect.MySQL5InnoDBDialect
2021-10-04 02:17:54.322  INFO 17756 --- [restartedMain] o.h.e.t.j.p.i.JtaPlatformInitiator       : HHH000490: Using JtaPlatform implementation: [org.hibernate.engine.transaction.jta.platform.internal.NoJtaPlatform]
2021-10-04 02:17:54.323  INFO 17756 --- [restartedMain] j.LocalContainerEntityManagerFactoryBean : Initialized JPA EntityManagerFactory for persistence unit 'default'
2021-10-04 02:17:54.374  WARN 17756 --- [restartedMain] JpaBaseConfiguration$JpaWebConfiguration : spring.jpa.open-in-view is enabled by default. Therefore, database queries may be performed during view rendering. Explicitly configure spring.jpa.open-in-view to disable this warning
2021-10-04 02:17:54.433  INFO 17756 --- [restartedMain] o.s.b.d.a.OptionalLiveReloadServer       : LiveReload server is running on port 35729
2021-10-04 02:17:54.440  INFO 17756 --- [restartedMain] o.s.b.w.embedded.tomcat.TomcatWebServer  : Tomcat started on port(s): 9944 (http) with context path ''
2021-10-04 02:17:54.443  INFO 17756 --- [restartedMain] com.krkgj.blogapi.BlogApiApplication     : Started BlogApiApplication in 0.436 seconds (JVM running for 934.55)
2021-10-04 02:17:54.445  INFO 17756 --- [restartedMain] .ConditionEvaluationDeltaLoggingListener : Condition evaluation unchanged
2021-10-04 02:18:27.875  INFO 17756 --- [http-nio-9944-exec-2] o.a.c.c.C.[Tomcat].[localhost].[/]       : Initializing Spring DispatcherServlet 'dispatcherServlet'
2021-10-04 02:18:27.875  INFO 17756 --- [http-nio-9944-exec-2] o.s.web.servlet.DispatcherServlet        : Initializing Servlet 'dispatcherServlet'
2021-10-04 02:18:27.876  INFO 17756 --- [http-nio-9944-exec-2] o.s.web.servlet.DispatcherServlet        : Completed initialization in 1 ms
2021-10-04 02:18:27.879  INFO 17756 --- [http-nio-9944-exec-2] c.k.b.post.controller.PostController     : sortingDirection => desc
2021-10-04 02:18:27.880  INFO 17756 --- [http-nio-9944-exec-2] c.k.b.post.controller.PostController     : sortBy => createtime
2021-10-04 02:19:23.697  INFO 17756 --- [Thread-48] j.LocalContainerEntityManagerFactoryBean : Closing JPA EntityManagerFactory for persistence unit 'default'
2021-10-04 02:19:23.698  INFO 17756 --- [Thread-48] com.zaxxer.hikari.HikariDataSource       : HikariPool-12 - Shutdown initiated...
2021-10-04 02:19:23.705  INFO 17756 --- [Thread-48] com.zaxxer.hikari.HikariDataSource       : HikariPool-12 - Shutdown completed.
2021-10-04 02:19:23.844  INFO 17756 --- [restartedMain] com.krkgj.blogapi.BlogApiApplication     : Starting BlogApiApplication using Java 1.8.0_271 on KyeongjinKim with PID 17756 (C:\java_project\blog-api\target\classes started by KimKyeongJin in C:\java_project\blog-api)
2021-10-04 02:19:23.845 DEBUG 17756 --- [restartedMain] com.krkgj.blogapi.BlogApiApplication     : Running with Spring Boot v2.5.4, Spring v5.3.9
2021-10-04 02:19:23.845  INFO 17756 --- [restartedMain] com.krkgj.blogapi.BlogApiApplication     : No active profile set, falling back to default profiles: default
2021-10-04 02:19:23.982  INFO 17756 --- [restartedMain] .s.d.r.c.RepositoryConfigurationDelegate : Bootstrapping Spring Data JPA repositories in DEFAULT mode.
2021-10-04 02:19:23.996  INFO 17756 --- [restartedMain] .s.d.r.c.RepositoryConfigurationDelegate : Finished Spring Data repository scanning in 13 ms. Found 2 JPA repository interfaces.
2021-10-04 02:19:24.079  INFO 17756 --- [restartedMain] o.s.b.w.embedded.tomcat.TomcatWebServer  : Tomcat initialized with port(s): 9944 (http)
2021-10-04 02:19:24.079  INFO 17756 --- [restartedMain] o.apache.catalina.core.StandardService   : Starting service [Tomcat]
2021-10-04 02:19:24.080  INFO 17756 --- [restartedMain] org.apache.catalina.core.StandardEngine  : Starting Servlet engine: [Apache Tomcat/9.0.52]
2021-10-04 02:19:24.093  INFO 17756 --- [restartedMain] o.a.c.c.C.[Tomcat].[localhost].[/]       : Initializing Spring embedded WebApplicationContext
2021-10-04 02:19:24.094  INFO 17756 --- [restartedMain] w.s.c.ServletWebServerApplicationContext : Root WebApplicationContext: initialization completed in 246 ms
2021-10-04 02:19:24.102  INFO 17756 --- [restartedMain] com.zaxxer.hikari.HikariDataSource       : HikariPool-13 - Starting...
2021-10-04 02:19:24.114  INFO 17756 --- [restartedMain] com.zaxxer.hikari.HikariDataSource       : HikariPool-13 - Start completed.
2021-10-04 02:19:24.114  INFO 17756 --- [restartedMain] o.s.b.a.h2.H2ConsoleAutoConfiguration    : H2 console available at '/h2-console'. Database available at 'jdbc:mysql://127.0.0.1:3306/krkgj_blog?autoReconnect=true&useUnicode=true&characterEncoding=utf-8&zeroDateTimeBehavior=convertToNull'
2021-10-04 02:19:24.131  INFO 17756 --- [restartedMain] o.hibernate.jpa.internal.util.LogHelper  : HHH000204: Processing PersistenceUnitInfo [name: default]
2021-10-04 02:19:24.134  INFO 17756 --- [restartedMain] org.hibernate.dialect.Dialect            : HHH000400: Using dialect: org.hibernate.dialect.MySQL5InnoDBDialect
2021-10-04 02:19:24.151  INFO 17756 --- [restartedMain] o.h.e.t.j.p.i.JtaPlatformInitiator       : HHH000490: Using JtaPlatform implementation: [org.hibernate.engine.transaction.jta.platform.internal.NoJtaPlatform]
2021-10-04 02:19:24.151  INFO 17756 --- [restartedMain] j.LocalContainerEntityManagerFactoryBean : Initialized JPA EntityManagerFactory for persistence unit 'default'
2021-10-04 02:19:24.207  WARN 17756 --- [restartedMain] JpaBaseConfiguration$JpaWebConfiguration : spring.jpa.open-in-view is enabled by default. Therefore, database queries may be performed during view rendering. Explicitly configure spring.jpa.open-in-view to disable this warning
2021-10-04 02:19:24.266  INFO 17756 --- [restartedMain] o.s.b.d.a.OptionalLiveReloadServer       : LiveReload server is running on port 35729
2021-10-04 02:19:24.274  INFO 17756 --- [restartedMain] o.s.b.w.embedded.tomcat.TomcatWebServer  : Tomcat started on port(s): 9944 (http) with context path ''
2021-10-04 02:19:24.278  INFO 17756 --- [restartedMain] com.krkgj.blogapi.BlogApiApplication     : Started BlogApiApplication in 0.473 seconds (JVM running for 1024.384)
2021-10-04 02:19:24.279  INFO 17756 --- [restartedMain] .ConditionEvaluationDeltaLoggingListener : Condition evaluation unchanged
2021-10-04 02:19:26.373  INFO 17756 --- [http-nio-9944-exec-2] o.a.c.c.C.[Tomcat].[localhost].[/]       : Initializing Spring DispatcherServlet 'dispatcherServlet'
2021-10-04 02:19:26.375  INFO 17756 --- [http-nio-9944-exec-2] o.s.web.servlet.DispatcherServlet        : Initializing Servlet 'dispatcherServlet'
2021-10-04 02:19:26.377  INFO 17756 --- [http-nio-9944-exec-2] o.s.web.servlet.DispatcherServlet        : Completed initialization in 1 ms
2021-10-04 02:19:26.380  INFO 17756 --- [http-nio-9944-exec-2] c.k.b.post.controller.PostController     : sortingDirection => desc
2021-10-04 02:19:26.380  INFO 17756 --- [http-nio-9944-exec-2] c.k.b.post.controller.PostController     : sortBy => createtime
2021-10-04 02:19:48.667  INFO 17756 --- [Thread-52] j.LocalContainerEntityManagerFactoryBean : Closing JPA EntityManagerFactory for persistence unit 'default'
2021-10-04 02:19:48.668  INFO 17756 --- [Thread-52] com.zaxxer.hikari.HikariDataSource       : HikariPool-13 - Shutdown initiated...
2021-10-04 02:19:48.674  INFO 17756 --- [Thread-52] com.zaxxer.hikari.HikariDataSource       : HikariPool-13 - Shutdown completed.
2021-10-04 02:19:48.859  INFO 17756 --- [restartedMain] com.krkgj.blogapi.BlogApiApplication     : Starting BlogApiApplication using Java 1.8.0_271 on KyeongjinKim with PID 17756 (C:\java_project\blog-api\target\classes started by KimKyeongJin in C:\java_project\blog-api)
2021-10-04 02:19:48.861 DEBUG 17756 --- [restartedMain] com.krkgj.blogapi.BlogApiApplication     : Running with Spring Boot v2.5.4, Spring v5.3.9
2021-10-04 02:19:48.861  INFO 17756 --- [restartedMain] com.krkgj.blogapi.BlogApiApplication     : No active profile set, falling back to default profiles: default
2021-10-04 02:19:49.095  INFO 17756 --- [restartedMain] .s.d.r.c.RepositoryConfigurationDelegate : Bootstrapping Spring Data JPA repositories in DEFAULT mode.
2021-10-04 02:19:49.111  INFO 17756 --- [restartedMain] .s.d.r.c.RepositoryConfigurationDelegate : Finished Spring Data repository scanning in 15 ms. Found 2 JPA repository interfaces.
2021-10-04 02:19:49.178  INFO 17756 --- [restartedMain] o.s.b.w.embedded.tomcat.TomcatWebServer  : Tomcat initialized with port(s): 9944 (http)
2021-10-04 02:19:49.178  INFO 17756 --- [restartedMain] o.apache.catalina.core.StandardService   : Starting service [Tomcat]
2021-10-04 02:19:49.179  INFO 17756 --- [restartedMain] org.apache.catalina.core.StandardEngine  : Starting Servlet engine: [Apache Tomcat/9.0.52]
2021-10-04 02:19:49.193  INFO 17756 --- [restartedMain] o.a.c.c.C.[Tomcat].[localhost].[/]       : Initializing Spring embedded WebApplicationContext
2021-10-04 02:19:49.193  INFO 17756 --- [restartedMain] w.s.c.ServletWebServerApplicationContext : Root WebApplicationContext: initialization completed in 328 ms
2021-10-04 02:19:49.205  INFO 17756 --- [restartedMain] com.zaxxer.hikari.HikariDataSource       : HikariPool-14 - Starting...
2021-10-04 02:19:49.219  INFO 17756 --- [restartedMain] com.zaxxer.hikari.HikariDataSource       : HikariPool-14 - Start completed.
2021-10-04 02:19:49.219  INFO 17756 --- [restartedMain] o.s.b.a.h2.H2ConsoleAutoConfiguration    : H2 console available at '/h2-console'. Database available at 'jdbc:mysql://127.0.0.1:3306/krkgj_blog?autoReconnect=true&useUnicode=true&characterEncoding=utf-8&zeroDateTimeBehavior=convertToNull'
2021-10-04 02:19:49.237  INFO 17756 --- [restartedMain] o.hibernate.jpa.internal.util.LogHelper  : HHH000204: Processing PersistenceUnitInfo [name: default]
2021-10-04 02:19:49.240  INFO 17756 --- [restartedMain] org.hibernate.dialect.Dialect            : HHH000400: Using dialect: org.hibernate.dialect.MySQL5InnoDBDialect
2021-10-04 02:19:49.257  INFO 17756 --- [restartedMain] o.h.e.t.j.p.i.JtaPlatformInitiator       : HHH000490: Using JtaPlatform implementation: [org.hibernate.engine.transaction.jta.platform.internal.NoJtaPlatform]
2021-10-04 02:19:49.257  INFO 17756 --- [restartedMain] j.LocalContainerEntityManagerFactoryBean : Initialized JPA EntityManagerFactory for persistence unit 'default'
2021-10-04 02:19:49.317  WARN 17756 --- [restartedMain] JpaBaseConfiguration$JpaWebConfiguration : spring.jpa.open-in-view is enabled by default. Therefore, database queries may be performed during view rendering. Explicitly configure spring.jpa.open-in-view to disable this warning
2021-10-04 02:19:49.388  INFO 17756 --- [restartedMain] o.s.b.d.a.OptionalLiveReloadServer       : LiveReload server is running on port 35729
2021-10-04 02:19:49.396  INFO 17756 --- [restartedMain] o.s.b.w.embedded.tomcat.TomcatWebServer  : Tomcat started on port(s): 9944 (http) with context path ''
2021-10-04 02:19:49.400  INFO 17756 --- [restartedMain] com.krkgj.blogapi.BlogApiApplication     : Started BlogApiApplication in 0.618 seconds (JVM running for 1049.507)
2021-10-04 02:19:49.403  INFO 17756 --- [restartedMain] .ConditionEvaluationDeltaLoggingListener : Condition evaluation unchanged
2021-10-04 02:21:05.973  INFO 17756 --- [RMI TCP Connection(2)-127.0.0.1] inMXBeanRegistrar$SpringApplicationAdmin : Application shutdown requested.
2021-10-04 02:21:06.282  INFO 17756 --- [RMI TCP Connection(2)-127.0.0.1] j.LocalContainerEntityManagerFactoryBean : Closing JPA EntityManagerFactory for persistence unit 'default'
2021-10-04 02:21:06.283  INFO 17756 --- [RMI TCP Connection(2)-127.0.0.1] com.zaxxer.hikari.HikariDataSource       : HikariPool-14 - Shutdown initiated...
2021-10-04 02:21:06.286  INFO 17756 --- [RMI TCP Connection(2)-127.0.0.1] com.zaxxer.hikari.HikariDataSource       : HikariPool-14 - Shutdown completed.
